Node: m3-metal-renderer-skeleton
Agent: trevor-mac-orchestrator

Startup and qd state:
- git pull --rebase --autostash: passed on main before worktree creation.
- qd sync --from roadmap/qd-export.json --expect-clean: passed on main.
- qd doctor --strict: passed on main.
- just macos-bootstrap: passed on main.
- just macos-check: passed on main before claiming this node.
- qd ready --json: m3-metal-renderer-skeleton was ready and unclaimed.
- qd claim m3-metal-renderer-skeleton --agent trevor-mac-orchestrator --branch spec/m3-metal-renderer-skeleton: passed.
- qd worktree create m3-metal-renderer-skeleton --branch spec/m3-metal-renderer-skeleton: passed.
- qd export --out .qd/worktrees/m3-metal-renderer-skeleton/roadmap/qd-export.json --deterministic: passed after claim.
- qd migrate: initialized the worktree-local qd database after it was found empty.
- qd sync --from roadmap/qd-export.json: populated the worktree-local qd cache from the checked-in export.
- qd method acknowledge --agent trevor-mac-orchestrator: passed in the worktree.

Implementation and local validation:
- swiftformat apple --config apple/.swiftformat: passed; formatted the new Swift files.
- macOS environment capture: passed; see mac-env.txt for OS, hardware, Xcode, Swift, Tuist, SwiftFormat, and SwiftLint versions.
- tuist generate: passed; see tuist-generate.log.
- xcodebuild test -scheme MadobeMac -destination platform=macOS: passed; see xcodebuild.log. The MetalRenderTimingProbeTests testRendersValidationTestPatternWhenMetalIsAvailable case passed and wrote render-report.json.
- just macos-check: first run failed on SwiftLint force_unwrapping in MetalRenderTimingProbe.swift; fixed by replacing the force unwrap with an explicit optional check.
- xcodebuild test -scheme MadobeMac -destination platform=macOS: passed after the lint fix and regenerated render-report.json.
- just macos-check: passed; see macos-check.log. The gate ran Rust fmt/check/clippy, SwiftFormat, SwiftLint, Tuist generation, and Xcode tests. Xcode executed 16 tests with 0 failures, including MetalRenderTimingProbeTests.

Non-blocking warnings observed:
- xcodebuild reports multiple matching macOS destinations and selects the arm64 "My Mac" destination.
- appintentsmetadataprocessor reports metadata extraction skipped because no AppIntents.framework dependency is present.

Screenshot note:
- No GUI screenshot was captured in this noninteractive orchestration run to avoid committing a desktop capture. The visible app path is the MTKView-backed MetalTestPatternView wired into MadobeMacApp, and hardware render evidence is recorded in render-report.json.
