^D[1mcargo fmt --all -- --check[0m
[1mif command -v taplo >/dev/null 2>&1; then taplo fmt --check; fi[0m
[32m INFO[0m [1mtaplo[0m:[1mformat_files[0m:[1mload_config[0m: found configuration file [3mpath[0m[2m=[0m"/Users/trevor/Documents/GitHub/madobe/.qd/worktrees/m3-metal-renderer-skeleton/taplo.toml"
[32m INFO[0m [1mtaplo[0m:[1mformat_files[0m:[1mcollect_files[0m: found files [3mtotal[0m[2m=[0m22 [3mexcluded[0m[2m=[0m1 [3mfiles[0m[2m=[0m["/Users/trevor/Documents/GitHub/madobe/.qd/worktrees/m3-metal-renderer-skeleton/.config/nextest.toml", "/Users/trevor/Documents/GitHub/madobe/.qd/worktrees/m3-metal-renderer-skeleton/.mise.toml", "/Users/trevor/Documents/GitHub/madobe/.qd/worktrees/m3-metal-renderer-skeleton/Cargo.toml", "/Users/trevor/Documents/GitHub/madobe/.qd/worktrees/m3-metal-renderer-skeleton/apps/cli/Cargo.toml", "/Users/trevor/Documents/GitHub/madobe/.qd/worktrees/m3-metal-renderer-skeleton/apps/hostd/Cargo.toml", "/Users/trevor/Documents/GitHub/madobe/.qd/worktrees/m3-metal-renderer-skeleton/clippy.toml", "/Users/trevor/Documents/GitHub/madobe/.qd/worktrees/m3-metal-renderer-skeleton/crates/capture/Cargo.toml", "/Users/trevor/Documents/GitHub/madobe/.qd/worktrees/m3-metal-renderer-skeleton/crates/compositor/Cargo.toml", "/Users/trevor/Documents/GitHub/madobe/.qd/worktrees/m3-metal-renderer-skeleton/crates/encode/Cargo.toml", "/Users/trevor/Documents/GitHub/madobe/.qd/worktrees/m3-metal-renderer-skeleton/crates/encode-nv-sys/Cargo.toml", "/Users/trevor/Documents/GitHub/madobe/.qd/worktrees/m3-metal-renderer-skeleton/crates/hyprland/Cargo.toml", "/Users/trevor/Documents/GitHub/madobe/.qd/worktrees/m3-metal-renderer-skeleton/crates/protocol/Cargo.toml", "/Users/trevor/Documents/GitHub/madobe/.qd/worktrees/m3-metal-renderer-skeleton/crates/telemetry/Cargo.toml", "/Users/trevor/Documents/GitHub/madobe/.qd/worktrees/m3-metal-renderer-skeleton/crates/transport/Cargo.toml", "/Users/trevor/Documents/GitHub/madobe/.qd/worktrees/m3-metal-renderer-skeleton/deny.toml", "/Users/trevor/Documents/GitHub/madobe/.qd/worktrees/m3-metal-renderer-skeleton/lychee.toml", "/Users/trevor/Documents/GitHub/madobe/.qd/worktrees/m3-metal-renderer-skeleton/rustfmt.toml", "/Users/trevor/Documents/GitHub/madobe/.qd/worktrees/m3-metal-renderer-skeleton/supply-chain/audits.toml", "/Users/trevor/Documents/GitHub/madobe/.qd/worktrees/m3-metal-renderer-skeleton/supply-chain/config.toml", "/Users/trevor/Documents/GitHub/madobe/.qd/worktrees/m3-metal-renderer-skeleton/taplo.toml", "/Users/trevor/Documents/GitHub/madobe/.qd/worktrees/m3-metal-renderer-skeleton/typos.toml"] [2m[3mcwd[0m[2m=[0m"/Users/trevor/Documents/GitHub/madobe/.qd/worktrees/m3-metal-renderer-skeleton"[0m
[1mif command -v swiftformat >/dev/null 2>&1 && [ -d apple ]; then swiftformat --lint apple; fi[0m
Running SwiftFormat...
(lint mode - no files will be changed.)
Reading config file at /Users/trevor/Documents/GitHub/madobe/.qd/worktrees/m3-metal-renderer-skeleton/apple/.swiftformat
[32mSwiftFormat completed in 0.01s.[0m
0/16 files require formatting.
[1mif command -v shfmt >/dev/null 2>&1; then find . -path './.git' -prune -o -path './target' -prune -o -name '*.sh' -print0 | xargs -0 -r shfmt -d; fi[0m
[1mcargo check --workspace --all-targets --all-features[0m
    Finished `dev` profile [unoptimized + debuginfo] target(s) in 0.02s
[1mcargo clippy --workspace --all-targets --all-features -- -D warnings[0m
    Finished `dev` profile [unoptimized + debuginfo] target(s) in 0.02s
[1mif command -v typos >/dev/null 2>&1; then typos; fi[0m
[1mif command -v markdownlint-cli2 >/dev/null 2>&1; then markdownlint-cli2 "**/*.md"; fi[0m
[1mif command -v actionlint >/dev/null 2>&1; then actionlint .github/workflows/*.yml; fi[0m
[1mif command -v swiftlint >/dev/null 2>&1 && [ -d apple ]; then swiftlint lint --strict --config apple/.swiftlint.yml; fi[0m
Linting Swift files in current working directory
Linting 'MadobeMacApp.swift' (1/15)
Linting 'VideoReceiveQueue.swift' (2/15)
Linting 'MetalTestPatternView.swift' (3/15)
Linting 'VideoToolboxAV1DecodeCore.swift' (4/15)
Linting 'IVFAV1Sample.swift' (5/15)
Linting 'EncodedVideoFrameMetadata.swift' (6/15)
Linting 'VideoToolboxAV1SampleDecoder.swift' (7/15)
Linting 'VideoToolboxCapabilityProbe.swift' (8/15)
Linting 'MadobeIdentity.swift' (9/15)
Linting 'MetalRenderTimingProbe.swift' (10/15)
Linting 'MadobeClientCoreTests.swift' (11/15)
Linting 'VideoReceiveQueueTests.swift' (12/15)
Linting 'MetalRenderTimingProbeTests.swift' (13/15)
Linting 'VideoToolboxAV1SampleDecoderTests.swift' (14/15)
Linting 'VideoToolboxCapabilityProbeTests.swift' (15/15)
Done linting! Found 0 violations, 0 serious in 15 files.
[1mjust lint-lines[0m
[1mmax=500; status=0; while IFS= read -r -d '' file; do lines="$(wc -l < "$file")"; if [ "$lines" -gt "$max" ]; then printf '%s has %s lines; max is %s\n' "$file" "$lines" "$max"; status=1; fi; done < <(find . -path './.git' -prune -o -path './.qd/qd.db*' -prune -o -path './.qd/worktrees' -prune -o -path './target' -prune -o -path './apple/*.xcodeproj' -prune -o -path './apple/*.xcworkspace' -prune -o -path './docs/PRD.md' -prune -o -path './roadmap/qd-export.json' -prune -o -name 'Cargo.lock' -prune -o -name 'LICENSE-*' -prune -o -type f \( -name '*.rs' -o -name '*.swift' -o -name '*.toml' -o -name '*.md' -o -name '*.yml' -o -name '*.yaml' -o -name '*.json' -o -name '*.nix' -o -name 'justfile' -o -name '*.sh' \) -print0); exit "$status"[0m
[1mif [ "$(uname -s)" != Darwin ]; then echo "tuist generation skipped outside macOS"; else cd apple && if command -v tuist >/dev/null 2>&1; then tuist generate; elif command -v mise >/dev/null 2>&1; then mise exec -- tuist generate; else echo "tuist missing; run just macos-bootstrap"; exit 127; fi; fi[0m
Loading and constructing the graph
It might take a while if the cache is empty
Using cache binaries for the following targets:
Generating workspace MadobeMac.xcworkspace
Generating project MadobeMac
Total time taken: 0.093s
✔ Success
  Project generated.
[1mif [ "$(uname -s)" != Darwin ]; then echo "apple tests skipped outside macOS"; else cd apple && { if command -v tuist >/dev/null 2>&1; then tuist generate; elif command -v mise >/dev/null 2>&1; then mise exec -- tuist generate; else echo "tuist missing; run just macos-bootstrap"; exit 127; fi; } && xcodebuild test -scheme MadobeMac -destination 'platform=macOS'; fi[0m
Loading and constructing the graph
It might take a while if the cache is empty
Using cache binaries for the following targets:
Generating workspace MadobeMac.xcworkspace
Generating project MadobeMac
Total time taken: 0.144s
✔ Success
  Project generated.
Command line invocation:
    /Applications/Xcode.app/Contents/Developer/usr/bin/xcodebuild test -scheme MadobeMac -destination platform=macOS

--- xcodebuild: WARNING: Using the first of multiple matching destinations:
{ platform:macOS, arch:arm64, id:00008142-000A31A622C2401C, name:My Mac }
{ platform:macOS, arch:x86_64, id:00008142-000A31A622C2401C, name:My Mac }
ComputePackagePrebuildTargetDependencyGraph

Prepare packages

CreateBuildRequest

SendProjectDescription

CreateBuildOperation

ComputeTargetDependencyGraph
note: Building targets in dependency order
note: Target dependency graph (3 targets)
    Target 'MadobeClientCoreTests' in project 'MadobeMac'
        ➜ Explicit dependency on target 'MadobeClientCore' in project 'MadobeMac'
    Target 'MadobeMac' in project 'MadobeMac'
        ➜ Explicit dependency on target 'MadobeClientCore' in project 'MadobeMac'
    Target 'MadobeClientCore' in project 'MadobeMac' (no dependencies)

GatherProvisioningInputs

CreateBuildDescription

ClangStatCache /Applications/Xcode.app/Contents/Developer/Toolchains/XcodeDefault.xctoolchain/usr/bin/clang-stat-cache /Applications/Xcode.app/Contents/Developer/Platforms/MacOSX.platform/Developer/SDKs/MacOSX26.2.sdk /Users/trevor/Library/Developer/Xcode/DerivedData/SDKStatCaches.noindex/macosx26.2-25C57-dc75598d0054f22ec865fa860f139d7200fa09913b459cbbc988d1f6730289ae.sdkstatcache
    cd /Users/trevor/Documents/GitHub/madobe/.qd/worktrees/m3-metal-renderer-skeleton/apple/MadobeMac.xcodeproj
    /Applications/Xcode.app/Contents/Developer/Toolchains/XcodeDefault.xctoolchain/usr/bin/clang-stat-cache /Applications/Xcode.app/Contents/Developer/Platforms/MacOSX.platform/Developer/SDKs/MacOSX26.2.sdk -o /Users/trevor/Library/Developer/Xcode/DerivedData/SDKStatCaches.noindex/macosx26.2-25C57-dc75598d0054f22ec865fa860f139d7200fa09913b459cbbc988d1f6730289ae.sdkstatcache

ProcessInfoPlistFile /Users/trevor/Library/Developer/Xcode/DerivedData/MadobeMac-ffglijnczylzrbamtldizadogcsu/Build/Products/Debug/MadobeClientCore.framework/Versions/A/Resources/Info.plist /Users/trevor/Documents/GitHub/madobe/.qd/worktrees/m3-metal-renderer-skeleton/apple/Derived/InfoPlists/MadobeClientCore-Info.plist (in target 'MadobeClientCore' from project 'MadobeMac')
    cd /Users/trevor/Documents/GitHub/madobe/.qd/worktrees/m3-metal-renderer-skeleton/apple
    builtin-infoPlistUtility /Users/trevor/Documents/GitHub/madobe/.qd/worktrees/m3-metal-renderer-skeleton/apple/Derived/InfoPlists/MadobeClientCore-Info.plist -producttype com.apple.product-type.framework -expandbuildsettings -platform macosx -o /Users/trevor/Library/Developer/Xcode/DerivedData/MadobeMac-ffglijnczylzrbamtldizadogcsu/Build/Products/Debug/MadobeClientCore.framework/Versions/A/Resources/Info.plist

ProcessInfoPlistFile /Users/trevor/Library/Developer/Xcode/DerivedData/MadobeMac-ffglijnczylzrbamtldizadogcsu/Build/Products/Debug/MadobeClientCoreTests.xctest/Contents/Info.plist /Users/trevor/Documents/GitHub/madobe/.qd/worktrees/m3-metal-renderer-skeleton/apple/Derived/InfoPlists/MadobeClientCoreTests-Info.plist (in target 'MadobeClientCoreTests' from project 'MadobeMac')
    cd /Users/trevor/Documents/GitHub/madobe/.qd/worktrees/m3-metal-renderer-skeleton/apple
    builtin-infoPlistUtility /Users/trevor/Documents/GitHub/madobe/.qd/worktrees/m3-metal-renderer-skeleton/apple/Derived/InfoPlists/MadobeClientCoreTests-Info.plist -producttype com.apple.product-type.bundle.unit-test -expandbuildsettings -platform macosx -o /Users/trevor/Library/Developer/Xcode/DerivedData/MadobeMac-ffglijnczylzrbamtldizadogcsu/Build/Products/Debug/MadobeClientCoreTests.xctest/Contents/Info.plist

ProcessInfoPlistFile /Users/trevor/Library/Developer/Xcode/DerivedData/MadobeMac-ffglijnczylzrbamtldizadogcsu/Build/Products/Debug/MadobeMac.app/Contents/Info.plist /Users/trevor/Documents/GitHub/madobe/.qd/worktrees/m3-metal-renderer-skeleton/apple/Derived/InfoPlists/MadobeMac-Info.plist (in target 'MadobeMac' from project 'MadobeMac')
    cd /Users/trevor/Documents/GitHub/madobe/.qd/worktrees/m3-metal-renderer-skeleton/apple
    builtin-infoPlistUtility /Users/trevor/Documents/GitHub/madobe/.qd/worktrees/m3-metal-renderer-skeleton/apple/Derived/InfoPlists/MadobeMac-Info.plist -producttype com.apple.product-type.application -genpkginfo /Users/trevor/Library/Developer/Xcode/DerivedData/MadobeMac-ffglijnczylzrbamtldizadogcsu/Build/Products/Debug/MadobeMac.app/Contents/PkgInfo -expandbuildsettings -platform macosx -scanforprivacyfile /Users/trevor/Library/Developer/Xcode/DerivedData/MadobeMac-ffglijnczylzrbamtldizadogcsu/Build/Products/Debug/MadobeMac.app/Contents/Frameworks/MadobeClientCore.framework -o /Users/trevor/Library/Developer/Xcode/DerivedData/MadobeMac-ffglijnczylzrbamtldizadogcsu/Build/Products/Debug/MadobeMac.app/Contents/Info.plist

Testing started
Test Suite 'All tests' started at 2026-07-03 22:19:33.950.
Test Suite 'MadobeClientCoreTests.xctest' started at 2026-07-03 22:19:33.950.
Test Suite 'MadobeClientCoreTests' started at 2026-07-03 22:19:33.950.
Test Case '-[MadobeClientCoreTests.MadobeClientCoreTests testEncodedVideoFrameFixtureMatchesRustGoldenVector]' started.
Test Case '-[MadobeClientCoreTests.MadobeClientCoreTests testEncodedVideoFrameFixtureMatchesRustGoldenVector]' passed (0.517 seconds).
Test Case '-[MadobeClientCoreTests.MadobeClientCoreTests testEncodedVideoFramePayloadHashMismatchChangesSemantics]' started.
Test Case '-[MadobeClientCoreTests.MadobeClientCoreTests testEncodedVideoFramePayloadHashMismatchChangesSemantics]' passed (0.004 seconds).
Test Case '-[MadobeClientCoreTests.MadobeClientCoreTests testEncodedVideoFrameRejectsUnknownCodecFixtureMismatch]' started.
Test Case '-[MadobeClientCoreTests.MadobeClientCoreTests testEncodedVideoFrameRejectsUnknownCodecFixtureMismatch]' passed (0.003 seconds).
Test Case '-[MadobeClientCoreTests.MadobeClientCoreTests testIdentityMatchesRustBootstrapProof]' started.
Test Case '-[MadobeClientCoreTests.MadobeClientCoreTests testIdentityMatchesRustBootstrapProof]' passed (0.001 seconds).
Test Suite 'MadobeClientCoreTests' passed at 2026-07-03 22:19:34.479.
	 Executed 4 tests, with 0 failures (0 unexpected) in 0.525 (0.528) seconds
Test Suite 'MetalRenderTimingProbeTests' started at 2026-07-03 22:19:34.479.
Test Case '-[MadobeClientCoreTests.MetalRenderTimingProbeTests testRendersValidationTestPatternWhenMetalIsAvailable]' started.
Test Case '-[MadobeClientCoreTests.MetalRenderTimingProbeTests testRendersValidationTestPatternWhenMetalIsAvailable]' passed (0.028 seconds).
Test Case '-[MadobeClientCoreTests.MetalRenderTimingProbeTests testRenderTimingReportJSONIsStableAndDecodable]' started.
Test Case '-[MadobeClientCoreTests.MetalRenderTimingProbeTests testRenderTimingReportJSONIsStableAndDecodable]' passed (0.001 seconds).
Test Suite 'MetalRenderTimingProbeTests' passed at 2026-07-03 22:19:34.509.
	 Executed 2 tests, with 0 failures (0 unexpected) in 0.029 (0.030) seconds
Test Suite 'VideoReceiveQueueTests' started at 2026-07-03 22:19:34.509.
Test Case '-[MadobeClientCoreTests.VideoReceiveQueueTests testAcceptsAndDequeuesValidFrame]' started.
Test Case '-[MadobeClientCoreTests.VideoReceiveQueueTests testAcceptsAndDequeuesValidFrame]' passed (0.001 seconds).
Test Case '-[MadobeClientCoreTests.VideoReceiveQueueTests testQueueDepthOneDropsStaleReadyFrame]' started.
Test Case '-[MadobeClientCoreTests.VideoReceiveQueueTests testQueueDepthOneDropsStaleReadyFrame]' passed (0.001 seconds).
Test Case '-[MadobeClientCoreTests.VideoReceiveQueueTests testRejectsPayloadByteCountMismatch]' started.
Test Case '-[MadobeClientCoreTests.VideoReceiveQueueTests testRejectsPayloadByteCountMismatch]' passed (0.001 seconds).
Test Case '-[MadobeClientCoreTests.VideoReceiveQueueTests testRejectsPayloadHashMismatch]' started.
Test Case '-[MadobeClientCoreTests.VideoReceiveQueueTests testRejectsPayloadHashMismatch]' passed (0.001 seconds).
Test Case '-[MadobeClientCoreTests.VideoReceiveQueueTests testTimelineJSONIsStableAndDecodable]' started.
Test Case '-[MadobeClientCoreTests.VideoReceiveQueueTests testTimelineJSONIsStableAndDecodable]' passed (0.001 seconds).
Test Suite 'VideoReceiveQueueTests' passed at 2026-07-03 22:19:34.514.
	 Executed 5 tests, with 0 failures (0 unexpected) in 0.004 (0.006) seconds
Test Suite 'VideoToolboxAV1SampleDecoderTests' started at 2026-07-03 22:19:34.515.
Test Case '-[MadobeClientCoreTests.VideoToolboxAV1SampleDecoderTests testDecodeReportJSONIsStableAndDecodable]' started.
Test Case '-[MadobeClientCoreTests.VideoToolboxAV1SampleDecoderTests testDecodeReportJSONIsStableAndDecodable]' passed (0.001 seconds).
Test Case '-[MadobeClientCoreTests.VideoToolboxAV1SampleDecoderTests testDecodesLinuxAV1IVFSampleWhenHardwareAvailable]' started.
Test Case '-[MadobeClientCoreTests.VideoToolboxAV1SampleDecoderTests testDecodesLinuxAV1IVFSampleWhenHardwareAvailable]' passed (0.058 seconds).
Test Case '-[MadobeClientCoreTests.VideoToolboxAV1SampleDecoderTests testParsesLinuxAV1IVFSample]' started.
Test Case '-[MadobeClientCoreTests.VideoToolboxAV1SampleDecoderTests testParsesLinuxAV1IVFSample]' passed (0.000 seconds).
Test Suite 'VideoToolboxAV1SampleDecoderTests' passed at 2026-07-03 22:19:34.575.
	 Executed 3 tests, with 0 failures (0 unexpected) in 0.059 (0.060) seconds
Test Suite 'VideoToolboxCapabilityProbeTests' started at 2026-07-03 22:19:34.575.
Test Case '-[MadobeClientCoreTests.VideoToolboxCapabilityProbeTests testJSONReportIsStableAndDecodable]' started.
Test Case '-[MadobeClientCoreTests.VideoToolboxCapabilityProbeTests testJSONReportIsStableAndDecodable]' passed (0.000 seconds).
Test Case '-[MadobeClientCoreTests.VideoToolboxCapabilityProbeTests testReportIncludesRuntimeAV1Capability]' started.
Test Case '-[MadobeClientCoreTests.VideoToolboxCapabilityProbeTests testReportIncludesRuntimeAV1Capability]' passed (0.000 seconds).
Test Suite 'VideoToolboxCapabilityProbeTests' passed at 2026-07-03 22:19:34.576.
	 Executed 2 tests, with 0 failures (0 unexpected) in 0.001 (0.001) seconds
Test Suite 'MadobeClientCoreTests.xctest' passed at 2026-07-03 22:19:34.576.
	 Executed 16 tests, with 0 failures (0 unexpected) in 0.618 (0.626) seconds
Test Suite 'All tests' passed at 2026-07-03 22:19:34.576.
	 Executed 16 tests, with 0 failures (0 unexpected) in 0.618 (0.626) seconds
2026-07-03 22:19:34.856 xcodebuild[23210:460342697] [MT] IDETestOperationsObserverDebug: 1.215 elapsed -- Testing started completed.
2026-07-03 22:19:34.856 xcodebuild[23210:460342697] [MT] IDETestOperationsObserverDebug: 0.000 sec, +0.000 sec -- start
2026-07-03 22:19:34.856 xcodebuild[23210:460342697] [MT] IDETestOperationsObserverDebug: 1.215 sec, +1.215 sec -- end

Test session results, code coverage, and logs:
	/Users/trevor/Library/Developer/Xcode/DerivedData/MadobeMac-ffglijnczylzrbamtldizadogcsu/Logs/Test/Test-MadobeMac-2026.07.03_22-19-33--0500.xcresult

** TEST SUCCEEDED **
