$ qd node show m4-qd-blocker-report-contract --full
{
  "node": {
    "id": "m4-qd-blocker-report-contract",
    "title": "Validate qd blocker report files",
    "kind": "infra",
    "milestone": "M4-integrated-video-path",
    "status": "claimed",
    "priority": "P2",
    "estimate_points": 1,
    "risk": "low",
    "owner": "trevor-linux-orchestrator",
    "branch": "spec/m4-qd-blocker-report-contract",
    "spec": "Extend the qd report checker so reports/qd/<node-id>/blocker.md files are validated as first-class qd evidence. Blocker reports must map to existing qd nodes, distinguish active blocked-node blockers from historical done-node blockers, and include the platform, failed operation, missing condition, evidence path, and unblock path needed for another orchestrator to act.",
    "acceptance": "just qd-reports-check validates every reports/qd/<node-id>/blocker.md file\nBlocker report paths must map to an existing qd node id in roadmap/qd-export.json\nActive blocker reports for blocked nodes must include node id, platform, failed command or operation, missing condition, evidence path, and unblock path\nBlocker reports for done nodes must explicitly mark themselves superseded or historical so stale blockers cannot look current\nFocused negative smokes prove malformed blocker reports are rejected\nExisting blocker reports pass after minimal wording normalization\nNo product runtime, capture, encode, transport, decode, render, presentation, cross-device, latency, Mac hardware, workflow dispatch, or live credentials are required",
    "validation": null,
    "context": "platform:linux\nowner:linux-orchestrator\nvalidation:qd-report-check",
    "created_at": "2026-07-05T17:29:21.532Z",
    "updated_at": "2026-07-05T17:29:30.681Z",
    "claimed_at": "2026-07-05T17:29:30.681Z",
    "done_at": null,
    "group_name": null,
    "status_reason": null,
    "check_command": null,
    "ci_command": null,
    "blocked_by": null,
    "blocked_reason": null,
    "blocked_owner": null,
    "projects": [],
    "verification": [],
    "audit_focus": []
  },
  "findings": [],
  "notes": [],
  "runs": [],
  "audits": []
}

$ just qd-reports-check
bash scripts/qd-reports-check.sh
qd report check: validated 114 completion report(s), 114 audit report(s), and 6 blocker report(s)

$ git diff --check

$ nix develop -c just check
warning: Git tree '/home/trevor/projects/madobe/.qd/worktrees/m4-qd-blocker-report-contract' is dirty
error:
       … while fetching the input 'git+file:///home/trevor/projects/madobe/.qd/worktrees/m4-qd-blocker-report-contract'

       error: executing SQLite statement 'insert or replace into Cache(domain, key, value, timestamp) values ('gitLastModified', '{"rev":"892f38db0a51585702f3dd7bb692606621360783"}', '{"lastModified":1783272192}', 1783273022)': attempt to write a readonly database, attempt to write a readonly database (in '/home/trevor/.cache/nix/fetcher-cache-v4.sqlite')

$ nix develop -c just check # rerun with writable Nix cache
warning: Git tree '/home/trevor/projects/madobe/.qd/worktrees/m4-qd-blocker-report-contract' is dirty
madobe dev shell: use 'just --list' to see commands
cargo fmt --all -- --check
if [ "$(uname -s)" = Darwin ] && ! command -v taplo >/dev/null 2>&1; then echo "taplo skipped outside Linux/Nix"; else just require-tool taplo; taplo fmt --check; fi
command -v "taplo" >/dev/null 2>&1 || { echo "required tool missing: taplo; run inside nix develop"; exit 127; }
 INFO taplo:format_files:load_config: found configuration file path="/home/trevor/projects/madobe/.qd/worktrees/m4-qd-blocker-report-contract/taplo.toml"
 INFO taplo:format_files:collect_files: found files total=22 excluded=1 files=["/home/trevor/projects/madobe/.qd/worktrees/m4-qd-blocker-report-contract/.config/nextest.toml", "/home/trevor/projects/madobe/.qd/worktrees/m4-qd-blocker-report-contract/.mise.toml", "/home/trevor/projects/madobe/.qd/worktrees/m4-qd-blocker-report-contract/Cargo.toml", "/home/trevor/projects/madobe/.qd/worktrees/m4-qd-blocker-report-contract/apps/cli/Cargo.toml", "/home/trevor/projects/madobe/.qd/worktrees/m4-qd-blocker-report-contract/apps/hostd/Cargo.toml", "/home/trevor/projects/madobe/.qd/worktrees/m4-qd-blocker-report-contract/clippy.toml", "/home/trevor/projects/madobe/.qd/worktrees/m4-qd-blocker-report-contract/crates/capture/Cargo.toml", "/home/trevor/projects/madobe/.qd/worktrees/m4-qd-blocker-report-contract/crates/compositor/Cargo.toml", "/home/trevor/projects/madobe/.qd/worktrees/m4-qd-blocker-report-contract/crates/encode/Cargo.toml", "/home/trevor/projects/madobe/.qd/worktrees/m4-qd-blocker-report-contract/crates/encode-nv-sys/Cargo.toml", "/home/trevor/projects/madobe/.qd/worktrees/m4-qd-blocker-report-contract/crates/hyprland/Cargo.toml", "/home/trevor/projects/madobe/.qd/worktrees/m4-qd-blocker-report-contract/crates/protocol/Cargo.toml", "/home/trevor/projects/madobe/.qd/worktrees/m4-qd-blocker-report-contract/crates/telemetry/Cargo.toml", "/home/trevor/projects/madobe/.qd/worktrees/m4-qd-blocker-report-contract/crates/transport/Cargo.toml", "/home/trevor/projects/madobe/.qd/worktrees/m4-qd-blocker-report-contract/deny.toml", "/home/trevor/projects/madobe/.qd/worktrees/m4-qd-blocker-report-contract/lychee.toml", "/home/trevor/projects/madobe/.qd/worktrees/m4-qd-blocker-report-contract/rustfmt.toml", "/home/trevor/projects/madobe/.qd/worktrees/m4-qd-blocker-report-contract/supply-chain/audits.toml", "/home/trevor/projects/madobe/.qd/worktrees/m4-qd-blocker-report-contract/supply-chain/config.toml", "/home/trevor/projects/madobe/.qd/worktrees/m4-qd-blocker-report-contract/taplo.toml", "/home/trevor/projects/madobe/.qd/worktrees/m4-qd-blocker-report-contract/typos.toml"] cwd="/home/trevor/projects/madobe/.qd/worktrees/m4-qd-blocker-report-contract"
if [ "$(uname -s)" = Darwin ] && ! command -v shfmt >/dev/null 2>&1; then echo "shfmt skipped outside Linux/Nix"; else just require-tool shfmt; find . -path './.git' -prune -o -path './target' -prune -o -name '*.sh' -print0 | xargs -0 -r shfmt -d; fi
command -v "shfmt" >/dev/null 2>&1 || { echo "required tool missing: shfmt; run inside nix develop"; exit 127; }
diff ./scripts/qd-report-check/blocker.sh.orig ./scripts/qd-report-check/blocker.sh
--- ./scripts/qd-report-check/blocker.sh.orig
+++ ./scripts/qd-report-check/blocker.sh
@@ -16,15 +16,15 @@
 
   status=$(blocker_node_status "$node_id")
   case "$status" in
-    blocked)
-      validate_active_blocker "$file" "$node_id"
-      ;;
-    done)
-      validate_historical_blocker "$file"
-      ;;
-    *)
-      report_error "$file" "blocker reports are only valid for blocked nodes or done nodes with historical context: node status is $status"
-      ;;
+  blocked)
+    validate_active_blocker "$file" "$node_id"
+    ;;
+  done)
+    validate_historical_blocker "$file"
+    ;;
+  *)
+    report_error "$file" "blocker reports are only valid for blocked nodes or done nodes with historical context: node status is $status"
+    ;;
   esac
 }
 
error: recipe `fmt` failed on line 14 with exit code 123

$ just qd-reports-check # after shfmt fix
bash scripts/qd-reports-check.sh
qd report check: validated 114 completion report(s), 114 audit report(s), and 6 blocker report(s)

$ git diff --check # after shfmt fix

$ nix develop -c just check # after shfmt fix
warning: Git tree '/home/trevor/projects/madobe/.qd/worktrees/m4-qd-blocker-report-contract' is dirty
madobe dev shell: use 'just --list' to see commands
cargo fmt --all -- --check
if [ "$(uname -s)" = Darwin ] && ! command -v taplo >/dev/null 2>&1; then echo "taplo skipped outside Linux/Nix"; else just require-tool taplo; taplo fmt --check; fi
command -v "taplo" >/dev/null 2>&1 || { echo "required tool missing: taplo; run inside nix develop"; exit 127; }
 INFO taplo:format_files:load_config: found configuration file path="/home/trevor/projects/madobe/.qd/worktrees/m4-qd-blocker-report-contract/taplo.toml"
 INFO taplo:format_files:collect_files: found files total=22 excluded=1 files=["/home/trevor/projects/madobe/.qd/worktrees/m4-qd-blocker-report-contract/.config/nextest.toml", "/home/trevor/projects/madobe/.qd/worktrees/m4-qd-blocker-report-contract/.mise.toml", "/home/trevor/projects/madobe/.qd/worktrees/m4-qd-blocker-report-contract/Cargo.toml", "/home/trevor/projects/madobe/.qd/worktrees/m4-qd-blocker-report-contract/apps/cli/Cargo.toml", "/home/trevor/projects/madobe/.qd/worktrees/m4-qd-blocker-report-contract/apps/hostd/Cargo.toml", "/home/trevor/projects/madobe/.qd/worktrees/m4-qd-blocker-report-contract/clippy.toml", "/home/trevor/projects/madobe/.qd/worktrees/m4-qd-blocker-report-contract/crates/capture/Cargo.toml", "/home/trevor/projects/madobe/.qd/worktrees/m4-qd-blocker-report-contract/crates/compositor/Cargo.toml", "/home/trevor/projects/madobe/.qd/worktrees/m4-qd-blocker-report-contract/crates/encode/Cargo.toml", "/home/trevor/projects/madobe/.qd/worktrees/m4-qd-blocker-report-contract/crates/encode-nv-sys/Cargo.toml", "/home/trevor/projects/madobe/.qd/worktrees/m4-qd-blocker-report-contract/crates/hyprland/Cargo.toml", "/home/trevor/projects/madobe/.qd/worktrees/m4-qd-blocker-report-contract/crates/protocol/Cargo.toml", "/home/trevor/projects/madobe/.qd/worktrees/m4-qd-blocker-report-contract/crates/telemetry/Cargo.toml", "/home/trevor/projects/madobe/.qd/worktrees/m4-qd-blocker-report-contract/crates/transport/Cargo.toml", "/home/trevor/projects/madobe/.qd/worktrees/m4-qd-blocker-report-contract/deny.toml", "/home/trevor/projects/madobe/.qd/worktrees/m4-qd-blocker-report-contract/lychee.toml", "/home/trevor/projects/madobe/.qd/worktrees/m4-qd-blocker-report-contract/rustfmt.toml", "/home/trevor/projects/madobe/.qd/worktrees/m4-qd-blocker-report-contract/supply-chain/audits.toml", "/home/trevor/projects/madobe/.qd/worktrees/m4-qd-blocker-report-contract/supply-chain/config.toml", "/home/trevor/projects/madobe/.qd/worktrees/m4-qd-blocker-report-contract/taplo.toml", "/home/trevor/projects/madobe/.qd/worktrees/m4-qd-blocker-report-contract/typos.toml"] cwd="/home/trevor/projects/madobe/.qd/worktrees/m4-qd-blocker-report-contract"
if [ "$(uname -s)" = Darwin ] && ! command -v shfmt >/dev/null 2>&1; then echo "shfmt skipped outside Linux/Nix"; else just require-tool shfmt; find . -path './.git' -prune -o -path './target' -prune -o -name '*.sh' -print0 | xargs -0 -r shfmt -d; fi
command -v "shfmt" >/dev/null 2>&1 || { echo "required tool missing: shfmt; run inside nix develop"; exit 127; }
just qd-reports-check
bash scripts/qd-reports-check.sh
qd report check: validated 114 completion report(s), 114 audit report(s), and 6 blocker report(s)
just qd-ready-queue-check
bash scripts/qd-ready-queue-check.sh
qd ready queue check
source: /home/trevor/projects/madobe/.qd/worktrees/m4-qd-blocker-report-contract/roadmap/qd-export.json
selection_source: qd ready --json is authoritative for assignment; raw export status is diagnostic
raw_ready_count: 4
assignable_ready_count: 0
held_ready_count: 4

Raw ready-status nodes:
- m4-audit [ready] Audit M4 integrated video path
- m4-cross-device-latency-instrumentation [ready] Measure cross-device frame latency
- m4-received-sample-metal-presentation [ready] Render and present a received decoded sample with Metal
- m4-received-sample-videotoolbox-decode [ready] Decode a received network sample with VideoToolbox

Assignable ready nodes (all transitive requires prerequisites done):
- none

Held ready-status nodes:
- m4-audit held by nearest non-done m4-cross-device-latency-instrumentation [ready] distance=1; nearest blocked m4-product-quic-cross-device-smoke [blocked] distance=1; blocked_by=external-dependency; blocked_reason=Waiting for Mac orchestrator to run product QUIC receiver on LAN and publish receiver certificate/artifacts for Linux sender validation; status_reason=[2026-07-04T05:31:21.804Z] Blocked by external-dependency: Waiting for Mac orchestrator to run product QUIC receiver on LAN and publish receiver certificate/artifacts for Linux sender validation Needed: Pull spec/m4-product-quic-cross-device-smoke, run madobectl product-quic-smoke receive on the Mac LAN address, and publish macos-receiver/server-cert.der plus receiver evidence
- m4-cross-device-latency-instrumentation held by nearest non-done m4-received-sample-metal-presentation [ready] distance=1; blocker_reason=none
- m4-received-sample-metal-presentation held by nearest non-done m4-received-sample-videotoolbox-decode [ready] distance=1; blocker_reason=none
- m4-received-sample-videotoolbox-decode held by nearest non-done m4-product-quic-cross-device-smoke [blocked] distance=1; nearest blocked m4-product-quic-cross-device-smoke [blocked] distance=1; blocked_by=external-dependency; blocked_reason=Waiting for Mac orchestrator to run product QUIC receiver on LAN and publish receiver certificate/artifacts for Linux sender validation; status_reason=[2026-07-04T05:31:21.804Z] Blocked by external-dependency: Waiting for Mac orchestrator to run product QUIC receiver on LAN and publish receiver certificate/artifacts for Linux sender validation Needed: Pull spec/m4-product-quic-cross-device-smoke, run madobectl product-quic-smoke receive on the Mac LAN address, and publish macos-receiver/server-cert.der plus receiver evidence
just cross-device-result-check
bash scripts/cross-device-result-check.sh 
cross-device result check: validated crates/protocol/fixtures/m3-cross-device-video-smoke/result.json and negative fixtures
just product-quic-result-check
bash scripts/product-quic-result-check.sh 
product quic result check: validated crates/protocol/fixtures/m4-product-quic-smoke/result.json and negative fixtures
just pin-hygiene-check
bash scripts/pin-hygiene-check.sh
pin hygiene check: passed
just pr-template-check
bash scripts/pr-template-check.sh
pr template check: passed
just workflow-contract-check
bash scripts/workflow-contract-check.sh
workflow contract check: passed
just dependabot-contract-check
bash scripts/dependabot-contract-check.sh
dependabot contract check: passed
cargo check --workspace --all-targets --all-features
    Checking madobe-compositor v0.1.0 (/home/trevor/projects/madobe/.qd/worktrees/m4-qd-blocker-report-contract/crates/compositor)
    Checking madobe-protocol v0.1.0 (/home/trevor/projects/madobe/.qd/worktrees/m4-qd-blocker-report-contract/crates/protocol)
    Checking madobe-telemetry v0.1.0 (/home/trevor/projects/madobe/.qd/worktrees/m4-qd-blocker-report-contract/crates/telemetry)
    Checking madobe-encode-nv-sys v0.1.0 (/home/trevor/projects/madobe/.qd/worktrees/m4-qd-blocker-report-contract/crates/encode-nv-sys)
    Checking madobe-capture v0.1.0 (/home/trevor/projects/madobe/.qd/worktrees/m4-qd-blocker-report-contract/crates/capture)
    Checking madobe-encode v0.1.0 (/home/trevor/projects/madobe/.qd/worktrees/m4-qd-blocker-report-contract/crates/encode)
    Checking madobe-transport v0.1.0 (/home/trevor/projects/madobe/.qd/worktrees/m4-qd-blocker-report-contract/crates/transport)
    Checking madobe-hyprland v0.1.0 (/home/trevor/projects/madobe/.qd/worktrees/m4-qd-blocker-report-contract/crates/hyprland)
    Checking hostd v0.1.0 (/home/trevor/projects/madobe/.qd/worktrees/m4-qd-blocker-report-contract/apps/hostd)
    Checking madobectl v0.1.0 (/home/trevor/projects/madobe/.qd/worktrees/m4-qd-blocker-report-contract/apps/cli)
    Finished `dev` profile [unoptimized + debuginfo] target(s) in 1.15s
cargo clippy --workspace --all-targets --all-features -- -D warnings
    Checking madobe-compositor v0.1.0 (/home/trevor/projects/madobe/.qd/worktrees/m4-qd-blocker-report-contract/crates/compositor)
    Checking madobe-protocol v0.1.0 (/home/trevor/projects/madobe/.qd/worktrees/m4-qd-blocker-report-contract/crates/protocol)
    Checking madobe-telemetry v0.1.0 (/home/trevor/projects/madobe/.qd/worktrees/m4-qd-blocker-report-contract/crates/telemetry)
    Checking madobe-encode-nv-sys v0.1.0 (/home/trevor/projects/madobe/.qd/worktrees/m4-qd-blocker-report-contract/crates/encode-nv-sys)
    Checking madobe-capture v0.1.0 (/home/trevor/projects/madobe/.qd/worktrees/m4-qd-blocker-report-contract/crates/capture)
    Checking madobe-encode v0.1.0 (/home/trevor/projects/madobe/.qd/worktrees/m4-qd-blocker-report-contract/crates/encode)
    Checking madobe-hyprland v0.1.0 (/home/trevor/projects/madobe/.qd/worktrees/m4-qd-blocker-report-contract/crates/hyprland)
    Checking hostd v0.1.0 (/home/trevor/projects/madobe/.qd/worktrees/m4-qd-blocker-report-contract/apps/hostd)
    Checking madobe-transport v0.1.0 (/home/trevor/projects/madobe/.qd/worktrees/m4-qd-blocker-report-contract/crates/transport)
    Checking madobectl v0.1.0 (/home/trevor/projects/madobe/.qd/worktrees/m4-qd-blocker-report-contract/apps/cli)
    Finished `dev` profile [unoptimized + debuginfo] target(s) in 0.79s
if [ "$(uname -s)" = Darwin ] && ! command -v shellcheck >/dev/null 2>&1; then echo "shellcheck skipped outside Linux/Nix"; else just require-tool shellcheck; git ls-files -- '*.sh' | while IFS= read -r shell_file; do shellcheck "$shell_file"; done; fi
command -v "shellcheck" >/dev/null 2>&1 || { echo "required tool missing: shellcheck; run inside nix develop"; exit 127; }
if [ "$(uname -s)" = Darwin ] && ! command -v typos >/dev/null 2>&1; then echo "typos skipped outside Linux/Nix"; else just require-tool typos; typos; fi
command -v "typos" >/dev/null 2>&1 || { echo "required tool missing: typos; run inside nix develop"; exit 127; }
if [ "$(uname -s)" = Darwin ] && ! command -v markdownlint-cli2 >/dev/null 2>&1; then echo "markdownlint-cli2 skipped outside Linux/Nix"; else just require-tool markdownlint-cli2; markdownlint-cli2 "**/*.md"; fi
command -v "markdownlint-cli2" >/dev/null 2>&1 || { echo "required tool missing: markdownlint-cli2; run inside nix develop"; exit 127; }
markdownlint-cli2 v0.22.1 (markdownlint v0.40.0)
Finding: **/*.md **/*.md !.qd/** !target/** !LICENSE-*
Linting: 124 file(s)
Summary: 0 error(s)
if [ "$(uname -s)" = Darwin ] && ! command -v actionlint >/dev/null 2>&1; then echo "actionlint skipped outside Linux/Nix"; else just require-tool actionlint; actionlint .github/workflows/*.yml; fi
command -v "actionlint" >/dev/null 2>&1 || { echo "required tool missing: actionlint; run inside nix develop"; exit 127; }
just lint-lines
max=500; status=0; while IFS= read -r -d '' file; do lines="$(wc -l < "$file")"; if [ "$lines" -gt "$max" ]; then printf '%s has %s lines; max is %s\n' "$file" "$lines" "$max"; status=1; fi; done < <(find . -path './.git' -prune -o -path './.qd/qd.db*' -prune -o -path './.qd/worktrees' -prune -o -path './target' -prune -o -path './apple/*.xcodeproj' -prune -o -path './apple/*.xcworkspace' -prune -o -path './docs/PRD.md' -prune -o -path './roadmap/qd-export.json' -prune -o -name 'Cargo.lock' -prune -o -name 'LICENSE-*' -prune -o -type f \( -name '*.rs' -o -name '*.swift' -o -name '*.toml' -o -name '*.md' -o -name '*.yml' -o -name '*.yaml' -o -name '*.json' -o -name '*.nix' -o -name 'justfile' -o -name '*.sh' \) -print0); exit "$status"
