Node: m3-videotoolbox-decode-sample
Agent: trevor-mac-orchestrator

Startup and qd state:
- git pull --rebase --autostash: passed on main before worktree creation.
- qd sync --from roadmap/qd-export.json --expect-clean: passed on main.
- qd doctor --strict: passed on main.
- just macos-bootstrap: passed on main.
- just macos-check: passed on main before claiming this node.
- qd ready --json: m3-videotoolbox-decode-sample was ready and unclaimed.
- qd claim m3-videotoolbox-decode-sample --agent trevor-mac-orchestrator --branch spec/m3-videotoolbox-decode-sample: passed.
- qd worktree create m3-videotoolbox-decode-sample --branch spec/m3-videotoolbox-decode-sample: passed.
- qd export --out .qd/worktrees/m3-videotoolbox-decode-sample/roadmap/qd-export.json --deterministic: passed after claim.
- qd migrate: initialized the worktree-local qd database after it was found empty.
- qd sync --from roadmap/qd-export.json: populated the worktree-local qd cache from the checked-in export.
- qd method acknowledge --agent trevor-mac-orchestrator: passed in the worktree.

Sample inspection:
- shasum -a 256 evidence/m2-nvenc-encode-sample/sample-av1.ivf: passed; hash 51945e4cd903e28019fbbfbe74572b5d836f6ef1184cb782b142aba1d5201875.
- Existing M2 ffprobe evidence identifies the sample as AV1, 160x90, one frame, yuv420p, duration 1/60.

Implementation and local validation:
- xcrun swift /private/tmp/madobe-vt-probe.swift evidence/m2-nvenc-encode-sample/sample-av1.ivf: passed as a minimal interpreted VideoToolbox probe.
- xcrun swiftc /private/tmp/madobe-vt-probe.swift -o /private/tmp/madobe-vt-probe-bin: compiled, but the unsigned standalone binary returned VTDecompressionSessionCreate -12911; treated as a non-blocking CLI-host observation because the signed Xcode test host decodes successfully.
- xcodebuild test -scheme MadobeMac -destination platform=macOS: passed; see xcodebuild.log. The VideoToolboxAV1SampleDecoderTests testDecodesLinuxAV1IVFSampleWhenHardwareAvailable case passed and wrote decode-report.json through the signed Xcode test host.
- swiftformat --lint apple: passed in just macos-check.
- swiftlint lint --strict --config apple/.swiftlint.yml: passed in just macos-check with 0 violations in 12 files.
- just macos-check: passed; see macos-check.log. The gate ran Rust fmt/check/clippy, SwiftFormat, SwiftLint, Tuist generation, and Xcode tests. Xcode executed 14 tests with 0 failures, including testDecodesLinuxAV1IVFSampleWhenHardwareAvailable.

PR rebase reconciliation:
- git fetch origin main: passed after PR #41 reported mergeStateStatus DIRTY.
- git rebase origin/main: qd export conflicted only in roadmap/qd-export.json.
- qd sync --from /private/tmp/madobe-origin-main-qd-export.json: replay base synced to the 41-node main export.
- qd claim/complete/audit pass/gate/export for m3-videotoolbox-decode-sample: replayed on top of current main and exported deterministic qd state.

Non-blocking warnings observed:
- xcodebuild reports multiple matching macOS destinations and selects the arm64 "My Mac" destination.
- appintentsmetadataprocessor reports metadata extraction skipped because no AppIntents.framework dependency is present.
