cargo fmt --all -- --check
if command -v taplo >/dev/null 2>&1; then taplo fmt --check; fi
 INFO taplo:format_files:load_config: found configuration file path="/Users/trevor/Documents/GitHub/madobe/.qd/worktrees/m3-video-protocol/taplo.toml"
 INFO taplo:format_files:collect_files: found files total=17 excluded=1 files=["/Users/trevor/Documents/GitHub/madobe/.qd/worktrees/m3-video-protocol/.config/nextest.toml", "/Users/trevor/Documents/GitHub/madobe/.qd/worktrees/m3-video-protocol/.mise.toml", "/Users/trevor/Documents/GitHub/madobe/.qd/worktrees/m3-video-protocol/Cargo.toml", "/Users/trevor/Documents/GitHub/madobe/.qd/worktrees/m3-video-protocol/apps/cli/Cargo.toml", "/Users/trevor/Documents/GitHub/madobe/.qd/worktrees/m3-video-protocol/apps/hostd/Cargo.toml", "/Users/trevor/Documents/GitHub/madobe/.qd/worktrees/m3-video-protocol/clippy.toml", "/Users/trevor/Documents/GitHub/madobe/.qd/worktrees/m3-video-protocol/crates/compositor/Cargo.toml", "/Users/trevor/Documents/GitHub/madobe/.qd/worktrees/m3-video-protocol/crates/protocol/Cargo.toml", "/Users/trevor/Documents/GitHub/madobe/.qd/worktrees/m3-video-protocol/crates/telemetry/Cargo.toml", "/Users/trevor/Documents/GitHub/madobe/.qd/worktrees/m3-video-protocol/deny.toml", "/Users/trevor/Documents/GitHub/madobe/.qd/worktrees/m3-video-protocol/lychee.toml", "/Users/trevor/Documents/GitHub/madobe/.qd/worktrees/m3-video-protocol/rustfmt.toml", "/Users/trevor/Documents/GitHub/madobe/.qd/worktrees/m3-video-protocol/supply-chain/audits.toml", "/Users/trevor/Documents/GitHub/madobe/.qd/worktrees/m3-video-protocol/supply-chain/config.toml", "/Users/trevor/Documents/GitHub/madobe/.qd/worktrees/m3-video-protocol/taplo.toml", "/Users/trevor/Documents/GitHub/madobe/.qd/worktrees/m3-video-protocol/typos.toml"] cwd="/Users/trevor/Documents/GitHub/madobe/.qd/worktrees/m3-video-protocol"
if command -v swiftformat >/dev/null 2>&1 && [ -d apple ]; then swiftformat --lint apple; fi
Running SwiftFormat...
(lint mode - no files will be changed.)
Reading config file at /Users/trevor/Documents/GitHub/madobe/.qd/worktrees/m3-video-protocol/apple/.swiftformat
SwiftFormat completed in 0s.
0/4 files require formatting.
if command -v shfmt >/dev/null 2>&1; then find . -path './.git' -prune -o -path './target' -prune -o -name '*.sh' -print0 | xargs -0 -r shfmt -d; fi
cargo check --workspace --all-targets --all-features
    Finished `dev` profile [unoptimized + debuginfo] target(s) in 0.00s
cargo clippy --workspace --all-targets --all-features -- -D warnings
    Finished `dev` profile [unoptimized + debuginfo] target(s) in 0.02s
if command -v typos >/dev/null 2>&1; then typos; fi
if command -v markdownlint-cli2 >/dev/null 2>&1; then markdownlint-cli2 "**/*.md"; fi
if command -v actionlint >/dev/null 2>&1; then actionlint .github/workflows/*.yml; fi
if command -v swiftlint >/dev/null 2>&1 && [ -d apple ]; then swiftlint lint --strict --config apple/.swiftlint.yml; fi
Linting Swift files in current working directory
Linting 'MadobeMacApp.swift' (1/3)
Linting 'MadobeIdentity.swift' (2/3)
Linting 'MadobeClientCoreTests.swift' (3/3)
Done linting! Found 0 violations, 0 serious in 3 files.
just lint-lines
max=500; status=0; while IFS= read -r -d '' file; do lines="$(wc -l < "$file")"; if [ "$lines" -gt "$max" ]; then printf '%s has %s lines; max is %s\n' "$file" "$lines" "$max"; status=1; fi; done < <(find . -path './.git' -prune -o -path './.qd/qd.db*' -prune -o -path './.qd/worktrees' -prune -o -path './target' -prune -o -path './apple/*.xcodeproj' -prune -o -path './apple/*.xcworkspace' -prune -o -path './docs/PRD.md' -prune -o -path './roadmap/qd-export.json' -prune -o -name 'Cargo.lock' -prune -o -name 'LICENSE-*' -prune -o -type f \( -name '*.rs' -o -name '*.swift' -o -name '*.toml' -o -name '*.md' -o -name '*.yml' -o -name '*.yaml' -o -name '*.json' -o -name '*.nix' -o -name 'justfile' -o -name '*.sh' \) -print0); exit "$status"
