cargo fmt --all -- --check
if command -v taplo >/dev/null 2>&1; then taplo fmt --check; fi
 INFO taplo:format_files:load_config: found configuration file path="/home/trevor/projects/madobe/.qd/worktrees/m2-capture-contract/taplo.toml"
 INFO taplo:format_files:collect_files: found files total=18 excluded=1 files=["/home/trevor/projects/madobe/.qd/worktrees/m2-capture-contract/.config/nextest.toml", "/home/trevor/projects/madobe/.qd/worktrees/m2-capture-contract/.mise.toml", "/home/trevor/projects/madobe/.qd/worktrees/m2-capture-contract/Cargo.toml", "/home/trevor/projects/madobe/.qd/worktrees/m2-capture-contract/apps/cli/Cargo.toml", "/home/trevor/projects/madobe/.qd/worktrees/m2-capture-contract/apps/hostd/Cargo.toml", "/home/trevor/projects/madobe/.qd/worktrees/m2-capture-contract/clippy.toml", "/home/trevor/projects/madobe/.qd/worktrees/m2-capture-contract/crates/capture/Cargo.toml", "/home/trevor/projects/madobe/.qd/worktrees/m2-capture-contract/crates/compositor/Cargo.toml", "/home/trevor/projects/madobe/.qd/worktrees/m2-capture-contract/crates/protocol/Cargo.toml", "/home/trevor/projects/madobe/.qd/worktrees/m2-capture-contract/crates/telemetry/Cargo.toml", "/home/trevor/projects/madobe/.qd/worktrees/m2-capture-contract/deny.toml", "/home/trevor/projects/madobe/.qd/worktrees/m2-capture-contract/lychee.toml", "/home/trevor/projects/madobe/.qd/worktrees/m2-capture-contract/rustfmt.toml", "/home/trevor/projects/madobe/.qd/worktrees/m2-capture-contract/supply-chain/audits.toml", "/home/trevor/projects/madobe/.qd/worktrees/m2-capture-contract/supply-chain/config.toml", "/home/trevor/projects/madobe/.qd/worktrees/m2-capture-contract/taplo.toml", "/home/trevor/projects/madobe/.qd/worktrees/m2-capture-contract/typos.toml"] cwd="/home/trevor/projects/madobe/.qd/worktrees/m2-capture-contract"
if command -v swiftformat >/dev/null 2>&1 && [ -d apple ]; then swiftformat --lint apple; fi
if command -v shfmt >/dev/null 2>&1; then find . -path './.git' -prune -o -path './target' -prune -o -name '*.sh' -print0 | xargs -0 -r shfmt -d; fi
cargo check --workspace --all-targets --all-features
    Finished `dev` profile [unoptimized + debuginfo] target(s) in 0.01s
cargo clippy --workspace --all-targets --all-features -- -D warnings
    Finished `dev` profile [unoptimized + debuginfo] target(s) in 0.09s
if command -v typos >/dev/null 2>&1; then typos; fi
if command -v markdownlint-cli2 >/dev/null 2>&1; then markdownlint-cli2 "**/*.md"; fi
markdownlint-cli2 v0.22.1 (markdownlint v0.40.0)
Finding: **/*.md **/*.md !.qd/** !target/** !LICENSE-*
Linting: 21 file(s)
Summary: 0 error(s)
if command -v actionlint >/dev/null 2>&1; then actionlint .github/workflows/*.yml; fi
if command -v swiftlint >/dev/null 2>&1 && [ -d apple ]; then swiftlint lint --strict --config apple/.swiftlint.yml; fi
just lint-lines
max=500; status=0; while IFS= read -r -d '' file; do lines="$(wc -l < "$file")"; if [ "$lines" -gt "$max" ]; then printf '%s has %s lines; max is %s\n' "$file" "$lines" "$max"; status=1; fi; done < <(find . -path './.git' -prune -o -path './.qd/qd.db*' -prune -o -path './.qd/worktrees' -prune -o -path './target' -prune -o -path './apple/*.xcodeproj' -prune -o -path './apple/*.xcworkspace' -prune -o -path './docs/PRD.md' -prune -o -path './roadmap/qd-export.json' -prune -o -name 'Cargo.lock' -prune -o -name 'LICENSE-*' -prune -o -type f \( -name '*.rs' -o -name '*.swift' -o -name '*.toml' -o -name '*.md' -o -name '*.yml' -o -name '*.yaml' -o -name '*.json' -o -name '*.nix' -o -name 'justfile' -o -name '*.sh' \) -print0); exit "$status"
