# m1-hostd-control-cli commands

## Focused validation

Command:
  cargo test -p hostd -p madobectl
Status:
  failed
Result:
  zsh:1: command not found: cargo
Notes:
  Bare shell does not provide cargo; reran focused validation inside Nix.

Command:
  nix develop -c cargo test -p hostd -p madobectl
Status:
  passed
Result:
  hostd: 5 unit tests passed, 0 failed.
  madobectl: 6 unit tests passed, 0 failed.
  hostd and madobectl doc tests passed.

## Formatting and workspace gates

Command:
  nix develop -c cargo fmt --all
Status:
  passed

Command:
  nix develop -c just check
Status:
  failed
Result:
  clippy rejected apps/hostd/src/lib.rs for needless_pass_by_value in run_smoke and redundant_clone in the smoke test.
Resolution:
  Changed run_smoke to borrow OutputId and removed the redundant clone.

Command:
  nix develop -c cargo fmt --all
Status:
  passed

Command:
  nix develop -c just check
Status:
  failed
Result:
  clippy rejected apps/cli/src/lib.rs for expect_err in unknown_command_returns_usage.
Resolution:
  Replaced expect_err with an explicit match.

Command:
  nix develop -c cargo fmt --all
Status:
  passed

Command:
  nix develop -c just check
Status:
  passed
Result:
  cargo fmt --check, taplo, shfmt, cargo check, clippy -D warnings, typos, markdownlint, actionlint, and line-count gate passed.

Command:
  nix develop -c just test
Status:
  passed
Result:
  cargo nextest ran 31 tests: 31 passed, 0 skipped.
  cargo doc tests passed for workspace crates.
  Apple tests skipped outside macOS.

## Runtime probe

Command:
  nix develop -c cargo run -q -p madobectl -- display status
Status:
  failed
Result:
  compositor List failed: Unavailable { reason: "" }
Notes:
  This non-mutating runtime probe reached the real Hyprland-backed adapter, but the current shell could not access live Hyprland state. No lifecycle output mutation was attempted.

## Final evidence lint

Command:
  nix develop -c just check
Status:
  passed
Result:
  Reran after adding evidence and qd report files. Markdownlint checked 27 Markdown files; cargo check, clippy, typos, actionlint, and line-count gate passed.

## Orchestrator validation

Command:
  nix develop -c just verify
Status:
  passed
Result:
  cargo fmt --check, taplo, shfmt, cargo check, clippy -D warnings, typos, markdownlint, actionlint,
  line-count gate, nextest, doc tests, Linux-skipped Apple tests, cargo-deny, cargo-vet, cargo-audit,
  cargo-machete, and cargo-semver-checks passed.

Command:
  nix flake check
Status:
  passed
Result:
  devShell, formatter, and x86_64-linux rust check evaluated and built successfully.

Command:
  nix develop -c cargo run -q -p madobectl -- display status
Status:
  failed
Result:
  compositor List failed: Unavailable { reason: "" }
Notes:
  Orchestrator reran the same non-mutating live probe and reproduced the Hyprland state access failure.
  No lifecycle mutation was attempted.
