$ nix develop -c actionlint .github/workflows/*.yml
warning: Git tree '/home/trevor/projects/madobe/.qd/worktrees/m4-merge-group-trigger-dedupe' is dirty
error:
       ... while fetching the input 'git+file:///home/trevor/projects/madobe/.qd/worktrees/m4-merge-group-trigger-dedupe'

       error: executing SQLite statement 'pragma synchronous = off': unable to open database file, unable to open database file (in '/home/trevor/.cache/nix/fetcher-cache-v4.sqlite')
exit 1
Notes: sandboxed attempt could not access the user Nix fetcher cache. Reran the same command with normal Nix cache access.

$ nix develop -c actionlint .github/workflows/*.yml
warning: Git tree '/home/trevor/projects/madobe/.qd/worktrees/m4-merge-group-trigger-dedupe' is dirty
madobe dev shell: use 'just --list' to see commands
exit 0

$ nix develop -c just check
warning: Git tree '/home/trevor/projects/madobe/.qd/worktrees/m4-merge-group-trigger-dedupe' is dirty
madobe dev shell: use 'just --list' to see commands
cargo fmt --all -- --check
if [ "$(uname -s)" = Darwin ] && ! command -v taplo >/dev/null 2>&1; then echo "taplo skipped outside Linux/Nix"; else just require-tool taplo; taplo fmt --check; fi
command -v "taplo" >/dev/null 2>&1 || { echo "required tool missing: taplo; run inside nix develop"; exit 127; }
 INFO taplo:format_files:load_config: found configuration file path="/home/trevor/projects/madobe/.qd/worktrees/m4-merge-group-trigger-dedupe/taplo.toml"
 INFO taplo:format_files:collect_files: found files total=22 excluded=1 files=["/home/trevor/projects/madobe/.qd/worktrees/m4-merge-group-trigger-dedupe/.config/nextest.toml", "/home/trevor/projects/madobe/.qd/worktrees/m4-merge-group-trigger-dedupe/.mise.toml", "/home/trevor/projects/madobe/.qd/worktrees/m4-merge-group-trigger-dedupe/Cargo.toml", "/home/trevor/projects/madobe/.qd/worktrees/m4-merge-group-trigger-dedupe/apps/cli/Cargo.toml", "/home/trevor/projects/madobe/.qd/worktrees/m4-merge-group-trigger-dedupe/apps/hostd/Cargo.toml", "/home/trevor/projects/madobe/.qd/worktrees/m4-merge-group-trigger-dedupe/clippy.toml", "/home/trevor/projects/madobe/.qd/worktrees/m4-merge-group-trigger-dedupe/crates/capture/Cargo.toml", "/home/trevor/projects/madobe/.qd/worktrees/m4-merge-group-trigger-dedupe/crates/compositor/Cargo.toml", "/home/trevor/projects/madobe/.qd/worktrees/m4-merge-group-trigger-dedupe/crates/encode/Cargo.toml", "/home/trevor/projects/madobe/.qd/worktrees/m4-merge-group-trigger-dedupe/crates/encode-nv-sys/Cargo.toml", "/home/trevor/projects/madobe/.qd/worktrees/m4-merge-group-trigger-dedupe/crates/hyprland/Cargo.toml", "/home/trevor/projects/madobe/.qd/worktrees/m4-merge-group-trigger-dedupe/crates/protocol/Cargo.toml", "/home/trevor/projects/madobe/.qd/worktrees/m4-merge-group-trigger-dedupe/crates/telemetry/Cargo.toml", "/home/trevor/projects/madobe/.qd/worktrees/m4-merge-group-trigger-dedupe/crates/transport/Cargo.toml", "/home/trevor/projects/madobe/.qd/worktrees/m4-merge-group-trigger-dedupe/deny.toml", "/home/trevor/projects/madobe/.qd/worktrees/m4-merge-group-trigger-dedupe/lychee.toml", "/home/trevor/projects/madobe/.qd/worktrees/m4-merge-group-trigger-dedupe/rustfmt.toml", "/home/trevor/projects/madobe/.qd/worktrees/m4-merge-group-trigger-dedupe/supply-chain/audits.toml", "/home/trevor/projects/madobe/.qd/worktrees/m4-merge-group-trigger-dedupe/supply-chain/config.toml", "/home/trevor/projects/madobe/.qd/worktrees/m4-merge-group-trigger-dedupe/taplo.toml", "/home/trevor/projects/madobe/.qd/worktrees/m4-merge-group-trigger-dedupe/typos.toml"] cwd="/home/trevor/projects/madobe/.qd/worktrees/m4-merge-group-trigger-dedupe"
if [ "$(uname -s)" = Darwin ] && ! command -v shfmt >/dev/null 2>&1; then echo "shfmt skipped outside Linux/Nix"; else just require-tool shfmt; find . -path './.git' -prune -o -path './target' -prune -o -name '*.sh' -print0 | xargs -0 -r shfmt -d; fi
command -v "shfmt" >/dev/null 2>&1 || { echo "required tool missing: shfmt; run inside nix develop"; exit 127; }
cargo check --workspace --all-targets --all-features
    Checking madobe-compositor v0.1.0 (/home/trevor/projects/madobe/.qd/worktrees/m4-merge-group-trigger-dedupe/crates/compositor)
    Checking madobe-protocol v0.1.0 (/home/trevor/projects/madobe/.qd/worktrees/m4-merge-group-trigger-dedupe/crates/protocol)
    Checking madobe-telemetry v0.1.0 (/home/trevor/projects/madobe/.qd/worktrees/m4-merge-group-trigger-dedupe/crates/telemetry)
    Checking madobe-encode-nv-sys v0.1.0 (/home/trevor/projects/madobe/.qd/worktrees/m4-merge-group-trigger-dedupe/crates/encode-nv-sys)
    Checking madobe-capture v0.1.0 (/home/trevor/projects/madobe/.qd/worktrees/m4-merge-group-trigger-dedupe/crates/capture)
    Checking madobe-encode v0.1.0 (/home/trevor/projects/madobe/.qd/worktrees/m4-merge-group-trigger-dedupe/crates/encode)
    Checking madobe-transport v0.1.0 (/home/trevor/projects/madobe/.qd/worktrees/m4-merge-group-trigger-dedupe/crates/transport)
    Checking hostd v0.1.0 (/home/trevor/projects/madobe/.qd/worktrees/m4-merge-group-trigger-dedupe/apps/hostd)
    Checking madobe-hyprland v0.1.0 (/home/trevor/projects/madobe/.qd/worktrees/m4-merge-group-trigger-dedupe/crates/hyprland)
    Checking madobectl v0.1.0 (/home/trevor/projects/madobe/.qd/worktrees/m4-merge-group-trigger-dedupe/apps/cli)
    Finished `dev` profile [unoptimized + debuginfo] target(s) in 0.98s
cargo clippy --workspace --all-targets --all-features -- -D warnings
    Checking madobe-compositor v0.1.0 (/home/trevor/projects/madobe/.qd/worktrees/m4-merge-group-trigger-dedupe/crates/compositor)
    Checking madobe-protocol v0.1.0 (/home/trevor/projects/madobe/.qd/worktrees/m4-merge-group-trigger-dedupe/crates/protocol)
    Checking madobe-telemetry v0.1.0 (/home/trevor/projects/madobe/.qd/worktrees/m4-merge-group-trigger-dedupe/crates/telemetry)
    Checking madobe-encode-nv-sys v0.1.0 (/home/trevor/projects/madobe/.qd/worktrees/m4-merge-group-trigger-dedupe/crates/encode-nv-sys)
    Checking madobe-capture v0.1.0 (/home/trevor/projects/madobe/.qd/worktrees/m4-merge-group-trigger-dedupe/crates/capture)
    Checking madobe-transport v0.1.0 (/home/trevor/projects/madobe/.qd/worktrees/m4-merge-group-trigger-dedupe/crates/transport)
    Checking madobe-encode v0.1.0 (/home/trevor/projects/madobe/.qd/worktrees/m4-merge-group-trigger-dedupe/crates/encode)
    Checking madobe-hyprland v0.1.0 (/home/trevor/projects/madobe/.qd/worktrees/m4-merge-group-trigger-dedupe/crates/hyprland)
    Checking hostd v0.1.0 (/home/trevor/projects/madobe/.qd/worktrees/m4-merge-group-trigger-dedupe/apps/hostd)
    Checking madobectl v0.1.0 (/home/trevor/projects/madobe/.qd/worktrees/m4-merge-group-trigger-dedupe/apps/cli)
    Finished `dev` profile [unoptimized + debuginfo] target(s) in 0.90s
if [ "$(uname -s)" = Darwin ] && ! command -v shellcheck >/dev/null 2>&1; then echo "shellcheck skipped outside Linux/Nix"; else just require-tool shellcheck; git ls-files -- '*.sh' | while IFS= read -r shell_file; do shellcheck "$shell_file"; done; fi
command -v "shellcheck" >/dev/null 2>&1 || { echo "required tool missing: shellcheck; run inside nix develop"; exit 127; }
if [ "$(uname -s)" = Darwin ] && ! command -v typos >/dev/null 2>&1; then echo "typos skipped outside Linux/Nix"; else just require-tool typos; typos; fi
command -v "typos" >/dev/null 2>&1 || { echo "required tool missing: typos; run inside nix develop"; exit 127; }
if [ "$(uname -s)" = Darwin ] && ! command -v markdownlint-cli2 >/dev/null 2>&1; then echo "markdownlint-cli2 skipped outside Linux/Nix"; else just require-tool markdownlint-cli2; markdownlint-cli2 "**/*.md"; fi
command -v "markdownlint-cli2" >/dev/null 2>&1 || { echo "required tool missing: markdownlint-cli2; run inside nix develop"; exit 127; }
markdownlint-cli2 v0.22.1 (markdownlint v0.40.0)
Finding: **/*.md **/*.md !.qd/** !target/** !LICENSE-*
Linting: 89 file(s)
Summary: 0 error(s)
if [ "$(uname -s)" = Darwin ] && ! command -v actionlint >/dev/null 2>&1; then echo "actionlint skipped outside Linux/Nix"; else just require-tool actionlint; actionlint .github/workflows/*.yml; fi
command -v "actionlint" >/dev/null 2>&1 || { echo "required tool missing: actionlint; run inside nix develop"; exit 127; }
just lint-lines
max=500; status=0; while IFS= read -r -d '' file; do lines="$(wc -l < "$file")"; if [ "$lines" -gt "$max" ]; then printf '%s has %s lines; max is %s\n' "$file" "$lines" "$max"; status=1; fi; done < <(find . -path './.git' -prune -o -path './.qd/qd.db*' -prune -o -path './.qd/worktrees' -prune -o -path './target' -prune -o -path './apple/*.xcodeproj' -prune -o -path './apple/*.xcworkspace' -prune -o -path './docs/PRD.md' -prune -o -path './roadmap/qd-export.json' -prune -o -name 'Cargo.lock' -prune -o -name 'LICENSE-*' -prune -o -type f \( -name '*.rs' -o -name '*.swift' -o -name '*.toml' -o -name '*.md' -o -name '*.yml' -o -name '*.yaml' -o -name '*.json' -o -name '*.nix' -o -name 'justfile' -o -name '*.sh' \) -print0); exit "$status"
exit 0

$ git diff --check
exit 0

$ nix develop -c just check
Notes: final rerun after adding evidence and completion report.
warning: Git tree '/home/trevor/projects/madobe/.qd/worktrees/m4-merge-group-trigger-dedupe' is dirty
madobe dev shell: use 'just --list' to see commands
cargo fmt --all -- --check
taplo fmt --check
shfmt -d
cargo check --workspace --all-targets --all-features
    Finished `dev` profile [unoptimized + debuginfo] target(s) in 0.14s
cargo clippy --workspace --all-targets --all-features -- -D warnings
    Finished `dev` profile [unoptimized + debuginfo] target(s) in 0.10s
shellcheck
typos
markdownlint-cli2 "**/*.md"
markdownlint-cli2 v0.22.1 (markdownlint v0.40.0)
Finding: **/*.md **/*.md !.qd/** !target/** !LICENSE-*
Linting: 90 file(s)
Summary: 0 error(s)
actionlint .github/workflows/*.yml
just lint-lines
exit 0

$ git diff --check
Notes: final rerun after adding evidence and completion report.
exit 0
