Command: nix develop -c just verify
madobe dev shell: use 'just --list' to see commands
cargo fmt --all -- --check
if command -v taplo >/dev/null 2>&1; then taplo fmt --check; fi
 INFO taplo:format_files:load_config: found configuration file path="/home/trevor/projects/madobe/.qd/worktrees/m2-capture-one-frame/taplo.toml"
 INFO taplo:format_files:collect_files: found files total=28 excluded=9 files=["/home/trevor/projects/madobe/.qd/worktrees/m2-capture-one-frame/.config/nextest.toml", "/home/trevor/projects/madobe/.qd/worktrees/m2-capture-one-frame/.mise.toml", "/home/trevor/projects/madobe/.qd/worktrees/m2-capture-one-frame/Cargo.toml", "/home/trevor/projects/madobe/.qd/worktrees/m2-capture-one-frame/apps/cli/Cargo.toml", "/home/trevor/projects/madobe/.qd/worktrees/m2-capture-one-frame/apps/hostd/Cargo.toml", "/home/trevor/projects/madobe/.qd/worktrees/m2-capture-one-frame/clippy.toml", "/home/trevor/projects/madobe/.qd/worktrees/m2-capture-one-frame/crates/capture/Cargo.toml", "/home/trevor/projects/madobe/.qd/worktrees/m2-capture-one-frame/crates/compositor/Cargo.toml", "/home/trevor/projects/madobe/.qd/worktrees/m2-capture-one-frame/crates/hyprland/Cargo.toml", "/home/trevor/projects/madobe/.qd/worktrees/m2-capture-one-frame/crates/protocol/Cargo.toml", "/home/trevor/projects/madobe/.qd/worktrees/m2-capture-one-frame/crates/telemetry/Cargo.toml", "/home/trevor/projects/madobe/.qd/worktrees/m2-capture-one-frame/crates/transport/Cargo.toml", "/home/trevor/projects/madobe/.qd/worktrees/m2-capture-one-frame/deny.toml", "/home/trevor/projects/madobe/.qd/worktrees/m2-capture-one-frame/lychee.toml", "/home/trevor/projects/madobe/.qd/worktrees/m2-capture-one-frame/rustfmt.toml", "/home/trevor/projects/madobe/.qd/worktrees/m2-capture-one-frame/supply-chain/audits.toml", "/home/trevor/projects/madobe/.qd/worktrees/m2-capture-one-frame/supply-chain/config.toml", "/home/trevor/projects/madobe/.qd/worktrees/m2-capture-one-frame/taplo.toml", "/home/trevor/projects/madobe/.qd/worktrees/m2-capture-one-frame/typos.toml"] cwd="/home/trevor/projects/madobe/.qd/worktrees/m2-capture-one-frame"
if command -v swiftformat >/dev/null 2>&1 && [ -d apple ]; then swiftformat --lint apple; fi
if command -v shfmt >/dev/null 2>&1; then find . -path './.git' -prune -o -path './target' -prune -o -name '*.sh' -print0 | xargs -0 -r shfmt -d; fi
cargo check --workspace --all-targets --all-features
    Finished `dev` profile [unoptimized + debuginfo] target(s) in 0.01s
cargo clippy --workspace --all-targets --all-features -- -D warnings
    Finished `dev` profile [unoptimized + debuginfo] target(s) in 0.09s
if command -v typos >/dev/null 2>&1; then typos; fi
if command -v markdownlint-cli2 >/dev/null 2>&1; then markdownlint-cli2 "**/*.md"; fi
markdownlint-cli2 v0.22.1 (markdownlint v0.40.0)
Finding: **/*.md **/*.md !.qd/** !target/** !LICENSE-*
Linting: 43 file(s)
Summary: 0 error(s)
if command -v actionlint >/dev/null 2>&1; then actionlint .github/workflows/*.yml; fi
if command -v swiftlint >/dev/null 2>&1 && [ -d apple ]; then swiftlint lint --strict --config apple/.swiftlint.yml; fi
just lint-lines
max=500; status=0; while IFS= read -r -d '' file; do lines="$(wc -l < "$file")"; if [ "$lines" -gt "$max" ]; then printf '%s has %s lines; max is %s\n' "$file" "$lines" "$max"; status=1; fi; done < <(find . -path './.git' -prune -o -path './.qd/qd.db*' -prune -o -path './.qd/worktrees' -prune -o -path './target' -prune -o -path './apple/*.xcodeproj' -prune -o -path './apple/*.xcworkspace' -prune -o -path './docs/PRD.md' -prune -o -path './roadmap/qd-export.json' -prune -o -name 'Cargo.lock' -prune -o -name 'LICENSE-*' -prune -o -type f \( -name '*.rs' -o -name '*.swift' -o -name '*.toml' -o -name '*.md' -o -name '*.yml' -o -name '*.yaml' -o -name '*.json' -o -name '*.nix' -o -name 'justfile' -o -name '*.sh' \) -print0); exit "$status"
if command -v cargo-nextest >/dev/null 2>&1; then cargo nextest run --workspace --all-features; else cargo test --workspace --all-features; fi
    Finished `test` profile [unoptimized + debuginfo] target(s) in 0.02s
────────────
 Nextest run ID e0e4f579-f47a-4873-b2f6-9ce99479039a with nextest profile: default
    Starting 36 tests across 17 binaries
        PASS [   0.006s] ( 1/36) hostd tests::lifecycle_commands_render_single_operation_results
        PASS [   0.006s] ( 2/36) madobectl tests::adapter_requirement_is_detected_after_parse
        PASS [   0.007s] ( 3/36) madobe-protocol tests::golden_video_frame_fixture_covers_expected_metadata
        PASS [   0.008s] ( 4/36) madobe-transport::loopback video_lane_identifier_is_stable
        PASS [   0.009s] ( 5/36) hostd tests::smoke_command_uses_adapter_contract_for_lifecycle
        PASS [   0.010s] ( 6/36) madobe-hyprland::fixtures client_uses_injected_executor_for_json_endpoints
        PASS [   0.012s] ( 7/36) madobe-hyprland::adapter_lifecycle rejects_unowned_outputs_and_unsupported_color_depth
        PASS [   0.012s] ( 8/36) madobe-protocol tests::golden_video_frame_fixture_round_trips_semantically
        PASS [   0.012s] ( 9/36) madobectl tests::display_command_without_adapter_returns_usage
        PASS [   0.012s] (10/36) madobe-transport::loopback loopback_sender_and_receiver_exchange_video_sample
        PASS [   0.012s] (11/36) madobe-capture::captured_frame golden_capture_fixture_round_trips_semantically
        PASS [   0.012s] (12/36) madobe-hyprland::adapter_binding binds_workspace_to_named_output_with_lua_dispatcher
        PASS [   0.012s] (13/36) hostd tests::display_status_is_sorted_and_deterministic
        PASS [   0.012s] (14/36) hostd tests::status_line_links_shared_crates
        PASS [   0.012s] (15/36) madobectl tests::display_lifecycle_command_accepts_explicit_output_id
        PASS [   0.012s] (16/36) hostd::display_bind bind_command_renders_session_workspace_result
        PASS [   0.012s] (17/36) madobectl tests::display_bind_command_accepts_session_and_workspace_ids
        PASS [   0.012s] (18/36) madobe-hyprland::fixtures parse_errors_preserve_command_context
        PASS [   0.012s] (19/36) madobe-compositor::lifecycle lifecycle_supports_create_configure_bind_park_remove_list_and_reconcile
        PASS [   0.012s] (20/36) hostd tests::default_smoke_identifier_is_stable
        PASS [   0.012s] (21/36) madobe-protocol tests::hello_carries_stable_identity
        PASS [   0.012s] (22/36) madobe-capture::captured_frame golden_capture_fixture_covers_expected_metadata
        PASS [   0.012s] (23/36) madobectl tests::hello_command_renders_status
        PASS [   0.012s] (24/36) madobe-compositor::lifecycle typed_validation_errors_reject_invalid_values
        PASS [   0.012s] (25/36) madobe-transport::loopback video_lane_records_send_and_receive_timestamps
        PASS [   0.012s] (26/36) madobe-transport::loopback video_sample_rejects_mismatched_payload_size_with_typed_error
        PASS [   0.012s] (27/36) madobectl tests::unknown_command_returns_usage
        PASS [   0.012s] (28/36) madobectl tests::display_lifecycle_command_has_deterministic_default_output_id
        PASS [   0.016s] (29/36) madobe-hyprland::fixtures parses_monitor_fixture
        PASS [   0.016s] (30/36) madobe-hyprland::fixtures parses_socket_event_lines
        PASS [   0.017s] (31/36) madobectl tests::display_status_command_renders_adapter_output
        PASS [   0.017s] (32/36) madobectl tests::hello_line_links_shared_crates
        PASS [   0.017s] (33/36) madobe-telemetry tests::event_has_deterministic_timestamp
        PASS [   0.017s] (34/36) madobe-hyprland::fixtures parses_workspace_fixtures
        PASS [   0.017s] (35/36) madobe-hyprland::adapter_lifecycle reconciles_missing_and_stale_outputs_with_typed_report
        PASS [   0.019s] (36/36) madobe-hyprland::adapter_lifecycle creates_configures_parks_and_removes_named_headless_output
────────────
     Summary [   0.020s] 36 tests run: 36 passed, 0 skipped
cargo test --doc --workspace --all-features
    Finished `test` profile [unoptimized + debuginfo] target(s) in 0.02s
   Doc-tests hostd

running 0 tests

test result: ok. 0 passed; 0 failed; 0 ignored; 0 measured; 0 filtered out; finished in 0.00s

   Doc-tests madobe_capture

running 0 tests

test result: ok. 0 passed; 0 failed; 0 ignored; 0 measured; 0 filtered out; finished in 0.00s

   Doc-tests madobe_compositor

running 0 tests

test result: ok. 0 passed; 0 failed; 0 ignored; 0 measured; 0 filtered out; finished in 0.00s

   Doc-tests madobe_hyprland

running 0 tests

test result: ok. 0 passed; 0 failed; 0 ignored; 0 measured; 0 filtered out; finished in 0.00s

   Doc-tests madobe_protocol

running 0 tests

test result: ok. 0 passed; 0 failed; 0 ignored; 0 measured; 0 filtered out; finished in 0.00s

   Doc-tests madobe_telemetry

running 0 tests

test result: ok. 0 passed; 0 failed; 0 ignored; 0 measured; 0 filtered out; finished in 0.00s

   Doc-tests madobe_transport

running 0 tests

test result: ok. 0 passed; 0 failed; 0 ignored; 0 measured; 0 filtered out; finished in 0.00s

   Doc-tests madobectl

running 0 tests

test result: ok. 0 passed; 0 failed; 0 ignored; 0 measured; 0 filtered out; finished in 0.00s

just apple-test
if [ "$(uname -s)" != Darwin ]; then echo "apple tests skipped outside macOS"; else cd apple && { if command -v tuist >/dev/null 2>&1; then tuist generate; elif command -v mise >/dev/null 2>&1; then mise exec -- tuist generate; else echo "tuist missing; run just macos-bootstrap"; exit 127; fi; } && xcodebuild test -scheme MadobeMac -destination 'platform=macOS'; fi
apple tests skipped outside macOS
if command -v cargo-deny >/dev/null 2>&1; then cargo deny check; else echo "cargo-deny missing; run inside nix develop"; exit 127; fi
advisories ok, bans ok, licenses ok, sources ok
if command -v cargo-vet >/dev/null 2>&1; then cargo vet; else echo "cargo-vet missing; run inside nix develop"; exit 127; fi
Vetting Succeeded (because you have no third-party dependencies)
if command -v cargo-audit >/dev/null 2>&1; then cargo audit; else echo "cargo-audit missing; run inside nix develop"; exit 127; fi
    Fetching advisory database from `https://github.com/RustSec/advisory-db.git`
      Loaded 1152 security advisories (from /scratch/cache/cargo/advisory-db)
    Updating crates.io index
    Scanning Cargo.lock for vulnerabilities (8 crate dependencies)
if command -v cargo-machete >/dev/null 2>&1; then cargo machete --skip-target-dir; else echo "cargo-machete missing; run inside nix develop"; exit 127; fi
Analyzing dependencies of crates in this directory...
cargo-machete didn't find any unused dependencies in this directory. Good job!
Done!
if command -v cargo-semver-checks >/dev/null 2>&1; then cargo semver-checks check-release --workspace --baseline-root .; else echo "cargo-semver-checks missing; run inside nix develop"; exit 127; fi
    Building hostd v0.1.0 (current)
       Built [   0.463s] (current)
     Parsing hostd v0.1.0 (current)
      Parsed [   0.003s] (current)
    Building hostd v0.1.0 (baseline)
       Built [   0.496s] (baseline)
     Parsing hostd v0.1.0 (baseline)
      Parsed [   0.002s] (baseline)
    Checking hostd v0.1.0 -> v0.1.0 (no change; assume minor)
     Checked [   0.003s] 196 checks: 196 pass, 57 skip
     Summary no semver update required
    Finished [   1.214s] hostd
    Building madobe-capture v0.1.0 (current)
       Built [   0.546s] (current)
     Parsing madobe-capture v0.1.0 (current)
      Parsed [   0.003s] (current)
    Building madobe-capture v0.1.0 (baseline)
       Built [   0.670s] (baseline)
     Parsing madobe-capture v0.1.0 (baseline)
      Parsed [   0.005s] (baseline)
    Checking madobe-capture v0.1.0 -> v0.1.0 (no change; assume minor)
     Checked [   0.004s] 196 checks: 196 pass, 57 skip
     Summary no semver update required
    Finished [   1.464s] madobe-capture
    Building madobe-compositor v0.1.0 (current)
       Built [   0.609s] (current)
     Parsing madobe-compositor v0.1.0 (current)
      Parsed [   0.004s] (current)
    Building madobe-compositor v0.1.0 (baseline)
       Built [   0.715s] (baseline)
     Parsing madobe-compositor v0.1.0 (baseline)
      Parsed [   0.003s] (baseline)
    Checking madobe-compositor v0.1.0 -> v0.1.0 (no change; assume minor)
     Checked [   0.006s] 196 checks: 196 pass, 57 skip
     Summary no semver update required
    Finished [   1.590s] madobe-compositor
    Building madobe-hyprland v0.1.0 (current)
       Built [   0.576s] (current)
     Parsing madobe-hyprland v0.1.0 (current)
      Parsed [   0.003s] (current)
    Building madobe-hyprland v0.1.0 (baseline)
       Built [   0.554s] (baseline)
     Parsing madobe-hyprland v0.1.0 (baseline)
      Parsed [   0.003s] (baseline)
    Checking madobe-hyprland v0.1.0 -> v0.1.0 (no change; assume minor)
     Checked [   0.004s] 196 checks: 196 pass, 57 skip
     Summary no semver update required
    Finished [   1.392s] madobe-hyprland
    Building madobe-protocol v0.1.0 (current)
       Built [   0.427s] (current)
     Parsing madobe-protocol v0.1.0 (current)
      Parsed [   0.002s] (current)
    Building madobe-protocol v0.1.0 (baseline)
       Built [   0.456s] (baseline)
     Parsing madobe-protocol v0.1.0 (baseline)
      Parsed [   0.002s] (baseline)
    Checking madobe-protocol v0.1.0 -> v0.1.0 (no change; assume minor)
     Checked [   0.005s] 196 checks: 196 pass, 57 skip
     Summary no semver update required
    Finished [   1.110s] madobe-protocol
    Building madobe-telemetry v0.1.0 (current)
       Built [   0.433s] (current)
     Parsing madobe-telemetry v0.1.0 (current)
      Parsed [   0.001s] (current)
    Building madobe-telemetry v0.1.0 (baseline)
       Built [   0.416s] (baseline)
     Parsing madobe-telemetry v0.1.0 (baseline)
      Parsed [   0.001s] (baseline)
    Checking madobe-telemetry v0.1.0 -> v0.1.0 (no change; assume minor)
     Checked [   0.003s] 196 checks: 196 pass, 57 skip
     Summary no semver update required
    Finished [   1.076s] madobe-telemetry
    Building madobe-transport v0.1.0 (current)
       Built [   0.489s] (current)
     Parsing madobe-transport v0.1.0 (current)
      Parsed [   0.002s] (current)
    Building madobe-transport v0.1.0 (baseline)
       Built [   0.693s] (baseline)
     Parsing madobe-transport v0.1.0 (baseline)
      Parsed [   0.004s] (baseline)
    Checking madobe-transport v0.1.0 -> v0.1.0 (no change; assume minor)
     Checked [   0.004s] 196 checks: 196 pass, 57 skip
     Summary no semver update required
    Finished [   1.437s] madobe-transport
    Building madobectl v0.1.0 (current)
       Built [   0.513s] (current)
     Parsing madobectl v0.1.0 (current)
      Parsed [   0.002s] (current)
    Building madobectl v0.1.0 (baseline)
       Built [   0.559s] (baseline)
     Parsing madobectl v0.1.0 (baseline)
      Parsed [   0.002s] (baseline)
    Checking madobectl v0.1.0 -> v0.1.0 (no change; assume minor)
     Checked [   0.004s] 196 checks: 196 pass, 57 skip
     Summary no semver update required
    Finished [   1.342s] madobectl
