Node: m3-swift-protocol-mirror
Agent: trevor-mac-orchestrator
Branch: qd/m3-swift-protocol-mirror
Platform: macOS
Date: 2026-07-03

1. git pull --rebase --autostash
   Result: passed
   Note: pulled main to 058bd17d17f8cd12c651a3ff5ec37255c4c5ff63.

2. qd sync --from roadmap/qd-export.json --expect-clean
   Result: drift
   Note: expected drift from Linux second-wave claim commits.

3. qd sync --from roadmap/qd-export.json
   Result: passed

4. qd doctor --strict
   Result: passed

5. just macos-bootstrap
   Result: passed
   Note: mise cache-write warnings were non-blocking.

6. just macos-check
   Result: failed in sandbox
   Note: known Taplo/SystemConfiguration sandbox panic.

7. just macos-check
   Result: passed
   Note: rerun with normal macOS tool access.

8. qd claim m3-swift-protocol-mirror --agent trevor-mac-orchestrator --branch qd/m3-swift-protocol-mirror
   Result: passed

9. qd worktree create m3-swift-protocol-mirror
   Result: failed
   Note: installed qd tried default branch spec/m3-swift-protocol-mirror and the local refs layout could not create that namespace.

10. git worktree add -b qd/m3-swift-protocol-mirror .qd/worktrees/m3-swift-protocol-mirror main
    Result: passed
    Note: fallback used the qd-claimed branch name and one-node worktree required by the playbook.

11. qd migrate
    Result: passed

12. qd method acknowledge --agent trevor-mac-orchestrator
    Result: passed

13. qd sync --from roadmap/qd-export.json
    Result: passed

14. qd claim m3-swift-protocol-mirror --agent trevor-mac-orchestrator --branch qd/m3-swift-protocol-mirror
    Result: passed

15. swiftformat apple
    Result: passed

16. swiftformat --lint apple
    Result: passed

17. just macos-check
    Result: passed

18. cd apple && xcodebuild test -scheme MadobeMac -destination 'platform=macOS'
    Result: passed
    Evidence: evidence/m3-swift-protocol-mirror/xcodebuild.log

19. just macos-check
    Result: passed
    Evidence: evidence/m3-swift-protocol-mirror/just-macos-check.log

20. Environment capture
    Result: passed
    Evidence: evidence/m3-swift-protocol-mirror/mac-env.txt

21. qd complete m3-swift-protocol-mirror --from-report reports/qd/m3-swift-protocol-mirror/completion.json
    Result: passed
    Note: node moved to review.

22. qd audit start m3-swift-protocol-mirror
    Result: passed

23. qd audit pass m3-swift-protocol-mirror --from-report reports/qd/m3-swift-protocol-mirror/audit.json
    Result: passed
    Note: imported zero findings.

24. qd gate m3-swift-protocol-mirror --phase ci
    Result: passed
    Note: merge gate remains blocked until GitHub CI passes.

25. qd export --out roadmap/qd-export.json --deterministic
    Result: passed

26. just macos-check
    Result: passed
    Note: final post-export validation passed.

27. git pull --rebase --autostash origin main
    Result: conflict resolved
    Note: rebased PR branch onto main commit 1fa22594b466a10ad5f4f39f85bf1659e6315989 after m0-qd-orchestration-smoke and m2-capture-contract qd merge-state commits landed.

28. qd sync --from /private/tmp/madobe-main-qd-export.json
    Result: passed
    Note: replayed from current main qd export while resolving roadmap/qd-export.json.

29. qd claim m3-swift-protocol-mirror --agent trevor-mac-orchestrator --branch qd/m3-swift-protocol-mirror
    Result: passed

30. qd complete m3-swift-protocol-mirror --from-report reports/qd/m3-swift-protocol-mirror/completion.json
    Result: passed

31. qd audit start m3-swift-protocol-mirror
    Result: passed

32. qd audit pass m3-swift-protocol-mirror --from-report reports/qd/m3-swift-protocol-mirror/audit.json
    Result: passed

33. qd gate m3-swift-protocol-mirror --phase ci
    Result: passed

34. qd export --out roadmap/qd-export.json --deterministic
    Result: passed

35. just macos-check
    Result: passed
    Note: final post-rebase validation passed with SwiftFormat, SwiftLint, Tuist generation, cargo checks, and 4 XCTest cases.

36. gh pr checks 11 --watch --interval 10
    Result: passed
    Note: GitHub Actions run 28674095618 passed linux and macos jobs for PR #11.

37. qd ci record-pass m3-swift-protocol-mirror --summary "GitHub Actions ci passed on linux and macos for PR #11 run 28674095618" --url https://github.com/cat-cave/madobe/actions/runs/28674095618
    Result: passed

38. qd gate m3-swift-protocol-mirror --phase merge
    Result: passed

39. qd export --out roadmap/qd-export.json --deterministic
    Result: passed

40. git fetch origin main
    Result: passed
    Note: main advanced to 3f37152e1b8597db934d956c17a5eb91aa474667 with m1-hyprland-command-layer merge state and next Linux wave claims.

41. git rebase origin/main
    Result: conflict resolved
    Note: only roadmap/qd-export.json conflicted; resolved by taking current main qd export and replaying this node through qd commands.

42. qd sync --from roadmap/qd-export.json
    Result: passed

43. qd claim m3-swift-protocol-mirror --agent trevor-mac-orchestrator --branch qd/m3-swift-protocol-mirror
    Result: passed

44. qd complete m3-swift-protocol-mirror --from-report reports/qd/m3-swift-protocol-mirror/completion.json
    Result: passed

45. qd audit start m3-swift-protocol-mirror
    Result: passed

46. qd audit pass m3-swift-protocol-mirror --from-report reports/qd/m3-swift-protocol-mirror/audit.json
    Result: passed

47. qd ci record-pass m3-swift-protocol-mirror --summary "GitHub Actions ci passed on linux and macos for PR #11 run 28674509980" --url https://github.com/cat-cave/madobe/actions/runs/28674509980
    Result: passed

48. qd gate m3-swift-protocol-mirror --phase merge
    Result: passed

49. qd export --out roadmap/qd-export.json --deterministic
    Result: passed

50. just macos-check
    Result: passed
    Note: final validation on rebased commit 87c9452 with current main 3f37152; included SwiftFormat, SwiftLint, cargo checks with the Hyprland crate, Tuist generation, and 4 XCTest cases.
