$ nix develop -c cargo test -p madobectl
warning: Git tree '/home/trevor/projects/madobe/.qd/worktrees/m4-madobectl-usage-surface-hardening' is dirty
madobe dev shell: use 'just --list' to see commands
    Finished `test` profile [unoptimized + debuginfo] target(s) in 0.13s
     Running unittests src/lib.rs (target/debug/deps/madobectl-80fb0aab1e627559)

running 10 tests
test tests::adapter_requirement_is_detected_after_parse ... ok
test tests::display_bind_command_accepts_session_and_workspace_ids ... ok
test tests::display_lifecycle_command_accepts_explicit_output_id ... ok
test tests::display_command_without_adapter_returns_usage ... ok
test tests::display_lifecycle_command_has_deterministic_default_output_id ... ok
test tests::display_status_command_renders_adapter_output ... ok
test tests::top_level_usage_lists_video_smoke_entry_points ... ok
test tests::unknown_command_returns_usage ... ok
test tests::hello_line_links_shared_crates ... ok
test tests::hello_command_renders_status ... ok

test result: ok. 10 passed; 0 failed; 0 ignored; 0 measured; 0 filtered out; finished in 0.00s

     Running unittests src/main.rs (target/debug/deps/madobectl-dcb713a75fa20855)

running 0 tests

test result: ok. 0 passed; 0 failed; 0 ignored; 0 measured; 0 filtered out; finished in 0.00s

   Doc-tests madobectl

running 0 tests

test result: ok. 0 passed; 0 failed; 0 ignored; 0 measured; 0 filtered out; finished in 0.00s


$ nix develop -c cargo test -p madobe-transport video_smoke
warning: Git tree '/home/trevor/projects/madobe/.qd/worktrees/m4-madobectl-usage-surface-hardening' is dirty
madobe dev shell: use 'just --list' to see commands
    Finished `test` profile [unoptimized + debuginfo] target(s) in 0.02s
     Running unittests src/lib.rs (target/debug/deps/madobe_transport-317cd3ddb725c9d7)

running 3 tests
test video_smoke::cli::tests::missing_required_video_smoke_flag_returns_usage_without_running_network ... ok
test video_smoke::cli::tests::unknown_video_smoke_command_returns_usage_without_running_network ... ok
test video_smoke::sha256::tests::sha256_matches_standard_vectors ... ok

test result: ok. 3 passed; 0 failed; 0 ignored; 0 measured; 0 filtered out; finished in 0.00s

     Running tests/lan_video_smoke.rs (target/debug/deps/lan_video_smoke-8a01882a4cb36e56)

running 0 tests

test result: ok. 0 passed; 0 failed; 0 ignored; 0 measured; 2 filtered out; finished in 0.00s

     Running tests/loopback.rs (target/debug/deps/loopback-46a8421d40cb54de)

running 0 tests

test result: ok. 0 passed; 0 failed; 0 ignored; 0 measured; 4 filtered out; finished in 0.00s


$ nix develop -c just check
warning: Git tree '/home/trevor/projects/madobe/.qd/worktrees/m4-madobectl-usage-surface-hardening' is dirty
madobe dev shell: use 'just --list' to see commands
cargo fmt --all -- --check
if [ "$(uname -s)" = Darwin ] && ! command -v taplo >/dev/null 2>&1; then echo "taplo skipped outside Linux/Nix"; else just require-tool taplo; taplo fmt --check; fi
command -v "taplo" >/dev/null 2>&1 || { echo "required tool missing: taplo; run inside nix develop"; exit 127; }
 INFO taplo:format_files:load_config: found configuration file path="/home/trevor/projects/madobe/.qd/worktrees/m4-madobectl-usage-surface-hardening/taplo.toml"
 INFO taplo:format_files:collect_files: found files total=22 excluded=1 files=["/home/trevor/projects/madobe/.qd/worktrees/m4-madobectl-usage-surface-hardening/.config/nextest.toml", "/home/trevor/projects/madobe/.qd/worktrees/m4-madobectl-usage-surface-hardening/.mise.toml", "/home/trevor/projects/madobe/.qd/worktrees/m4-madobectl-usage-surface-hardening/Cargo.toml", "/home/trevor/projects/madobe/.qd/worktrees/m4-madobectl-usage-surface-hardening/apps/cli/Cargo.toml", "/home/trevor/projects/madobe/.qd/worktrees/m4-madobectl-usage-surface-hardening/apps/hostd/Cargo.toml", "/home/trevor/projects/madobe/.qd/worktrees/m4-madobectl-usage-surface-hardening/clippy.toml", "/home/trevor/projects/madobe/.qd/worktrees/m4-madobectl-usage-surface-hardening/crates/capture/Cargo.toml", "/home/trevor/projects/madobe/.qd/worktrees/m4-madobectl-usage-surface-hardening/crates/compositor/Cargo.toml", "/home/trevor/projects/madobe/.qd/worktrees/m4-madobectl-usage-surface-hardening/crates/encode/Cargo.toml", "/home/trevor/projects/madobe/.qd/worktrees/m4-madobectl-usage-surface-hardening/crates/encode-nv-sys/Cargo.toml", "/home/trevor/projects/madobe/.qd/worktrees/m4-madobectl-usage-surface-hardening/crates/hyprland/Cargo.toml", "/home/trevor/projects/madobe/.qd/worktrees/m4-madobectl-usage-surface-hardening/crates/protocol/Cargo.toml", "/home/trevor/projects/madobe/.qd/worktrees/m4-madobectl-usage-surface-hardening/crates/telemetry/Cargo.toml", "/home/trevor/projects/madobe/.qd/worktrees/m4-madobectl-usage-surface-hardening/crates/transport/Cargo.toml", "/home/trevor/projects/madobe/.qd/worktrees/m4-madobectl-usage-surface-hardening/deny.toml", "/home/trevor/projects/madobe/.qd/worktrees/m4-madobectl-usage-surface-hardening/lychee.toml", "/home/trevor/projects/madobe/.qd/worktrees/m4-madobectl-usage-surface-hardening/rustfmt.toml", "/home/trevor/projects/madobe/.qd/worktrees/m4-madobectl-usage-surface-hardening/supply-chain/audits.toml", "/home/trevor/projects/madobe/.qd/worktrees/m4-madobectl-usage-surface-hardening/supply-chain/config.toml", "/home/trevor/projects/madobe/.qd/worktrees/m4-madobectl-usage-surface-hardening/taplo.toml", "/home/trevor/projects/madobe/.qd/worktrees/m4-madobectl-usage-surface-hardening/typos.toml"] cwd="/home/trevor/projects/madobe/.qd/worktrees/m4-madobectl-usage-surface-hardening"
if [ "$(uname -s)" = Darwin ] && ! command -v shfmt >/dev/null 2>&1; then echo "shfmt skipped outside Linux/Nix"; else just require-tool shfmt; find . -path './.git' -prune -o -path './target' -prune -o -name '*.sh' -print0 | xargs -0 -r shfmt -d; fi
command -v "shfmt" >/dev/null 2>&1 || { echo "required tool missing: shfmt; run inside nix develop"; exit 127; }
cargo check --workspace --all-targets --all-features
    Finished `dev` profile [unoptimized + debuginfo] target(s) in 0.03s
cargo clippy --workspace --all-targets --all-features -- -D warnings
    Finished `dev` profile [unoptimized + debuginfo] target(s) in 0.11s
if [ "$(uname -s)" = Darwin ] && ! command -v shellcheck >/dev/null 2>&1; then echo "shellcheck skipped outside Linux/Nix"; else just require-tool shellcheck; git ls-files -- '*.sh' | while IFS= read -r shell_file; do shellcheck "$shell_file"; done; fi
command -v "shellcheck" >/dev/null 2>&1 || { echo "required tool missing: shellcheck; run inside nix develop"; exit 127; }
if [ "$(uname -s)" = Darwin ] && ! command -v typos >/dev/null 2>&1; then echo "typos skipped outside Linux/Nix"; else just require-tool typos; typos; fi
command -v "typos" >/dev/null 2>&1 || { echo "required tool missing: typos; run inside nix develop"; exit 127; }
if [ "$(uname -s)" = Darwin ] && ! command -v markdownlint-cli2 >/dev/null 2>&1; then echo "markdownlint-cli2 skipped outside Linux/Nix"; else just require-tool markdownlint-cli2; markdownlint-cli2 "**/*.md"; fi
command -v "markdownlint-cli2" >/dev/null 2>&1 || { echo "required tool missing: markdownlint-cli2; run inside nix develop"; exit 127; }
markdownlint-cli2 v0.22.1 (markdownlint v0.40.0)
Finding: **/*.md **/*.md !.qd/** !target/** !LICENSE-*
Linting: 91 file(s)
Summary: 0 error(s)
if [ "$(uname -s)" = Darwin ] && ! command -v actionlint >/dev/null 2>&1; then echo "actionlint skipped outside Linux/Nix"; else just require-tool actionlint; actionlint .github/workflows/*.yml; fi
command -v "actionlint" >/dev/null 2>&1 || { echo "required tool missing: actionlint; run inside nix develop"; exit 127; }
just lint-lines
max=500; status=0; while IFS= read -r -d '' file; do lines="$(wc -l < "$file")"; if [ "$lines" -gt "$max" ]; then printf '%s has %s lines; max is %s\n' "$file" "$lines" "$max"; status=1; fi; done < <(find . -path './.git' -prune -o -path './.qd/qd.db*' -prune -o -path './.qd/worktrees' -prune -o -path './target' -prune -o -path './apple/*.xcodeproj' -prune -o -path './apple/*.xcworkspace' -prune -o -path './docs/PRD.md' -prune -o -path './roadmap/qd-export.json' -prune -o -name 'Cargo.lock' -prune -o -name 'LICENSE-*' -prune -o -type f \( -name '*.rs' -o -name '*.swift' -o -name '*.toml' -o -name '*.md' -o -name '*.yml' -o -name '*.yaml' -o -name '*.json' -o -name '*.nix' -o -name 'justfile' -o -name '*.sh' \) -print0); exit "$status"

$ git diff --check
