$ nix develop -c just pin-hygiene-check
warning: Git tree '/home/trevor/projects/madobe/.qd/worktrees/m4-action-ref-strict-pin-check' is dirty
madobe dev shell: use 'just --list' to see commands
bash scripts/pin-hygiene-check.sh
pin hygiene check: passed

$ nix develop -c shellcheck scripts/pin-hygiene-check.sh
warning: Git tree '/home/trevor/projects/madobe/.qd/worktrees/m4-action-ref-strict-pin-check' is dirty
madobe dev shell: use 'just --list' to see commands

$ nix develop -c just check
warning: Git tree '/home/trevor/projects/madobe/.qd/worktrees/m4-action-ref-strict-pin-check' is dirty
madobe dev shell: use 'just --list' to see commands
cargo fmt --all -- --check
if [ "$(uname -s)" = Darwin ] && ! command -v taplo >/dev/null 2>&1; then echo "taplo skipped outside Linux/Nix"; else just require-tool taplo; taplo fmt --check; fi
command -v "taplo" >/dev/null 2>&1 || { echo "required tool missing: taplo; run inside nix develop"; exit 127; }
 INFO taplo:format_files:load_config: found configuration file path="/home/trevor/projects/madobe/.qd/worktrees/m4-action-ref-strict-pin-check/taplo.toml"
 INFO taplo:format_files:collect_files: found files total=22 excluded=1 files=["/home/trevor/projects/madobe/.qd/worktrees/m4-action-ref-strict-pin-check/.config/nextest.toml", "/home/trevor/projects/madobe/.qd/worktrees/m4-action-ref-strict-pin-check/.mise.toml", "/home/trevor/projects/madobe/.qd/worktrees/m4-action-ref-strict-pin-check/Cargo.toml", "/home/trevor/projects/madobe/.qd/worktrees/m4-action-ref-strict-pin-check/apps/cli/Cargo.toml", "/home/trevor/projects/madobe/.qd/worktrees/m4-action-ref-strict-pin-check/apps/hostd/Cargo.toml", "/home/trevor/projects/madobe/.qd/worktrees/m4-action-ref-strict-pin-check/clippy.toml", "/home/trevor/projects/madobe/.qd/worktrees/m4-action-ref-strict-pin-check/crates/capture/Cargo.toml", "/home/trevor/projects/madobe/.qd/worktrees/m4-action-ref-strict-pin-check/crates/compositor/Cargo.toml", "/home/trevor/projects/madobe/.qd/worktrees/m4-action-ref-strict-pin-check/crates/encode/Cargo.toml", "/home/trevor/projects/madobe/.qd/worktrees/m4-action-ref-strict-pin-check/crates/encode-nv-sys/Cargo.toml", "/home/trevor/projects/madobe/.qd/worktrees/m4-action-ref-strict-pin-check/crates/hyprland/Cargo.toml", "/home/trevor/projects/madobe/.qd/worktrees/m4-action-ref-strict-pin-check/crates/protocol/Cargo.toml", "/home/trevor/projects/madobe/.qd/worktrees/m4-action-ref-strict-pin-check/crates/telemetry/Cargo.toml", "/home/trevor/projects/madobe/.qd/worktrees/m4-action-ref-strict-pin-check/crates/transport/Cargo.toml", "/home/trevor/projects/madobe/.qd/worktrees/m4-action-ref-strict-pin-check/deny.toml", "/home/trevor/projects/madobe/.qd/worktrees/m4-action-ref-strict-pin-check/lychee.toml", "/home/trevor/projects/madobe/.qd/worktrees/m4-action-ref-strict-pin-check/rustfmt.toml", "/home/trevor/projects/madobe/.qd/worktrees/m4-action-ref-strict-pin-check/supply-chain/audits.toml", "/home/trevor/projects/madobe/.qd/worktrees/m4-action-ref-strict-pin-check/supply-chain/config.toml", "/home/trevor/projects/madobe/.qd/worktrees/m4-action-ref-strict-pin-check/taplo.toml", "/home/trevor/projects/madobe/.qd/worktrees/m4-action-ref-strict-pin-check/typos.toml"] cwd="/home/trevor/projects/madobe/.qd/worktrees/m4-action-ref-strict-pin-check"
if [ "$(uname -s)" = Darwin ] && ! command -v shfmt >/dev/null 2>&1; then echo "shfmt skipped outside Linux/Nix"; else just require-tool shfmt; find . -path './.git' -prune -o -path './target' -prune -o -name '*.sh' -print0 | xargs -0 -r shfmt -d; fi
command -v "shfmt" >/dev/null 2>&1 || { echo "required tool missing: shfmt; run inside nix develop"; exit 127; }
just qd-reports-check
bash scripts/qd-reports-check.sh
qd report check: validated 69 completion report(s) and 69 audit report(s)
just pin-hygiene-check
bash scripts/pin-hygiene-check.sh
pin hygiene check: passed
cargo check --workspace --all-targets --all-features
    Checking madobe-compositor v0.1.0 (/home/trevor/projects/madobe/.qd/worktrees/m4-action-ref-strict-pin-check/crates/compositor)
    Checking madobe-telemetry v0.1.0 (/home/trevor/projects/madobe/.qd/worktrees/m4-action-ref-strict-pin-check/crates/telemetry)
    Checking madobe-protocol v0.1.0 (/home/trevor/projects/madobe/.qd/worktrees/m4-action-ref-strict-pin-check/crates/protocol)
    Checking madobe-encode-nv-sys v0.1.0 (/home/trevor/projects/madobe/.qd/worktrees/m4-action-ref-strict-pin-check/crates/encode-nv-sys)
    Checking madobe-capture v0.1.0 (/home/trevor/projects/madobe/.qd/worktrees/m4-action-ref-strict-pin-check/crates/capture)
    Checking madobe-encode v0.1.0 (/home/trevor/projects/madobe/.qd/worktrees/m4-action-ref-strict-pin-check/crates/encode)
    Checking madobe-transport v0.1.0 (/home/trevor/projects/madobe/.qd/worktrees/m4-action-ref-strict-pin-check/crates/transport)
    Checking madobe-hyprland v0.1.0 (/home/trevor/projects/madobe/.qd/worktrees/m4-action-ref-strict-pin-check/crates/hyprland)
    Checking hostd v0.1.0 (/home/trevor/projects/madobe/.qd/worktrees/m4-action-ref-strict-pin-check/apps/hostd)
    Checking madobectl v0.1.0 (/home/trevor/projects/madobe/.qd/worktrees/m4-action-ref-strict-pin-check/apps/cli)
    Finished `dev` profile [unoptimized + debuginfo] target(s) in 0.93s
cargo clippy --workspace --all-targets --all-features -- -D warnings
    Checking madobe-compositor v0.1.0 (/home/trevor/projects/madobe/.qd/worktrees/m4-action-ref-strict-pin-check/crates/compositor)
    Checking madobe-telemetry v0.1.0 (/home/trevor/projects/madobe/.qd/worktrees/m4-action-ref-strict-pin-check/crates/telemetry)
    Checking madobe-protocol v0.1.0 (/home/trevor/projects/madobe/.qd/worktrees/m4-action-ref-strict-pin-check/crates/protocol)
    Checking madobe-encode-nv-sys v0.1.0 (/home/trevor/projects/madobe/.qd/worktrees/m4-action-ref-strict-pin-check/crates/encode-nv-sys)
    Checking madobe-capture v0.1.0 (/home/trevor/projects/madobe/.qd/worktrees/m4-action-ref-strict-pin-check/crates/capture)
    Checking madobe-encode v0.1.0 (/home/trevor/projects/madobe/.qd/worktrees/m4-action-ref-strict-pin-check/crates/encode)
    Checking madobe-transport v0.1.0 (/home/trevor/projects/madobe/.qd/worktrees/m4-action-ref-strict-pin-check/crates/transport)
    Checking hostd v0.1.0 (/home/trevor/projects/madobe/.qd/worktrees/m4-action-ref-strict-pin-check/apps/hostd)
    Checking madobe-hyprland v0.1.0 (/home/trevor/projects/madobe/.qd/worktrees/m4-action-ref-strict-pin-check/crates/hyprland)
    Checking madobectl v0.1.0 (/home/trevor/projects/madobe/.qd/worktrees/m4-action-ref-strict-pin-check/apps/cli)
    Finished `dev` profile [unoptimized + debuginfo] target(s) in 0.80s
if [ "$(uname -s)" = Darwin ] && ! command -v shellcheck >/dev/null 2>&1; then echo "shellcheck skipped outside Linux/Nix"; else just require-tool shellcheck; git ls-files -- '*.sh' | while IFS= read -r shell_file; do shellcheck "$shell_file"; done; fi
command -v "shellcheck" >/dev/null 2>&1 || { echo "required tool missing: shellcheck; run inside nix develop"; exit 127; }
if [ "$(uname -s)" = Darwin ] && ! command -v typos >/dev/null 2>&1; then echo "typos skipped outside Linux/Nix"; else just require-tool typos; typos; fi
command -v "typos" >/dev/null 2>&1 || { echo "required tool missing: typos; run inside nix develop"; exit 127; }
if [ "$(uname -s)" = Darwin ] && ! command -v markdownlint-cli2 >/dev/null 2>&1; then echo "markdownlint-cli2 skipped outside Linux/Nix"; else just require-tool markdownlint-cli2; markdownlint-cli2 "**/*.md"; fi
command -v "markdownlint-cli2" >/dev/null 2>&1 || { echo "required tool missing: markdownlint-cli2; run inside nix develop"; exit 127; }
markdownlint-cli2 v0.22.1 (markdownlint v0.40.0)
Finding: **/*.md **/*.md !.qd/** !target/** !LICENSE-*
Linting: 99 file(s)
Summary: 0 error(s)
if [ "$(uname -s)" = Darwin ] && ! command -v actionlint >/dev/null 2>&1; then echo "actionlint skipped outside Linux/Nix"; else just require-tool actionlint; actionlint .github/workflows/*.yml; fi
command -v "actionlint" >/dev/null 2>&1 || { echo "required tool missing: actionlint; run inside nix develop"; exit 127; }
just lint-lines
max=500; status=0; while IFS= read -r -d '' file; do lines="$(wc -l < "$file")"; if [ "$lines" -gt "$max" ]; then printf '%s has %s lines; max is %s\n' "$file" "$lines" "$max"; status=1; fi; done < <(find . -path './.git' -prune -o -path './.qd/qd.db*' -prune -o -path './.qd/worktrees' -prune -o -path './target' -prune -o -path './apple/*.xcodeproj' -prune -o -path './apple/*.xcworkspace' -prune -o -path './docs/PRD.md' -prune -o -path './roadmap/qd-export.json' -prune -o -name 'Cargo.lock' -prune -o -name 'LICENSE-*' -prune -o -type f \( -name '*.rs' -o -name '*.swift' -o -name '*.toml' -o -name '*.md' -o -name '*.yml' -o -name '*.yaml' -o -name '*.json' -o -name '*.nix' -o -name 'justfile' -o -name '*.sh' \) -print0); exit "$status"

$ temp-copy action ref smoke tests

negative v4: actions/checkout@v4
pin hygiene check: .github/workflows/test.yml:7: pin external action actions/checkout@v4 to a full semver tag or commit SHA
pin hygiene check: failed with 1 error(s)
failed as expected for v4

negative v4_2: actions/checkout@v4.2
pin hygiene check: .github/workflows/test.yml:7: pin external action actions/checkout@v4.2 to a full semver tag or commit SHA
pin hygiene check: failed with 1 error(s)
failed as expected for v4.2

negative main: actions/checkout@main
pin hygiene check: .github/workflows/test.yml:7: pin external action actions/checkout@main to a full semver tag or commit SHA
pin hygiene check: failed with 1 error(s)
failed as expected for main

positive full-semver-current
pin hygiene check: passed

positive sha-local-docker
pin hygiene check: passed

$ nix develop -c just check (after qd report files)
warning: Git tree '/home/trevor/projects/madobe/.qd/worktrees/m4-action-ref-strict-pin-check' is dirty
madobe dev shell: use 'just --list' to see commands
cargo fmt --all -- --check
if [ "$(uname -s)" = Darwin ] && ! command -v taplo >/dev/null 2>&1; then echo "taplo skipped outside Linux/Nix"; else just require-tool taplo; taplo fmt --check; fi
command -v "taplo" >/dev/null 2>&1 || { echo "required tool missing: taplo; run inside nix develop"; exit 127; }
 INFO taplo:format_files:load_config: found configuration file path="/home/trevor/projects/madobe/.qd/worktrees/m4-action-ref-strict-pin-check/taplo.toml"
 INFO taplo:format_files:collect_files: found files total=22 excluded=1 files=["/home/trevor/projects/madobe/.qd/worktrees/m4-action-ref-strict-pin-check/.config/nextest.toml", "/home/trevor/projects/madobe/.qd/worktrees/m4-action-ref-strict-pin-check/.mise.toml", "/home/trevor/projects/madobe/.qd/worktrees/m4-action-ref-strict-pin-check/Cargo.toml", "/home/trevor/projects/madobe/.qd/worktrees/m4-action-ref-strict-pin-check/apps/cli/Cargo.toml", "/home/trevor/projects/madobe/.qd/worktrees/m4-action-ref-strict-pin-check/apps/hostd/Cargo.toml", "/home/trevor/projects/madobe/.qd/worktrees/m4-action-ref-strict-pin-check/clippy.toml", "/home/trevor/projects/madobe/.qd/worktrees/m4-action-ref-strict-pin-check/crates/capture/Cargo.toml", "/home/trevor/projects/madobe/.qd/worktrees/m4-action-ref-strict-pin-check/crates/compositor/Cargo.toml", "/home/trevor/projects/madobe/.qd/worktrees/m4-action-ref-strict-pin-check/crates/encode/Cargo.toml", "/home/trevor/projects/madobe/.qd/worktrees/m4-action-ref-strict-pin-check/crates/encode-nv-sys/Cargo.toml", "/home/trevor/projects/madobe/.qd/worktrees/m4-action-ref-strict-pin-check/crates/hyprland/Cargo.toml", "/home/trevor/projects/madobe/.qd/worktrees/m4-action-ref-strict-pin-check/crates/protocol/Cargo.toml", "/home/trevor/projects/madobe/.qd/worktrees/m4-action-ref-strict-pin-check/crates/telemetry/Cargo.toml", "/home/trevor/projects/madobe/.qd/worktrees/m4-action-ref-strict-pin-check/crates/transport/Cargo.toml", "/home/trevor/projects/madobe/.qd/worktrees/m4-action-ref-strict-pin-check/deny.toml", "/home/trevor/projects/madobe/.qd/worktrees/m4-action-ref-strict-pin-check/lychee.toml", "/home/trevor/projects/madobe/.qd/worktrees/m4-action-ref-strict-pin-check/rustfmt.toml", "/home/trevor/projects/madobe/.qd/worktrees/m4-action-ref-strict-pin-check/supply-chain/audits.toml", "/home/trevor/projects/madobe/.qd/worktrees/m4-action-ref-strict-pin-check/supply-chain/config.toml", "/home/trevor/projects/madobe/.qd/worktrees/m4-action-ref-strict-pin-check/taplo.toml", "/home/trevor/projects/madobe/.qd/worktrees/m4-action-ref-strict-pin-check/typos.toml"] cwd="/home/trevor/projects/madobe/.qd/worktrees/m4-action-ref-strict-pin-check"
if [ "$(uname -s)" = Darwin ] && ! command -v shfmt >/dev/null 2>&1; then echo "shfmt skipped outside Linux/Nix"; else just require-tool shfmt; find . -path './.git' -prune -o -path './target' -prune -o -name '*.sh' -print0 | xargs -0 -r shfmt -d; fi
command -v "shfmt" >/dev/null 2>&1 || { echo "required tool missing: shfmt; run inside nix develop"; exit 127; }
just qd-reports-check
bash scripts/qd-reports-check.sh
qd report check: validated 70 completion report(s) and 70 audit report(s)
just pin-hygiene-check
bash scripts/pin-hygiene-check.sh
pin hygiene check: passed
cargo check --workspace --all-targets --all-features
    Finished `dev` profile [unoptimized + debuginfo] target(s) in 0.14s
cargo clippy --workspace --all-targets --all-features -- -D warnings
    Finished `dev` profile [unoptimized + debuginfo] target(s) in 0.09s
if [ "$(uname -s)" = Darwin ] && ! command -v shellcheck >/dev/null 2>&1; then echo "shellcheck skipped outside Linux/Nix"; else just require-tool shellcheck; git ls-files -- '*.sh' | while IFS= read -r shell_file; do shellcheck "$shell_file"; done; fi
command -v "shellcheck" >/dev/null 2>&1 || { echo "required tool missing: shellcheck; run inside nix develop"; exit 127; }
if [ "$(uname -s)" = Darwin ] && ! command -v typos >/dev/null 2>&1; then echo "typos skipped outside Linux/Nix"; else just require-tool typos; typos; fi
command -v "typos" >/dev/null 2>&1 || { echo "required tool missing: typos; run inside nix develop"; exit 127; }
if [ "$(uname -s)" = Darwin ] && ! command -v markdownlint-cli2 >/dev/null 2>&1; then echo "markdownlint-cli2 skipped outside Linux/Nix"; else just require-tool markdownlint-cli2; markdownlint-cli2 "**/*.md"; fi
command -v "markdownlint-cli2" >/dev/null 2>&1 || { echo "required tool missing: markdownlint-cli2; run inside nix develop"; exit 127; }
markdownlint-cli2 v0.22.1 (markdownlint v0.40.0)
Finding: **/*.md **/*.md !.qd/** !target/** !LICENSE-*
Linting: 100 file(s)
Summary: 0 error(s)
if [ "$(uname -s)" = Darwin ] && ! command -v actionlint >/dev/null 2>&1; then echo "actionlint skipped outside Linux/Nix"; else just require-tool actionlint; actionlint .github/workflows/*.yml; fi
command -v "actionlint" >/dev/null 2>&1 || { echo "required tool missing: actionlint; run inside nix develop"; exit 127; }
just lint-lines
max=500; status=0; while IFS= read -r -d '' file; do lines="$(wc -l < "$file")"; if [ "$lines" -gt "$max" ]; then printf '%s has %s lines; max is %s\n' "$file" "$lines" "$max"; status=1; fi; done < <(find . -path './.git' -prune -o -path './.qd/qd.db*' -prune -o -path './.qd/worktrees' -prune -o -path './target' -prune -o -path './apple/*.xcodeproj' -prune -o -path './apple/*.xcworkspace' -prune -o -path './docs/PRD.md' -prune -o -path './roadmap/qd-export.json' -prune -o -name 'Cargo.lock' -prune -o -name 'LICENSE-*' -prune -o -type f \( -name '*.rs' -o -name '*.swift' -o -name '*.toml' -o -name '*.md' -o -name '*.yml' -o -name '*.yaml' -o -name '*.json' -o -name '*.nix' -o -name 'justfile' -o -name '*.sh' \) -print0); exit "$status"

$ git diff --check
git diff --check: passed

$ nix develop -c just pin-hygiene-check (after semver regex tightening)
warning: Git tree '/home/trevor/projects/madobe/.qd/worktrees/m4-action-ref-strict-pin-check' is dirty
madobe dev shell: use 'just --list' to see commands
bash scripts/pin-hygiene-check.sh
pin hygiene check: passed

$ nix develop -c shellcheck scripts/pin-hygiene-check.sh (after semver regex tightening)
warning: Git tree '/home/trevor/projects/madobe/.qd/worktrees/m4-action-ref-strict-pin-check' is dirty
madobe dev shell: use 'just --list' to see commands

$ temp-copy action ref smoke tests (after semver regex tightening)

negative v4: actions/checkout@v4
pin hygiene check: .github/workflows/test.yml:7: pin external action actions/checkout@v4 to a full semver tag or commit SHA
pin hygiene check: failed with 1 error(s)
failed as expected for v4

negative v4_2: actions/checkout@v4.2
pin hygiene check: .github/workflows/test.yml:7: pin external action actions/checkout@v4.2 to a full semver tag or commit SHA
pin hygiene check: failed with 1 error(s)
failed as expected for v4.2

negative main: actions/checkout@main
pin hygiene check: .github/workflows/test.yml:7: pin external action actions/checkout@main to a full semver tag or commit SHA
pin hygiene check: failed with 1 error(s)
failed as expected for main

positive full-semver-current
pin hygiene check: passed

positive sha-local-docker
pin hygiene check: passed

$ nix develop -c just check (final)
warning: Git tree '/home/trevor/projects/madobe/.qd/worktrees/m4-action-ref-strict-pin-check' is dirty
madobe dev shell: use 'just --list' to see commands
cargo fmt --all -- --check
if [ "$(uname -s)" = Darwin ] && ! command -v taplo >/dev/null 2>&1; then echo "taplo skipped outside Linux/Nix"; else just require-tool taplo; taplo fmt --check; fi
command -v "taplo" >/dev/null 2>&1 || { echo "required tool missing: taplo; run inside nix develop"; exit 127; }
 INFO taplo:format_files:load_config: found configuration file path="/home/trevor/projects/madobe/.qd/worktrees/m4-action-ref-strict-pin-check/taplo.toml"
 INFO taplo:format_files:collect_files: found files total=22 excluded=1 files=["/home/trevor/projects/madobe/.qd/worktrees/m4-action-ref-strict-pin-check/.config/nextest.toml", "/home/trevor/projects/madobe/.qd/worktrees/m4-action-ref-strict-pin-check/.mise.toml", "/home/trevor/projects/madobe/.qd/worktrees/m4-action-ref-strict-pin-check/Cargo.toml", "/home/trevor/projects/madobe/.qd/worktrees/m4-action-ref-strict-pin-check/apps/cli/Cargo.toml", "/home/trevor/projects/madobe/.qd/worktrees/m4-action-ref-strict-pin-check/apps/hostd/Cargo.toml", "/home/trevor/projects/madobe/.qd/worktrees/m4-action-ref-strict-pin-check/clippy.toml", "/home/trevor/projects/madobe/.qd/worktrees/m4-action-ref-strict-pin-check/crates/capture/Cargo.toml", "/home/trevor/projects/madobe/.qd/worktrees/m4-action-ref-strict-pin-check/crates/compositor/Cargo.toml", "/home/trevor/projects/madobe/.qd/worktrees/m4-action-ref-strict-pin-check/crates/encode/Cargo.toml", "/home/trevor/projects/madobe/.qd/worktrees/m4-action-ref-strict-pin-check/crates/encode-nv-sys/Cargo.toml", "/home/trevor/projects/madobe/.qd/worktrees/m4-action-ref-strict-pin-check/crates/hyprland/Cargo.toml", "/home/trevor/projects/madobe/.qd/worktrees/m4-action-ref-strict-pin-check/crates/protocol/Cargo.toml", "/home/trevor/projects/madobe/.qd/worktrees/m4-action-ref-strict-pin-check/crates/telemetry/Cargo.toml", "/home/trevor/projects/madobe/.qd/worktrees/m4-action-ref-strict-pin-check/crates/transport/Cargo.toml", "/home/trevor/projects/madobe/.qd/worktrees/m4-action-ref-strict-pin-check/deny.toml", "/home/trevor/projects/madobe/.qd/worktrees/m4-action-ref-strict-pin-check/lychee.toml", "/home/trevor/projects/madobe/.qd/worktrees/m4-action-ref-strict-pin-check/rustfmt.toml", "/home/trevor/projects/madobe/.qd/worktrees/m4-action-ref-strict-pin-check/supply-chain/audits.toml", "/home/trevor/projects/madobe/.qd/worktrees/m4-action-ref-strict-pin-check/supply-chain/config.toml", "/home/trevor/projects/madobe/.qd/worktrees/m4-action-ref-strict-pin-check/taplo.toml", "/home/trevor/projects/madobe/.qd/worktrees/m4-action-ref-strict-pin-check/typos.toml"] cwd="/home/trevor/projects/madobe/.qd/worktrees/m4-action-ref-strict-pin-check"
if [ "$(uname -s)" = Darwin ] && ! command -v shfmt >/dev/null 2>&1; then echo "shfmt skipped outside Linux/Nix"; else just require-tool shfmt; find . -path './.git' -prune -o -path './target' -prune -o -name '*.sh' -print0 | xargs -0 -r shfmt -d; fi
command -v "shfmt" >/dev/null 2>&1 || { echo "required tool missing: shfmt; run inside nix develop"; exit 127; }
just qd-reports-check
bash scripts/qd-reports-check.sh
qd report check: validated 70 completion report(s) and 70 audit report(s)
just pin-hygiene-check
bash scripts/pin-hygiene-check.sh
pin hygiene check: passed
cargo check --workspace --all-targets --all-features
    Finished `dev` profile [unoptimized + debuginfo] target(s) in 0.16s
cargo clippy --workspace --all-targets --all-features -- -D warnings
    Finished `dev` profile [unoptimized + debuginfo] target(s) in 0.11s
if [ "$(uname -s)" = Darwin ] && ! command -v shellcheck >/dev/null 2>&1; then echo "shellcheck skipped outside Linux/Nix"; else just require-tool shellcheck; git ls-files -- '*.sh' | while IFS= read -r shell_file; do shellcheck "$shell_file"; done; fi
command -v "shellcheck" >/dev/null 2>&1 || { echo "required tool missing: shellcheck; run inside nix develop"; exit 127; }
if [ "$(uname -s)" = Darwin ] && ! command -v typos >/dev/null 2>&1; then echo "typos skipped outside Linux/Nix"; else just require-tool typos; typos; fi
command -v "typos" >/dev/null 2>&1 || { echo "required tool missing: typos; run inside nix develop"; exit 127; }
if [ "$(uname -s)" = Darwin ] && ! command -v markdownlint-cli2 >/dev/null 2>&1; then echo "markdownlint-cli2 skipped outside Linux/Nix"; else just require-tool markdownlint-cli2; markdownlint-cli2 "**/*.md"; fi
command -v "markdownlint-cli2" >/dev/null 2>&1 || { echo "required tool missing: markdownlint-cli2; run inside nix develop"; exit 127; }
markdownlint-cli2 v0.22.1 (markdownlint v0.40.0)
Finding: **/*.md **/*.md !.qd/** !target/** !LICENSE-*
Linting: 100 file(s)
Summary: 0 error(s)
if [ "$(uname -s)" = Darwin ] && ! command -v actionlint >/dev/null 2>&1; then echo "actionlint skipped outside Linux/Nix"; else just require-tool actionlint; actionlint .github/workflows/*.yml; fi
command -v "actionlint" >/dev/null 2>&1 || { echo "required tool missing: actionlint; run inside nix develop"; exit 127; }
just lint-lines
max=500; status=0; while IFS= read -r -d '' file; do lines="$(wc -l < "$file")"; if [ "$lines" -gt "$max" ]; then printf '%s has %s lines; max is %s\n' "$file" "$lines" "$max"; status=1; fi; done < <(find . -path './.git' -prune -o -path './.qd/qd.db*' -prune -o -path './.qd/worktrees' -prune -o -path './target' -prune -o -path './apple/*.xcodeproj' -prune -o -path './apple/*.xcworkspace' -prune -o -path './docs/PRD.md' -prune -o -path './roadmap/qd-export.json' -prune -o -name 'Cargo.lock' -prune -o -name 'LICENSE-*' -prune -o -type f \( -name '*.rs' -o -name '*.swift' -o -name '*.toml' -o -name '*.md' -o -name '*.yml' -o -name '*.yaml' -o -name '*.json' -o -name '*.nix' -o -name 'justfile' -o -name '*.sh' \) -print0); exit "$status"

$ git diff --check (final)
git diff --check: passed
