Command line invocation:
    /Applications/Xcode.app/Contents/Developer/usr/bin/xcodebuild test -scheme MadobeMac -destination platform=macOS "-only-testing:MadobeClientCoreTests/MetalRenderTimingProbeTests"

--- xcodebuild: WARNING: Using the first of multiple matching destinations:
{ platform:macOS, arch:arm64, id:00008142-000A31A622C2401C, name:My Mac }
{ platform:macOS, arch:x86_64, id:00008142-000A31A622C2401C, name:My Mac }
ComputePackagePrebuildTargetDependencyGraph

Prepare packages

CreateBuildRequest

SendProjectDescription

CreateBuildOperation

ComputeTargetDependencyGraph
note: Building targets in dependency order
note: Target dependency graph (3 targets)
    Target 'MadobeClientCoreTests' in project 'MadobeMac'
        ➜ Explicit dependency on target 'MadobeClientCore' in project 'MadobeMac'
    Target 'MadobeMac' in project 'MadobeMac'
        ➜ Explicit dependency on target 'MadobeClientCore' in project 'MadobeMac'
    Target 'MadobeClientCore' in project 'MadobeMac' (no dependencies)

GatherProvisioningInputs

CreateBuildDescription

ExecuteExternalTool /Applications/Xcode.app/Contents/Developer/Toolchains/XcodeDefault.xctoolchain/usr/bin/clang -v -E -dM -isysroot /Applications/Xcode.app/Contents/Developer/Platforms/MacOSX.platform/Developer/SDKs/MacOSX26.2.sdk -x c -c /dev/null

ExecuteExternalTool /Applications/Xcode.app/Contents/Developer/Toolchains/XcodeDefault.xctoolchain/usr/bin/swiftc --version

ExecuteExternalTool /Applications/Xcode.app/Contents/Developer/Toolchains/XcodeDefault.xctoolchain/usr/bin/clang -v -E -dM -arch arm64 -isysroot /Applications/Xcode.app/Contents/Developer/Platforms/MacOSX.platform/Developer/SDKs/MacOSX26.2.sdk -x c -c /dev/null

ExecuteExternalTool /Applications/Xcode.app/Contents/Developer/Toolchains/XcodeDefault.xctoolchain/usr/bin/ld -version_details

Build description signature: 14eb25c04d83a115007571820503468e
Build description path: /Users/trevor/Library/Developer/Xcode/DerivedData/MadobeMac-eexmlcncupnqphedgtumlamtxgar/Build/Intermediates.noindex/XCBuildData/14eb25c04d83a115007571820503468e.xcbuilddata
ClangStatCache /Applications/Xcode.app/Contents/Developer/Toolchains/XcodeDefault.xctoolchain/usr/bin/clang-stat-cache /Applications/Xcode.app/Contents/Developer/Platforms/MacOSX.platform/Developer/SDKs/MacOSX26.2.sdk /Users/trevor/Library/Developer/Xcode/DerivedData/SDKStatCaches.noindex/macosx26.2-25C57-dc75598d0054f22ec865fa860f139d7200fa09913b459cbbc988d1f6730289ae.sdkstatcache
    cd /Users/trevor/Documents/GitHub/madobe/.qd/worktrees/m4-metal-evidence-wording-polish/apple/MadobeMac.xcodeproj
    /Applications/Xcode.app/Contents/Developer/Toolchains/XcodeDefault.xctoolchain/usr/bin/clang-stat-cache /Applications/Xcode.app/Contents/Developer/Platforms/MacOSX.platform/Developer/SDKs/MacOSX26.2.sdk -o /Users/trevor/Library/Developer/Xcode/DerivedData/SDKStatCaches.noindex/macosx26.2-25C57-dc75598d0054f22ec865fa860f139d7200fa09913b459cbbc988d1f6730289ae.sdkstatcache

ProcessInfoPlistFile /Users/trevor/Library/Developer/Xcode/DerivedData/MadobeMac-eexmlcncupnqphedgtumlamtxgar/Build/Products/Debug/MadobeClientCore.framework/Versions/A/Resources/Info.plist /Users/trevor/Documents/GitHub/madobe/.qd/worktrees/m4-metal-evidence-wording-polish/apple/Derived/InfoPlists/MadobeClientCore-Info.plist (in target 'MadobeClientCore' from project 'MadobeMac')
    cd /Users/trevor/Documents/GitHub/madobe/.qd/worktrees/m4-metal-evidence-wording-polish/apple
    builtin-infoPlistUtility /Users/trevor/Documents/GitHub/madobe/.qd/worktrees/m4-metal-evidence-wording-polish/apple/Derived/InfoPlists/MadobeClientCore-Info.plist -producttype com.apple.product-type.framework -expandbuildsettings -platform macosx -o /Users/trevor/Library/Developer/Xcode/DerivedData/MadobeMac-eexmlcncupnqphedgtumlamtxgar/Build/Products/Debug/MadobeClientCore.framework/Versions/A/Resources/Info.plist

ProcessProductPackaging "" /Users/trevor/Library/Developer/Xcode/DerivedData/MadobeMac-eexmlcncupnqphedgtumlamtxgar/Build/Intermediates.noindex/MadobeMac.build/Debug/MadobeMac.build/MadobeMac.app.xcent (in target 'MadobeMac' from project 'MadobeMac')
    cd /Users/trevor/Documents/GitHub/madobe/.qd/worktrees/m4-metal-evidence-wording-polish/apple
    
    Entitlements:
    
    {
    "com.apple.security.get-task-allow" = 1;
}
    
    builtin-productPackagingUtility -entitlements -format xml -o /Users/trevor/Library/Developer/Xcode/DerivedData/MadobeMac-eexmlcncupnqphedgtumlamtxgar/Build/Intermediates.noindex/MadobeMac.build/Debug/MadobeMac.build/MadobeMac.app.xcent

ProcessProductPackagingDER /Users/trevor/Library/Developer/Xcode/DerivedData/MadobeMac-eexmlcncupnqphedgtumlamtxgar/Build/Intermediates.noindex/MadobeMac.build/Debug/MadobeMac.build/MadobeMac.app.xcent /Users/trevor/Library/Developer/Xcode/DerivedData/MadobeMac-eexmlcncupnqphedgtumlamtxgar/Build/Intermediates.noindex/MadobeMac.build/Debug/MadobeMac.build/MadobeMac.app.xcent.der (in target 'MadobeMac' from project 'MadobeMac')
    cd /Users/trevor/Documents/GitHub/madobe/.qd/worktrees/m4-metal-evidence-wording-polish/apple
    /usr/bin/derq query -f xml -i /Users/trevor/Library/Developer/Xcode/DerivedData/MadobeMac-eexmlcncupnqphedgtumlamtxgar/Build/Intermediates.noindex/MadobeMac.build/Debug/MadobeMac.build/MadobeMac.app.xcent -o /Users/trevor/Library/Developer/Xcode/DerivedData/MadobeMac-eexmlcncupnqphedgtumlamtxgar/Build/Intermediates.noindex/MadobeMac.build/Debug/MadobeMac.build/MadobeMac.app.xcent.der --raw

Copy /Users/trevor/Library/Developer/Xcode/DerivedData/MadobeMac-eexmlcncupnqphedgtumlamtxgar/Build/Products/Debug/MadobeMac.app/Contents/Frameworks/MadobeClientCore.framework /Users/trevor/Library/Developer/Xcode/DerivedData/MadobeMac-eexmlcncupnqphedgtumlamtxgar/Build/Products/Debug/MadobeClientCore.framework (in target 'MadobeMac' from project 'MadobeMac')
    cd /Users/trevor/Documents/GitHub/madobe/.qd/worktrees/m4-metal-evidence-wording-polish/apple
    builtin-copy -exclude .DS_Store -exclude CVS -exclude .svn -exclude .git -exclude .hg -exclude Headers -exclude PrivateHeaders -exclude Modules -exclude \*.tbd -resolve-src-symlinks -remove-static-executable /Users/trevor/Library/Developer/Xcode/DerivedData/MadobeMac-eexmlcncupnqphedgtumlamtxgar/Build/Products/Debug/MadobeClientCore.framework /Users/trevor/Library/Developer/Xcode/DerivedData/MadobeMac-eexmlcncupnqphedgtumlamtxgar/Build/Products/Debug/MadobeMac.app/Contents/Frameworks

CodeSign /Users/trevor/Library/Developer/Xcode/DerivedData/MadobeMac-eexmlcncupnqphedgtumlamtxgar/Build/Products/Debug/MadobeMac.app/Contents/Frameworks/MadobeClientCore.framework/Versions/A (in target 'MadobeMac' from project 'MadobeMac')
    cd /Users/trevor/Documents/GitHub/madobe/.qd/worktrees/m4-metal-evidence-wording-polish/apple
    
    Signing Identity:     "Sign to Run Locally"
    
    /usr/bin/codesign --force --sign - --timestamp\=none --preserve-metadata\=identifier,entitlements,flags --generate-entitlement-der /Users/trevor/Library/Developer/Xcode/DerivedData/MadobeMac-eexmlcncupnqphedgtumlamtxgar/Build/Products/Debug/MadobeMac.app/Contents/Frameworks/MadobeClientCore.framework/Versions/A
/Users/trevor/Library/Developer/Xcode/DerivedData/MadobeMac-eexmlcncupnqphedgtumlamtxgar/Build/Products/Debug/MadobeMac.app/Contents/Frameworks/MadobeClientCore.framework/Versions/A: replacing existing signature

ProcessInfoPlistFile /Users/trevor/Library/Developer/Xcode/DerivedData/MadobeMac-eexmlcncupnqphedgtumlamtxgar/Build/Products/Debug/MadobeClientCoreTests.xctest/Contents/Info.plist /Users/trevor/Documents/GitHub/madobe/.qd/worktrees/m4-metal-evidence-wording-polish/apple/Derived/InfoPlists/MadobeClientCoreTests-Info.plist (in target 'MadobeClientCoreTests' from project 'MadobeMac')
    cd /Users/trevor/Documents/GitHub/madobe/.qd/worktrees/m4-metal-evidence-wording-polish/apple
    builtin-infoPlistUtility /Users/trevor/Documents/GitHub/madobe/.qd/worktrees/m4-metal-evidence-wording-polish/apple/Derived/InfoPlists/MadobeClientCoreTests-Info.plist -producttype com.apple.product-type.bundle.unit-test -expandbuildsettings -platform macosx -o /Users/trevor/Library/Developer/Xcode/DerivedData/MadobeMac-eexmlcncupnqphedgtumlamtxgar/Build/Products/Debug/MadobeClientCoreTests.xctest/Contents/Info.plist

CopySwiftLibs /Users/trevor/Library/Developer/Xcode/DerivedData/MadobeMac-eexmlcncupnqphedgtumlamtxgar/Build/Products/Debug/MadobeClientCoreTests.xctest (in target 'MadobeClientCoreTests' from project 'MadobeMac')
    cd /Users/trevor/Documents/GitHub/madobe/.qd/worktrees/m4-metal-evidence-wording-polish/apple
    builtin-swiftStdLibTool --copy --verbose --sign - --scan-executable /Users/trevor/Library/Developer/Xcode/DerivedData/MadobeMac-eexmlcncupnqphedgtumlamtxgar/Build/Products/Debug/MadobeClientCoreTests.xctest/Contents/MacOS/MadobeClientCoreTests --scan-folder /Users/trevor/Library/Developer/Xcode/DerivedData/MadobeMac-eexmlcncupnqphedgtumlamtxgar/Build/Products/Debug/MadobeClientCoreTests.xctest/Contents/Frameworks --scan-folder /Users/trevor/Library/Developer/Xcode/DerivedData/MadobeMac-eexmlcncupnqphedgtumlamtxgar/Build/Products/Debug/MadobeClientCoreTests.xctest/Contents/PlugIns --scan-folder /Users/trevor/Library/Developer/Xcode/DerivedData/MadobeMac-eexmlcncupnqphedgtumlamtxgar/Build/Products/Debug/MadobeClientCoreTests.xctest/Contents/Library/SystemExtensions --scan-folder /Users/trevor/Library/Developer/Xcode/DerivedData/MadobeMac-eexmlcncupnqphedgtumlamtxgar/Build/Products/Debug/MadobeClientCoreTests.xctest/Contents/Extensions --scan-folder /Users/trevor/Library/Developer/Xcode/DerivedData/MadobeMac-eexmlcncupnqphedgtumlamtxgar/Build/Products/Debug/MadobeClientCore.framework --platform macosx --toolchain /var/run/com.apple.security.cryptexd/mnt/com.apple.MobileAsset.MetalToolchain-v17.3.7003.10.Cjeo5U/Metal.xctoolchain --toolchain /Applications/Xcode.app/Contents/Developer/Toolchains/XcodeDefault.xctoolchain --destination /Users/trevor/Library/Developer/Xcode/DerivedData/MadobeMac-eexmlcncupnqphedgtumlamtxgar/Build/Products/Debug/MadobeClientCoreTests.xctest/Contents/Frameworks --strip-bitcode --scan-executable /Applications/Xcode.app/Contents/Developer/Platforms/MacOSX.platform/Developer/usr/lib/libXCTestSwiftSupport.dylib --strip-bitcode-tool /Applications/Xcode.app/Contents/Developer/Toolchains/XcodeDefault.xctoolchain/usr/bin/bitcode_strip --emit-dependency-info /Users/trevor/Library/Developer/Xcode/DerivedData/MadobeMac-eexmlcncupnqphedgtumlamtxgar/Build/Intermediates.noindex/MadobeMac.build/Debug/MadobeClientCoreTests.build/SwiftStdLibToolInputDependencies.dep --filter-for-swift-os --back-deploy-swift-span

CopySwiftLibs /Users/trevor/Library/Developer/Xcode/DerivedData/MadobeMac-eexmlcncupnqphedgtumlamtxgar/Build/Products/Debug/MadobeMac.app (in target 'MadobeMac' from project 'MadobeMac')
    cd /Users/trevor/Documents/GitHub/madobe/.qd/worktrees/m4-metal-evidence-wording-polish/apple
    builtin-swiftStdLibTool --copy --verbose --sign - --scan-executable /Users/trevor/Library/Developer/Xcode/DerivedData/MadobeMac-eexmlcncupnqphedgtumlamtxgar/Build/Products/Debug/MadobeMac.app/Contents/MacOS/MadobeMac.debug.dylib --scan-folder /Users/trevor/Library/Developer/Xcode/DerivedData/MadobeMac-eexmlcncupnqphedgtumlamtxgar/Build/Products/Debug/MadobeMac.app/Contents/Frameworks --scan-folder /Users/trevor/Library/Developer/Xcode/DerivedData/MadobeMac-eexmlcncupnqphedgtumlamtxgar/Build/Products/Debug/MadobeMac.app/Contents/PlugIns --scan-folder /Users/trevor/Library/Developer/Xcode/DerivedData/MadobeMac-eexmlcncupnqphedgtumlamtxgar/Build/Products/Debug/MadobeMac.app/Contents/Library/SystemExtensions --scan-folder /Users/trevor/Library/Developer/Xcode/DerivedData/MadobeMac-eexmlcncupnqphedgtumlamtxgar/Build/Products/Debug/MadobeMac.app/Contents/Extensions --scan-folder /Users/trevor/Library/Developer/Xcode/DerivedData/MadobeMac-eexmlcncupnqphedgtumlamtxgar/Build/Products/Debug/MadobeClientCore.framework --platform macosx --toolchain /var/run/com.apple.security.cryptexd/mnt/com.apple.MobileAsset.MetalToolchain-v17.3.7003.10.Cjeo5U/Metal.xctoolchain --toolchain /Applications/Xcode.app/Contents/Developer/Toolchains/XcodeDefault.xctoolchain --destination /Users/trevor/Library/Developer/Xcode/DerivedData/MadobeMac-eexmlcncupnqphedgtumlamtxgar/Build/Products/Debug/MadobeMac.app/Contents/Frameworks --strip-bitcode --strip-bitcode-tool /Applications/Xcode.app/Contents/Developer/Toolchains/XcodeDefault.xctoolchain/usr/bin/bitcode_strip --emit-dependency-info /Users/trevor/Library/Developer/Xcode/DerivedData/MadobeMac-eexmlcncupnqphedgtumlamtxgar/Build/Intermediates.noindex/MadobeMac.build/Debug/MadobeMac.build/SwiftStdLibToolInputDependencies.dep --filter-for-swift-os --back-deploy-swift-span

ProcessInfoPlistFile /Users/trevor/Library/Developer/Xcode/DerivedData/MadobeMac-eexmlcncupnqphedgtumlamtxgar/Build/Products/Debug/MadobeMac.app/Contents/Info.plist /Users/trevor/Documents/GitHub/madobe/.qd/worktrees/m4-metal-evidence-wording-polish/apple/Derived/InfoPlists/MadobeMac-Info.plist (in target 'MadobeMac' from project 'MadobeMac')
    cd /Users/trevor/Documents/GitHub/madobe/.qd/worktrees/m4-metal-evidence-wording-polish/apple
    builtin-infoPlistUtility /Users/trevor/Documents/GitHub/madobe/.qd/worktrees/m4-metal-evidence-wording-polish/apple/Derived/InfoPlists/MadobeMac-Info.plist -producttype com.apple.product-type.application -genpkginfo /Users/trevor/Library/Developer/Xcode/DerivedData/MadobeMac-eexmlcncupnqphedgtumlamtxgar/Build/Products/Debug/MadobeMac.app/Contents/PkgInfo -expandbuildsettings -platform macosx -scanforprivacyfile /Users/trevor/Library/Developer/Xcode/DerivedData/MadobeMac-eexmlcncupnqphedgtumlamtxgar/Build/Products/Debug/MadobeMac.app/Contents/Frameworks/MadobeClientCore.framework -o /Users/trevor/Library/Developer/Xcode/DerivedData/MadobeMac-eexmlcncupnqphedgtumlamtxgar/Build/Products/Debug/MadobeMac.app/Contents/Info.plist

CodeSign /Users/trevor/Library/Developer/Xcode/DerivedData/MadobeMac-eexmlcncupnqphedgtumlamtxgar/Build/Products/Debug/MadobeMac.app/Contents/MacOS/MadobeMac.debug.dylib (in target 'MadobeMac' from project 'MadobeMac')
    cd /Users/trevor/Documents/GitHub/madobe/.qd/worktrees/m4-metal-evidence-wording-polish/apple
    
    Signing Identity:     "Sign to Run Locally"
    
    /usr/bin/codesign --force --sign - --timestamp\=none --generate-entitlement-der /Users/trevor/Library/Developer/Xcode/DerivedData/MadobeMac-eexmlcncupnqphedgtumlamtxgar/Build/Products/Debug/MadobeMac.app/Contents/MacOS/MadobeMac.debug.dylib
/Users/trevor/Library/Developer/Xcode/DerivedData/MadobeMac-eexmlcncupnqphedgtumlamtxgar/Build/Products/Debug/MadobeMac.app/Contents/MacOS/MadobeMac.debug.dylib: replacing existing signature

CodeSign /Users/trevor/Library/Developer/Xcode/DerivedData/MadobeMac-eexmlcncupnqphedgtumlamtxgar/Build/Products/Debug/MadobeMac.app/Contents/MacOS/__preview.dylib (in target 'MadobeMac' from project 'MadobeMac')
    cd /Users/trevor/Documents/GitHub/madobe/.qd/worktrees/m4-metal-evidence-wording-polish/apple
    
    Signing Identity:     "Sign to Run Locally"
    
    /usr/bin/codesign --force --sign - --timestamp\=none --generate-entitlement-der /Users/trevor/Library/Developer/Xcode/DerivedData/MadobeMac-eexmlcncupnqphedgtumlamtxgar/Build/Products/Debug/MadobeMac.app/Contents/MacOS/__preview.dylib
/Users/trevor/Library/Developer/Xcode/DerivedData/MadobeMac-eexmlcncupnqphedgtumlamtxgar/Build/Products/Debug/MadobeMac.app/Contents/MacOS/__preview.dylib: replacing existing signature

CodeSign /Users/trevor/Library/Developer/Xcode/DerivedData/MadobeMac-eexmlcncupnqphedgtumlamtxgar/Build/Products/Debug/MadobeMac.app (in target 'MadobeMac' from project 'MadobeMac')
    cd /Users/trevor/Documents/GitHub/madobe/.qd/worktrees/m4-metal-evidence-wording-polish/apple
    
    Signing Identity:     "Sign to Run Locally"
    
    /usr/bin/codesign --force --sign - --entitlements /Users/trevor/Library/Developer/Xcode/DerivedData/MadobeMac-eexmlcncupnqphedgtumlamtxgar/Build/Intermediates.noindex/MadobeMac.build/Debug/MadobeMac.build/MadobeMac.app.xcent --timestamp\=none --generate-entitlement-der /Users/trevor/Library/Developer/Xcode/DerivedData/MadobeMac-eexmlcncupnqphedgtumlamtxgar/Build/Products/Debug/MadobeMac.app
/Users/trevor/Library/Developer/Xcode/DerivedData/MadobeMac-eexmlcncupnqphedgtumlamtxgar/Build/Products/Debug/MadobeMac.app: replacing existing signature

Validate /Users/trevor/Library/Developer/Xcode/DerivedData/MadobeMac-eexmlcncupnqphedgtumlamtxgar/Build/Products/Debug/MadobeMac.app (in target 'MadobeMac' from project 'MadobeMac')
    cd /Users/trevor/Documents/GitHub/madobe/.qd/worktrees/m4-metal-evidence-wording-polish/apple
    builtin-validationUtility /Users/trevor/Library/Developer/Xcode/DerivedData/MadobeMac-eexmlcncupnqphedgtumlamtxgar/Build/Products/Debug/MadobeMac.app -no-validate-extension -infoplist-subpath Contents/Info.plist

RegisterWithLaunchServices /Users/trevor/Library/Developer/Xcode/DerivedData/MadobeMac-eexmlcncupnqphedgtumlamtxgar/Build/Products/Debug/MadobeMac.app (in target 'MadobeMac' from project 'MadobeMac')
    cd /Users/trevor/Documents/GitHub/madobe/.qd/worktrees/m4-metal-evidence-wording-polish/apple
    /System/Library/Frameworks/CoreServices.framework/Versions/Current/Frameworks/LaunchServices.framework/Versions/Current/Support/lsregister -f -R -trusted /Users/trevor/Library/Developer/Xcode/DerivedData/MadobeMac-eexmlcncupnqphedgtumlamtxgar/Build/Products/Debug/MadobeMac.app

Test Suite 'Selected tests' started at 2026-07-04 00:15:42.437.
Test Suite 'MadobeClientCoreTests.xctest' started at 2026-07-04 00:15:42.437.
Test Suite 'MetalRenderTimingProbeTests' started at 2026-07-04 00:15:42.437.
Test Case '-[MadobeClientCoreTests.MetalRenderTimingProbeTests testRendersValidationTestPatternWhenMetalIsAvailable]' started.
Test Case '-[MadobeClientCoreTests.MetalRenderTimingProbeTests testRendersValidationTestPatternWhenMetalIsAvailable]' passed (0.566 seconds).
Test Case '-[MadobeClientCoreTests.MetalRenderTimingProbeTests testRenderTimingReportJSONIsStableAndDecodable]' started.
Test Case '-[MadobeClientCoreTests.MetalRenderTimingProbeTests testRenderTimingReportJSONIsStableAndDecodable]' passed (0.005 seconds).
Test Suite 'MetalRenderTimingProbeTests' passed at 2026-07-04 00:15:43.010.
	 Executed 2 tests, with 0 failures (0 unexpected) in 0.570 (0.572) seconds
Test Suite 'MadobeClientCoreTests.xctest' passed at 2026-07-04 00:15:43.010.
	 Executed 2 tests, with 0 failures (0 unexpected) in 0.570 (0.573) seconds
Test Suite 'Selected tests' passed at 2026-07-04 00:15:43.011.
	 Executed 2 tests, with 0 failures (0 unexpected) in 0.570 (0.574) seconds
2026-07-04 00:15:43.298 xcodebuild[67347:462545150] [MT] IDETestOperationsObserverDebug: 1.166 elapsed -- Testing started completed.
2026-07-04 00:15:43.298 xcodebuild[67347:462545150] [MT] IDETestOperationsObserverDebug: 0.000 sec, +0.000 sec -- start
2026-07-04 00:15:43.298 xcodebuild[67347:462545150] [MT] IDETestOperationsObserverDebug: 1.166 sec, +1.166 sec -- end

Test session results, code coverage, and logs:
	/Users/trevor/Library/Developer/Xcode/DerivedData/MadobeMac-eexmlcncupnqphedgtumlamtxgar/Logs/Test/Test-MadobeMac-2026.07.04_00-15-41--0500.xcresult

** TEST SUCCEEDED **

Testing started
