Command: focused line check for node artifacts (max 500)
6 evidence/m2-native-dmabuf-allocation-proof/commands.log
0 evidence/m2-native-dmabuf-allocation-proof/drm-devices.err
5 evidence/m2-native-dmabuf-allocation-proof/drm-devices.txt
0 evidence/m2-native-dmabuf-allocation-proof/hyprland-monitors-after-remove.err
89 evidence/m2-native-dmabuf-allocation-proof/hyprland-monitors-after-remove.json
0 evidence/m2-native-dmabuf-allocation-proof/hyprland-monitors-before.err
89 evidence/m2-native-dmabuf-allocation-proof/hyprland-monitors-before.json
0 evidence/m2-native-dmabuf-allocation-proof/hyprland-monitors-with-output.err
133 evidence/m2-native-dmabuf-allocation-proof/hyprland-monitors-with-output.json
0 evidence/m2-native-dmabuf-allocation-proof/hyprland-output-configure.err
2 evidence/m2-native-dmabuf-allocation-proof/hyprland-output-configure.txt
0 evidence/m2-native-dmabuf-allocation-proof/hyprland-output-create.err
2 evidence/m2-native-dmabuf-allocation-proof/hyprland-output-create.txt
0 evidence/m2-native-dmabuf-allocation-proof/hyprland-output-remove.err
2 evidence/m2-native-dmabuf-allocation-proof/hyprland-output-remove.txt
8 evidence/m2-native-dmabuf-allocation-proof/json-validation.log
227 evidence/m2-native-dmabuf-allocation-proof/just-verify.log
18 evidence/m2-native-dmabuf-allocation-proof/line-limit-check.log
0 evidence/m2-native-dmabuf-allocation-proof/native-dmabuf-capture.err
7 evidence/m2-native-dmabuf-allocation-proof/native-dmabuf-capture.json
1 evidence/m2-native-dmabuf-allocation-proof/nix-develop-dependencies.err
3 evidence/m2-native-dmabuf-allocation-proof/nix-develop-dependencies.txt
1 evidence/m2-native-dmabuf-allocation-proof/nix-shell-dependencies.err
9 evidence/m2-native-dmabuf-allocation-proof/nix-shell-dependencies.txt
115 evidence/m2-native-dmabuf-allocation-proof/notes.md
0 evidence/m2-native-dmabuf-allocation-proof/plain-path-dependencies.err
3 evidence/m2-native-dmabuf-allocation-proof/plain-path-dependencies.txt
0 evidence/m2-native-dmabuf-allocation-proof/precleanup-output-remove.err
2 evidence/m2-native-dmabuf-allocation-proof/precleanup-output-remove.txt
1 evidence/m2-native-dmabuf-allocation-proof/probe-compile.err
1 evidence/m2-native-dmabuf-allocation-proof/probe-compile.txt
1 evidence/m2-native-dmabuf-allocation-proof/qd-status-readonly.err
1 evidence/m2-native-dmabuf-allocation-proof/qd-status-readonly.txt
0 evidence/m2-native-dmabuf-allocation-proof/qdcli-check.err
1 evidence/m2-native-dmabuf-allocation-proof/qdcli-check.txt
1 evidence/m2-native-dmabuf-allocation-proof/redaction-scan.log
105 evidence/m2-native-dmabuf-allocation-proof/validation-summary.json
0 evidence/m2-native-dmabuf-allocation-proof/wayland-direct-globals.err
77 evidence/m2-native-dmabuf-allocation-proof/wayland-direct-globals.txt
46 reports/qd/m2-native-dmabuf-allocation-proof/audit.json
79 reports/qd/m2-native-dmabuf-allocation-proof/completion.json
