madobe dev shell: use 'just --list' to see commands
qd report check: validated 125 completion report(s), 125 audit report(s), and 6 blocker report(s)
qd ready queue check
source: /home/trevor/projects/madobe/.qd/worktrees/m4-qd-merge-summary-sha-contract/roadmap/qd-export.json
selection_source: qd ready --json is authoritative for assignment; raw export status is diagnostic
raw_ready_count: 4
assignable_ready_count: 0
held_ready_count: 4

Raw ready-status nodes:
- m4-audit [ready] Audit M4 integrated video path
- m4-cross-device-latency-instrumentation [ready] Measure cross-device frame latency
- m4-received-sample-metal-presentation [ready] Render and present a received decoded sample with Metal
- m4-received-sample-videotoolbox-decode [ready] Decode a received network sample with VideoToolbox

Assignable ready nodes (all transitive requires prerequisites done):
- none

Held ready-status nodes:
- m4-audit held by nearest non-done m4-cross-device-latency-instrumentation [ready] distance=1; nearest blocked m4-product-quic-cross-device-smoke [blocked] distance=1; blocked_by=external-dependency; blocked_reason=Waiting for Mac orchestrator to run product QUIC receiver on LAN and publish receiver certificate/artifacts for Linux sender validation; status_reason=[2026-07-04T05:31:21.804Z] Blocked by external-dependency: Waiting for Mac orchestrator to run product QUIC receiver on LAN and publish receiver certificate/artifacts for Linux sender validation Needed: Pull spec/m4-product-quic-cross-device-smoke, run madobectl product-quic-smoke receive on the Mac LAN address, and publish macos-receiver/server-cert.der plus receiver evidence
- m4-cross-device-latency-instrumentation held by nearest non-done m4-received-sample-metal-presentation [ready] distance=1; blocker_reason=none
- m4-received-sample-metal-presentation held by nearest non-done m4-received-sample-videotoolbox-decode [ready] distance=1; blocker_reason=none
- m4-received-sample-videotoolbox-decode held by nearest non-done m4-product-quic-cross-device-smoke [blocked] distance=1; nearest blocked m4-product-quic-cross-device-smoke [blocked] distance=1; blocked_by=external-dependency; blocked_reason=Waiting for Mac orchestrator to run product QUIC receiver on LAN and publish receiver certificate/artifacts for Linux sender validation; status_reason=[2026-07-04T05:31:21.804Z] Blocked by external-dependency: Waiting for Mac orchestrator to run product QUIC receiver on LAN and publish receiver certificate/artifacts for Linux sender validation Needed: Pull spec/m4-product-quic-cross-device-smoke, run madobectl product-quic-smoke receive on the Mac LAN address, and publish macos-receiver/server-cert.der plus receiver evidence
cross-device result check: validated crates/protocol/fixtures/m3-cross-device-video-smoke/result.json and negative fixtures
product quic result check: validated crates/protocol/fixtures/m4-product-quic-smoke/result.json and negative fixtures
pin hygiene check: passed
pr template check: passed
workflow contract check: passed
dependabot contract check: passed
markdownlint-cli2 v0.22.1 (markdownlint v0.40.0)
Finding: **/*.md **/*.md !.qd/** !target/** !LICENSE-*
Linting: 135 file(s)
Summary: 0 error(s)
