## temporary-copy unreachable full-length SHA negative smoke test
$ jq '.commits=["0000000000000000000000000000000000000000"]' reports/qd/m4-qd-report-commit-reachability-contract/completion.json > temporary copy
$ bash scripts/qd-reports-check.sh
qd report check: reports/qd/m4-qd-report-commit-reachability-contract/completion.json: commits[] SHA is not present as a commit in the current git repository: 0000000000000000000000000000000000000000
qd report check: failed with 1 error(s)
expected failure status: 1

## nix develop -c just qd-reports-check
$ nix develop -c just qd-reports-check
warning: Git tree '/home/trevor/projects/madobe/.qd/worktrees/m4-qd-report-commit-reachability-contract' is dirty
madobe dev shell: use 'just --list' to see commands
bash scripts/qd-reports-check.sh
qd report check: validated 80 completion report(s) and 80 audit report(s)

## nix develop -c just check
$ nix develop -c just check
warning: Git tree '/home/trevor/projects/madobe/.qd/worktrees/m4-qd-report-commit-reachability-contract' is dirty
madobe dev shell: use 'just --list' to see commands
cargo fmt --all -- --check
if [ "$(uname -s)" = Darwin ] && ! command -v taplo >/dev/null 2>&1; then echo "taplo skipped outside Linux/Nix"; else just require-tool taplo; taplo fmt --check; fi
command -v "taplo" >/dev/null 2>&1 || { echo "required tool missing: taplo; run inside nix develop"; exit 127; }
 INFO taplo:format_files:load_config: found configuration file path="/home/trevor/projects/madobe/.qd/worktrees/m4-qd-report-commit-reachability-contract/taplo.toml"
 INFO taplo:format_files:collect_files: found files total=22 excluded=1 files=["/home/trevor/projects/madobe/.qd/worktrees/m4-qd-report-commit-reachability-contract/.config/nextest.toml", "/home/trevor/projects/madobe/.qd/worktrees/m4-qd-report-commit-reachability-contract/.mise.toml", "/home/trevor/projects/madobe/.qd/worktrees/m4-qd-report-commit-reachability-contract/Cargo.toml", "/home/trevor/projects/madobe/.qd/worktrees/m4-qd-report-commit-reachability-contract/apps/cli/Cargo.toml", "/home/trevor/projects/madobe/.qd/worktrees/m4-qd-report-commit-reachability-contract/apps/hostd/Cargo.toml", "/home/trevor/projects/madobe/.qd/worktrees/m4-qd-report-commit-reachability-contract/clippy.toml", "/home/trevor/projects/madobe/.qd/worktrees/m4-qd-report-commit-reachability-contract/crates/capture/Cargo.toml", "/home/trevor/projects/madobe/.qd/worktrees/m4-qd-report-commit-reachability-contract/crates/compositor/Cargo.toml", "/home/trevor/projects/madobe/.qd/worktrees/m4-qd-report-commit-reachability-contract/crates/encode/Cargo.toml", "/home/trevor/projects/madobe/.qd/worktrees/m4-qd-report-commit-reachability-contract/crates/encode-nv-sys/Cargo.toml", "/home/trevor/projects/madobe/.qd/worktrees/m4-qd-report-commit-reachability-contract/crates/hyprland/Cargo.toml", "/home/trevor/projects/madobe/.qd/worktrees/m4-qd-report-commit-reachability-contract/crates/protocol/Cargo.toml", "/home/trevor/projects/madobe/.qd/worktrees/m4-qd-report-commit-reachability-contract/crates/telemetry/Cargo.toml", "/home/trevor/projects/madobe/.qd/worktrees/m4-qd-report-commit-reachability-contract/crates/transport/Cargo.toml", "/home/trevor/projects/madobe/.qd/worktrees/m4-qd-report-commit-reachability-contract/deny.toml", "/home/trevor/projects/madobe/.qd/worktrees/m4-qd-report-commit-reachability-contract/lychee.toml", "/home/trevor/projects/madobe/.qd/worktrees/m4-qd-report-commit-reachability-contract/rustfmt.toml", "/home/trevor/projects/madobe/.qd/worktrees/m4-qd-report-commit-reachability-contract/supply-chain/audits.toml", "/home/trevor/projects/madobe/.qd/worktrees/m4-qd-report-commit-reachability-contract/supply-chain/config.toml", "/home/trevor/projects/madobe/.qd/worktrees/m4-qd-report-commit-reachability-contract/taplo.toml", "/home/trevor/projects/madobe/.qd/worktrees/m4-qd-report-commit-reachability-contract/typos.toml"] cwd="/home/trevor/projects/madobe/.qd/worktrees/m4-qd-report-commit-reachability-contract"
if [ "$(uname -s)" = Darwin ] && ! command -v shfmt >/dev/null 2>&1; then echo "shfmt skipped outside Linux/Nix"; else just require-tool shfmt; find . -path './.git' -prune -o -path './target' -prune -o -name '*.sh' -print0 | xargs -0 -r shfmt -d; fi
command -v "shfmt" >/dev/null 2>&1 || { echo "required tool missing: shfmt; run inside nix develop"; exit 127; }
just qd-reports-check
bash scripts/qd-reports-check.sh
qd report check: validated 80 completion report(s) and 80 audit report(s)
just pin-hygiene-check
bash scripts/pin-hygiene-check.sh
pin hygiene check: passed
just pr-template-check
bash scripts/pr-template-check.sh
pr template check: passed
just workflow-contract-check
bash scripts/workflow-contract-check.sh
workflow contract check: passed
just dependabot-contract-check
bash scripts/dependabot-contract-check.sh
dependabot contract check: passed
cargo check --workspace --all-targets --all-features
    Checking madobe-compositor v0.1.0 (/home/trevor/projects/madobe/.qd/worktrees/m4-qd-report-commit-reachability-contract/crates/compositor)
    Checking madobe-protocol v0.1.0 (/home/trevor/projects/madobe/.qd/worktrees/m4-qd-report-commit-reachability-contract/crates/protocol)
    Checking madobe-telemetry v0.1.0 (/home/trevor/projects/madobe/.qd/worktrees/m4-qd-report-commit-reachability-contract/crates/telemetry)
    Checking madobe-encode-nv-sys v0.1.0 (/home/trevor/projects/madobe/.qd/worktrees/m4-qd-report-commit-reachability-contract/crates/encode-nv-sys)
    Checking madobe-capture v0.1.0 (/home/trevor/projects/madobe/.qd/worktrees/m4-qd-report-commit-reachability-contract/crates/capture)
    Checking madobe-transport v0.1.0 (/home/trevor/projects/madobe/.qd/worktrees/m4-qd-report-commit-reachability-contract/crates/transport)
    Checking madobe-encode v0.1.0 (/home/trevor/projects/madobe/.qd/worktrees/m4-qd-report-commit-reachability-contract/crates/encode)
    Checking madobe-hyprland v0.1.0 (/home/trevor/projects/madobe/.qd/worktrees/m4-qd-report-commit-reachability-contract/crates/hyprland)
    Checking hostd v0.1.0 (/home/trevor/projects/madobe/.qd/worktrees/m4-qd-report-commit-reachability-contract/apps/hostd)
    Checking madobectl v0.1.0 (/home/trevor/projects/madobe/.qd/worktrees/m4-qd-report-commit-reachability-contract/apps/cli)
    Finished `dev` profile [unoptimized + debuginfo] target(s) in 1.26s
cargo clippy --workspace --all-targets --all-features -- -D warnings
    Checking madobe-compositor v0.1.0 (/home/trevor/projects/madobe/.qd/worktrees/m4-qd-report-commit-reachability-contract/crates/compositor)
    Checking madobe-telemetry v0.1.0 (/home/trevor/projects/madobe/.qd/worktrees/m4-qd-report-commit-reachability-contract/crates/telemetry)
    Checking madobe-protocol v0.1.0 (/home/trevor/projects/madobe/.qd/worktrees/m4-qd-report-commit-reachability-contract/crates/protocol)
    Checking madobe-encode-nv-sys v0.1.0 (/home/trevor/projects/madobe/.qd/worktrees/m4-qd-report-commit-reachability-contract/crates/encode-nv-sys)
    Checking madobe-capture v0.1.0 (/home/trevor/projects/madobe/.qd/worktrees/m4-qd-report-commit-reachability-contract/crates/capture)
    Checking madobe-encode v0.1.0 (/home/trevor/projects/madobe/.qd/worktrees/m4-qd-report-commit-reachability-contract/crates/encode)
    Checking madobe-transport v0.1.0 (/home/trevor/projects/madobe/.qd/worktrees/m4-qd-report-commit-reachability-contract/crates/transport)
    Checking madobe-hyprland v0.1.0 (/home/trevor/projects/madobe/.qd/worktrees/m4-qd-report-commit-reachability-contract/crates/hyprland)
    Checking hostd v0.1.0 (/home/trevor/projects/madobe/.qd/worktrees/m4-qd-report-commit-reachability-contract/apps/hostd)
    Checking madobectl v0.1.0 (/home/trevor/projects/madobe/.qd/worktrees/m4-qd-report-commit-reachability-contract/apps/cli)
    Finished `dev` profile [unoptimized + debuginfo] target(s) in 1.07s
if [ "$(uname -s)" = Darwin ] && ! command -v shellcheck >/dev/null 2>&1; then echo "shellcheck skipped outside Linux/Nix"; else just require-tool shellcheck; git ls-files -- '*.sh' | while IFS= read -r shell_file; do shellcheck "$shell_file"; done; fi
command -v "shellcheck" >/dev/null 2>&1 || { echo "required tool missing: shellcheck; run inside nix develop"; exit 127; }
if [ "$(uname -s)" = Darwin ] && ! command -v typos >/dev/null 2>&1; then echo "typos skipped outside Linux/Nix"; else just require-tool typos; typos; fi
command -v "typos" >/dev/null 2>&1 || { echo "required tool missing: typos; run inside nix develop"; exit 127; }
if [ "$(uname -s)" = Darwin ] && ! command -v markdownlint-cli2 >/dev/null 2>&1; then echo "markdownlint-cli2 skipped outside Linux/Nix"; else just require-tool markdownlint-cli2; markdownlint-cli2 "**/*.md"; fi
command -v "markdownlint-cli2" >/dev/null 2>&1 || { echo "required tool missing: markdownlint-cli2; run inside nix develop"; exit 127; }
markdownlint-cli2 v0.22.1 (markdownlint v0.40.0)
Finding: **/*.md **/*.md !.qd/** !target/** !LICENSE-*
Linting: 107 file(s)
Summary: 0 error(s)
if [ "$(uname -s)" = Darwin ] && ! command -v actionlint >/dev/null 2>&1; then echo "actionlint skipped outside Linux/Nix"; else just require-tool actionlint; actionlint .github/workflows/*.yml; fi
command -v "actionlint" >/dev/null 2>&1 || { echo "required tool missing: actionlint; run inside nix develop"; exit 127; }
just lint-lines
max=500; status=0; while IFS= read -r -d '' file; do lines="$(wc -l < "$file")"; if [ "$lines" -gt "$max" ]; then printf '%s has %s lines; max is %s\n' "$file" "$lines" "$max"; status=1; fi; done < <(find . -path './.git' -prune -o -path './.qd/qd.db*' -prune -o -path './.qd/worktrees' -prune -o -path './target' -prune -o -path './apple/*.xcodeproj' -prune -o -path './apple/*.xcworkspace' -prune -o -path './docs/PRD.md' -prune -o -path './roadmap/qd-export.json' -prune -o -name 'Cargo.lock' -prune -o -name 'LICENSE-*' -prune -o -type f \( -name '*.rs' -o -name '*.swift' -o -name '*.toml' -o -name '*.md' -o -name '*.yml' -o -name '*.yaml' -o -name '*.json' -o -name '*.nix' -o -name 'justfile' -o -name '*.sh' \) -print0); exit "$status"

## git diff --check
$ git diff --check
git diff --check passed

## final git diff --check after evidence log marker
$ git diff --check
final git diff --check passed

## valid commit object not reachable from HEAD negative smoke test
$ temporarily set m0-ci-green commits[] to stale local-only implementation SHA 63b1c6b134522f935d22aee7e1b97982c4f29363
qd report check: reports/qd/m0-ci-green/completion.json: commits[] SHA is not reachable from HEAD: 63b1c6b134522f935d22aee7e1b97982c4f29363
qd report check: failed with 1 error(s)
zsh:9: read-only variable: status

## valid commit object not reachable from HEAD negative smoke test (rerun)
$ temporarily set m0-ci-green commits[] to stale local-only implementation SHA 63b1c6b134522f935d22aee7e1b97982c4f29363
jq: error: syntax error, unexpected IDENT, expecting '|' or ',' or ']' at <top-level>, line 1, column 13:
    .commits=[63b1c6b134522f935d22aee7e1b97982c4f29363]
                ^^^^^^^^^^^^^^^^^^^^^^^^^^^^^^^^^^^^^^
jq: 1 compile error

## valid commit object not reachable from HEAD negative smoke test (rerun)
$ temporarily set m0-ci-green commits[] to stale local-only implementation SHA 63b1c6b134522f935d22aee7e1b97982c4f29363
qd report check: reports/qd/m0-ci-green/completion.json: commits[] SHA is not reachable from HEAD: 63b1c6b134522f935d22aee7e1b97982c4f29363
qd report check: failed with 1 error(s)
expected failure status: 1

## nix develop -c just qd-reports-check after durable SHA normalization
$ nix develop -c just qd-reports-check
warning: Git tree '/home/trevor/projects/madobe/.qd/worktrees/m4-qd-report-commit-reachability-contract' is dirty
madobe dev shell: use 'just --list' to see commands
bash scripts/qd-reports-check.sh
qd report check: validated 80 completion report(s) and 80 audit report(s)

## nix develop -c just check after durable SHA normalization
$ nix develop -c just check
warning: Git tree '/home/trevor/projects/madobe/.qd/worktrees/m4-qd-report-commit-reachability-contract' is dirty
madobe dev shell: use 'just --list' to see commands
cargo fmt --all -- --check
if [ "$(uname -s)" = Darwin ] && ! command -v taplo >/dev/null 2>&1; then echo "taplo skipped outside Linux/Nix"; else just require-tool taplo; taplo fmt --check; fi
command -v "taplo" >/dev/null 2>&1 || { echo "required tool missing: taplo; run inside nix develop"; exit 127; }
 INFO taplo:format_files:load_config: found configuration file path="/home/trevor/projects/madobe/.qd/worktrees/m4-qd-report-commit-reachability-contract/taplo.toml"
 INFO taplo:format_files:collect_files: found files total=22 excluded=1 files=["/home/trevor/projects/madobe/.qd/worktrees/m4-qd-report-commit-reachability-contract/.config/nextest.toml", "/home/trevor/projects/madobe/.qd/worktrees/m4-qd-report-commit-reachability-contract/.mise.toml", "/home/trevor/projects/madobe/.qd/worktrees/m4-qd-report-commit-reachability-contract/Cargo.toml", "/home/trevor/projects/madobe/.qd/worktrees/m4-qd-report-commit-reachability-contract/apps/cli/Cargo.toml", "/home/trevor/projects/madobe/.qd/worktrees/m4-qd-report-commit-reachability-contract/apps/hostd/Cargo.toml", "/home/trevor/projects/madobe/.qd/worktrees/m4-qd-report-commit-reachability-contract/clippy.toml", "/home/trevor/projects/madobe/.qd/worktrees/m4-qd-report-commit-reachability-contract/crates/capture/Cargo.toml", "/home/trevor/projects/madobe/.qd/worktrees/m4-qd-report-commit-reachability-contract/crates/compositor/Cargo.toml", "/home/trevor/projects/madobe/.qd/worktrees/m4-qd-report-commit-reachability-contract/crates/encode/Cargo.toml", "/home/trevor/projects/madobe/.qd/worktrees/m4-qd-report-commit-reachability-contract/crates/encode-nv-sys/Cargo.toml", "/home/trevor/projects/madobe/.qd/worktrees/m4-qd-report-commit-reachability-contract/crates/hyprland/Cargo.toml", "/home/trevor/projects/madobe/.qd/worktrees/m4-qd-report-commit-reachability-contract/crates/protocol/Cargo.toml", "/home/trevor/projects/madobe/.qd/worktrees/m4-qd-report-commit-reachability-contract/crates/telemetry/Cargo.toml", "/home/trevor/projects/madobe/.qd/worktrees/m4-qd-report-commit-reachability-contract/crates/transport/Cargo.toml", "/home/trevor/projects/madobe/.qd/worktrees/m4-qd-report-commit-reachability-contract/deny.toml", "/home/trevor/projects/madobe/.qd/worktrees/m4-qd-report-commit-reachability-contract/lychee.toml", "/home/trevor/projects/madobe/.qd/worktrees/m4-qd-report-commit-reachability-contract/rustfmt.toml", "/home/trevor/projects/madobe/.qd/worktrees/m4-qd-report-commit-reachability-contract/supply-chain/audits.toml", "/home/trevor/projects/madobe/.qd/worktrees/m4-qd-report-commit-reachability-contract/supply-chain/config.toml", "/home/trevor/projects/madobe/.qd/worktrees/m4-qd-report-commit-reachability-contract/taplo.toml", "/home/trevor/projects/madobe/.qd/worktrees/m4-qd-report-commit-reachability-contract/typos.toml"] cwd="/home/trevor/projects/madobe/.qd/worktrees/m4-qd-report-commit-reachability-contract"
if [ "$(uname -s)" = Darwin ] && ! command -v shfmt >/dev/null 2>&1; then echo "shfmt skipped outside Linux/Nix"; else just require-tool shfmt; find . -path './.git' -prune -o -path './target' -prune -o -name '*.sh' -print0 | xargs -0 -r shfmt -d; fi
command -v "shfmt" >/dev/null 2>&1 || { echo "required tool missing: shfmt; run inside nix develop"; exit 127; }
just qd-reports-check
bash scripts/qd-reports-check.sh
qd report check: validated 80 completion report(s) and 80 audit report(s)
just pin-hygiene-check
bash scripts/pin-hygiene-check.sh
pin hygiene check: passed
just pr-template-check
bash scripts/pr-template-check.sh
pr template check: passed
just workflow-contract-check
bash scripts/workflow-contract-check.sh
workflow contract check: passed
just dependabot-contract-check
bash scripts/dependabot-contract-check.sh
dependabot contract check: passed
cargo check --workspace --all-targets --all-features
    Finished `dev` profile [unoptimized + debuginfo] target(s) in 0.13s
cargo clippy --workspace --all-targets --all-features -- -D warnings
    Finished `dev` profile [unoptimized + debuginfo] target(s) in 0.09s
if [ "$(uname -s)" = Darwin ] && ! command -v shellcheck >/dev/null 2>&1; then echo "shellcheck skipped outside Linux/Nix"; else just require-tool shellcheck; git ls-files -- '*.sh' | while IFS= read -r shell_file; do shellcheck "$shell_file"; done; fi
command -v "shellcheck" >/dev/null 2>&1 || { echo "required tool missing: shellcheck; run inside nix develop"; exit 127; }
if [ "$(uname -s)" = Darwin ] && ! command -v typos >/dev/null 2>&1; then echo "typos skipped outside Linux/Nix"; else just require-tool typos; typos; fi
command -v "typos" >/dev/null 2>&1 || { echo "required tool missing: typos; run inside nix develop"; exit 127; }
if [ "$(uname -s)" = Darwin ] && ! command -v markdownlint-cli2 >/dev/null 2>&1; then echo "markdownlint-cli2 skipped outside Linux/Nix"; else just require-tool markdownlint-cli2; markdownlint-cli2 "**/*.md"; fi
command -v "markdownlint-cli2" >/dev/null 2>&1 || { echo "required tool missing: markdownlint-cli2; run inside nix develop"; exit 127; }
markdownlint-cli2 v0.22.1 (markdownlint v0.40.0)
Finding: **/*.md **/*.md !.qd/** !target/** !LICENSE-*
Linting: 107 file(s)
Summary: 0 error(s)
if [ "$(uname -s)" = Darwin ] && ! command -v actionlint >/dev/null 2>&1; then echo "actionlint skipped outside Linux/Nix"; else just require-tool actionlint; actionlint .github/workflows/*.yml; fi
command -v "actionlint" >/dev/null 2>&1 || { echo "required tool missing: actionlint; run inside nix develop"; exit 127; }
just lint-lines
max=500; status=0; while IFS= read -r -d '' file; do lines="$(wc -l < "$file")"; if [ "$lines" -gt "$max" ]; then printf '%s has %s lines; max is %s\n' "$file" "$lines" "$max"; status=1; fi; done < <(find . -path './.git' -prune -o -path './.qd/qd.db*' -prune -o -path './.qd/worktrees' -prune -o -path './target' -prune -o -path './apple/*.xcodeproj' -prune -o -path './apple/*.xcworkspace' -prune -o -path './docs/PRD.md' -prune -o -path './roadmap/qd-export.json' -prune -o -name 'Cargo.lock' -prune -o -name 'LICENSE-*' -prune -o -type f \( -name '*.rs' -o -name '*.swift' -o -name '*.toml' -o -name '*.md' -o -name '*.yml' -o -name '*.yaml' -o -name '*.json' -o -name '*.nix' -o -name 'justfile' -o -name '*.sh' \) -print0); exit "$status"

## git diff --check after CI checkout fix
$ git diff --check
git diff --check passed
