cargo fmt --all -- --check
if command -v taplo >/dev/null 2>&1; then taplo fmt --check; fi
 INFO taplo:format_files:load_config: found configuration file path="/Users/trevor/Documents/GitHub/madobe/.qd/worktrees/m0-mac-bootstrap-verify/taplo.toml"
 INFO taplo:format_files:collect_files: found files total=16 excluded=1 files=["/Users/trevor/Documents/GitHub/madobe/.qd/worktrees/m0-mac-bootstrap-verify/.config/nextest.toml", "/Users/trevor/Documents/GitHub/madobe/.qd/worktrees/m0-mac-bootstrap-verify/.mise.toml", "/Users/trevor/Documents/GitHub/madobe/.qd/worktrees/m0-mac-bootstrap-verify/Cargo.toml", "/Users/trevor/Documents/GitHub/madobe/.qd/worktrees/m0-mac-bootstrap-verify/apps/cli/Cargo.toml", "/Users/trevor/Documents/GitHub/madobe/.qd/worktrees/m0-mac-bootstrap-verify/apps/hostd/Cargo.toml", "/Users/trevor/Documents/GitHub/madobe/.qd/worktrees/m0-mac-bootstrap-verify/clippy.toml", "/Users/trevor/Documents/GitHub/madobe/.qd/worktrees/m0-mac-bootstrap-verify/crates/protocol/Cargo.toml", "/Users/trevor/Documents/GitHub/madobe/.qd/worktrees/m0-mac-bootstrap-verify/crates/telemetry/Cargo.toml", "/Users/trevor/Documents/GitHub/madobe/.qd/worktrees/m0-mac-bootstrap-verify/deny.toml", "/Users/trevor/Documents/GitHub/madobe/.qd/worktrees/m0-mac-bootstrap-verify/lychee.toml", "/Users/trevor/Documents/GitHub/madobe/.qd/worktrees/m0-mac-bootstrap-verify/rustfmt.toml", "/Users/trevor/Documents/GitHub/madobe/.qd/worktrees/m0-mac-bootstrap-verify/supply-chain/audits.toml", "/Users/trevor/Documents/GitHub/madobe/.qd/worktrees/m0-mac-bootstrap-verify/supply-chain/config.toml", "/Users/trevor/Documents/GitHub/madobe/.qd/worktrees/m0-mac-bootstrap-verify/taplo.toml", "/Users/trevor/Documents/GitHub/madobe/.qd/worktrees/m0-mac-bootstrap-verify/typos.toml"] cwd="/Users/trevor/Documents/GitHub/madobe/.qd/worktrees/m0-mac-bootstrap-verify"
if command -v swiftformat >/dev/null 2>&1 && [ -d apple ]; then swiftformat --lint apple; fi
Running SwiftFormat...
(lint mode - no files will be changed.)
Reading config file at /Users/trevor/Documents/GitHub/madobe/.qd/worktrees/m0-mac-bootstrap-verify/apple/.swiftformat
SwiftFormat completed in 0.01s.
0/4 files require formatting.
if command -v shfmt >/dev/null 2>&1; then find . -path './.git' -prune -o -path './target' -prune -o -name '*.sh' -print0 | xargs -0 -r shfmt -d; fi
cargo check --workspace --all-targets --all-features
    Checking madobe-telemetry v0.1.0 (/Users/trevor/Documents/GitHub/madobe/.qd/worktrees/m0-mac-bootstrap-verify/crates/telemetry)
    Checking madobe-protocol v0.1.0 (/Users/trevor/Documents/GitHub/madobe/.qd/worktrees/m0-mac-bootstrap-verify/crates/protocol)
    Checking hostd v0.1.0 (/Users/trevor/Documents/GitHub/madobe/.qd/worktrees/m0-mac-bootstrap-verify/apps/hostd)
    Checking madobectl v0.1.0 (/Users/trevor/Documents/GitHub/madobe/.qd/worktrees/m0-mac-bootstrap-verify/apps/cli)
    Finished `dev` profile [unoptimized + debuginfo] target(s) in 0.28s
cargo clippy --workspace --all-targets --all-features -- -D warnings
    Checking madobe-telemetry v0.1.0 (/Users/trevor/Documents/GitHub/madobe/.qd/worktrees/m0-mac-bootstrap-verify/crates/telemetry)
    Checking madobe-protocol v0.1.0 (/Users/trevor/Documents/GitHub/madobe/.qd/worktrees/m0-mac-bootstrap-verify/crates/protocol)
    Checking hostd v0.1.0 (/Users/trevor/Documents/GitHub/madobe/.qd/worktrees/m0-mac-bootstrap-verify/apps/hostd)
    Checking madobectl v0.1.0 (/Users/trevor/Documents/GitHub/madobe/.qd/worktrees/m0-mac-bootstrap-verify/apps/cli)
    Finished `dev` profile [unoptimized + debuginfo] target(s) in 0.20s
if command -v typos >/dev/null 2>&1; then typos; fi
if command -v markdownlint-cli2 >/dev/null 2>&1; then markdownlint-cli2 "**/*.md"; fi
if command -v actionlint >/dev/null 2>&1; then actionlint .github/workflows/*.yml; fi
if command -v swiftlint >/dev/null 2>&1 && [ -d apple ]; then swiftlint lint --strict --config apple/.swiftlint.yml; fi
Linting Swift files in current working directory
Linting 'MadobeMacApp.swift' (1/3)
Linting 'MadobeClientCoreTests.swift' (2/3)
Linting 'MadobeIdentity.swift' (3/3)
Done linting! Found 0 violations, 0 serious in 3 files.
just lint-lines
max=500; status=0; while IFS= read -r -d '' file; do lines="$(wc -l < "$file")"; if [ "$lines" -gt "$max" ]; then printf '%s has %s lines; max is %s\n' "$file" "$lines" "$max"; status=1; fi; done < <(find . -path './.git' -prune -o -path './.qd/qd.db*' -prune -o -path './.qd/worktrees' -prune -o -path './target' -prune -o -path './apple/*.xcodeproj' -prune -o -path './apple/*.xcworkspace' -prune -o -path './docs/PRD.md' -prune -o -path './roadmap/qd-export.json' -prune -o -name 'Cargo.lock' -prune -o -name 'LICENSE-*' -prune -o -type f \( -name '*.rs' -o -name '*.swift' -o -name '*.toml' -o -name '*.md' -o -name '*.yml' -o -name '*.yaml' -o -name '*.json' -o -name '*.nix' -o -name 'justfile' -o -name '*.sh' \) -print0); exit "$status"
if [ "$(uname -s)" != Darwin ]; then echo "tuist generation skipped outside macOS"; else cd apple && if command -v tuist >/dev/null 2>&1; then tuist generate; elif command -v mise >/dev/null 2>&1; then mise exec -- tuist generate; else echo "tuist missing; run just macos-bootstrap"; exit 127; fi; fi
Loading and constructing the graph
It might take a while if the cache is empty
Using cache binaries for the following targets: 
Generating workspace MadobeMac.xcworkspace
Generating project MadobeMac
Total time taken: 0.118s
✔ Success 
  Project generated. 
if [ "$(uname -s)" != Darwin ]; then echo "apple tests skipped outside macOS"; else cd apple && { if command -v tuist >/dev/null 2>&1; then tuist generate; elif command -v mise >/dev/null 2>&1; then mise exec -- tuist generate; else echo "tuist missing; run just macos-bootstrap"; exit 127; fi; } && xcodebuild test -scheme MadobeMac -destination 'platform=macOS'; fi
Loading and constructing the graph
It might take a while if the cache is empty
Using cache binaries for the following targets: 
Generating workspace MadobeMac.xcworkspace
Generating project MadobeMac
Total time taken: 0.160s
✔ Success 
  Project generated. 
Command line invocation:
    /Applications/Xcode.app/Contents/Developer/usr/bin/xcodebuild test -scheme MadobeMac -destination platform=macOS

--- xcodebuild: WARNING: Using the first of multiple matching destinations:
{ platform:macOS, arch:arm64, id:00008142-000A31A622C2401C, name:My Mac }
{ platform:macOS, arch:x86_64, id:00008142-000A31A622C2401C, name:My Mac }
ComputePackagePrebuildTargetDependencyGraph

Prepare packages

CreateBuildRequest

SendProjectDescription

CreateBuildOperation

ComputeTargetDependencyGraph
note: Building targets in dependency order
note: Target dependency graph (3 targets)
    Target 'MadobeClientCoreTests' in project 'MadobeMac'
        ➜ Explicit dependency on target 'MadobeClientCore' in project 'MadobeMac'
    Target 'MadobeMac' in project 'MadobeMac'
        ➜ Explicit dependency on target 'MadobeClientCore' in project 'MadobeMac'
    Target 'MadobeClientCore' in project 'MadobeMac' (no dependencies)

GatherProvisioningInputs

CreateBuildDescription

ExecuteExternalTool /Applications/Xcode.app/Contents/Developer/Toolchains/XcodeDefault.xctoolchain/usr/bin/clang -v -E -dM -isysroot /Applications/Xcode.app/Contents/Developer/Platforms/MacOSX.platform/Developer/SDKs/MacOSX26.2.sdk -x c -c /dev/null

ExecuteExternalTool /Applications/Xcode.app/Contents/Developer/Toolchains/XcodeDefault.xctoolchain/usr/bin/swiftc --version

ExecuteExternalTool /Applications/Xcode.app/Contents/Developer/Toolchains/XcodeDefault.xctoolchain/usr/bin/clang -v -E -dM -arch arm64 -isysroot /Applications/Xcode.app/Contents/Developer/Platforms/MacOSX.platform/Developer/SDKs/MacOSX26.2.sdk -x c -c /dev/null

ExecuteExternalTool /Applications/Xcode.app/Contents/Developer/Toolchains/XcodeDefault.xctoolchain/usr/bin/ld -version_details

Build description signature: 51d3e6e5fedbfd7548215d0350d5e9da
Build description path: /Users/trevor/Library/Developer/Xcode/DerivedData/MadobeMac-csvzfexpyjneqtcweeeiufkjmoyj/Build/Intermediates.noindex/XCBuildData/51d3e6e5fedbfd7548215d0350d5e9da.xcbuilddata
ClangStatCache /Applications/Xcode.app/Contents/Developer/Toolchains/XcodeDefault.xctoolchain/usr/bin/clang-stat-cache /Applications/Xcode.app/Contents/Developer/Platforms/MacOSX.platform/Developer/SDKs/MacOSX26.2.sdk /Users/trevor/Library/Developer/Xcode/DerivedData/SDKStatCaches.noindex/macosx26.2-25C57-dc75598d0054f22ec865fa860f139d7200fa09913b459cbbc988d1f6730289ae.sdkstatcache
    cd /Users/trevor/Documents/GitHub/madobe/.qd/worktrees/m0-mac-bootstrap-verify/apple/MadobeMac.xcodeproj
    /Applications/Xcode.app/Contents/Developer/Toolchains/XcodeDefault.xctoolchain/usr/bin/clang-stat-cache /Applications/Xcode.app/Contents/Developer/Platforms/MacOSX.platform/Developer/SDKs/MacOSX26.2.sdk -o /Users/trevor/Library/Developer/Xcode/DerivedData/SDKStatCaches.noindex/macosx26.2-25C57-dc75598d0054f22ec865fa860f139d7200fa09913b459cbbc988d1f6730289ae.sdkstatcache

ProcessInfoPlistFile /Users/trevor/Library/Developer/Xcode/DerivedData/MadobeMac-csvzfexpyjneqtcweeeiufkjmoyj/Build/Products/Debug/MadobeClientCore.framework/Versions/A/Resources/Info.plist /Users/trevor/Documents/GitHub/madobe/.qd/worktrees/m0-mac-bootstrap-verify/apple/Derived/InfoPlists/MadobeClientCore-Info.plist (in target 'MadobeClientCore' from project 'MadobeMac')
    cd /Users/trevor/Documents/GitHub/madobe/.qd/worktrees/m0-mac-bootstrap-verify/apple
    builtin-infoPlistUtility /Users/trevor/Documents/GitHub/madobe/.qd/worktrees/m0-mac-bootstrap-verify/apple/Derived/InfoPlists/MadobeClientCore-Info.plist -producttype com.apple.product-type.framework -expandbuildsettings -platform macosx -o /Users/trevor/Library/Developer/Xcode/DerivedData/MadobeMac-csvzfexpyjneqtcweeeiufkjmoyj/Build/Products/Debug/MadobeClientCore.framework/Versions/A/Resources/Info.plist

ProcessProductPackaging "" /Users/trevor/Library/Developer/Xcode/DerivedData/MadobeMac-csvzfexpyjneqtcweeeiufkjmoyj/Build/Intermediates.noindex/MadobeMac.build/Debug/MadobeMac.build/MadobeMac.app.xcent (in target 'MadobeMac' from project 'MadobeMac')
    cd /Users/trevor/Documents/GitHub/madobe/.qd/worktrees/m0-mac-bootstrap-verify/apple
    
    Entitlements:
    
    {
    "com.apple.security.get-task-allow" = 1;
}
    
    builtin-productPackagingUtility -entitlements -format xml -o /Users/trevor/Library/Developer/Xcode/DerivedData/MadobeMac-csvzfexpyjneqtcweeeiufkjmoyj/Build/Intermediates.noindex/MadobeMac.build/Debug/MadobeMac.build/MadobeMac.app.xcent

ProcessProductPackagingDER /Users/trevor/Library/Developer/Xcode/DerivedData/MadobeMac-csvzfexpyjneqtcweeeiufkjmoyj/Build/Intermediates.noindex/MadobeMac.build/Debug/MadobeMac.build/MadobeMac.app.xcent /Users/trevor/Library/Developer/Xcode/DerivedData/MadobeMac-csvzfexpyjneqtcweeeiufkjmoyj/Build/Intermediates.noindex/MadobeMac.build/Debug/MadobeMac.build/MadobeMac.app.xcent.der (in target 'MadobeMac' from project 'MadobeMac')
    cd /Users/trevor/Documents/GitHub/madobe/.qd/worktrees/m0-mac-bootstrap-verify/apple
    /usr/bin/derq query -f xml -i /Users/trevor/Library/Developer/Xcode/DerivedData/MadobeMac-csvzfexpyjneqtcweeeiufkjmoyj/Build/Intermediates.noindex/MadobeMac.build/Debug/MadobeMac.build/MadobeMac.app.xcent -o /Users/trevor/Library/Developer/Xcode/DerivedData/MadobeMac-csvzfexpyjneqtcweeeiufkjmoyj/Build/Intermediates.noindex/MadobeMac.build/Debug/MadobeMac.build/MadobeMac.app.xcent.der --raw

Copy /Users/trevor/Library/Developer/Xcode/DerivedData/MadobeMac-csvzfexpyjneqtcweeeiufkjmoyj/Build/Products/Debug/MadobeMac.app/Contents/Frameworks/MadobeClientCore.framework /Users/trevor/Library/Developer/Xcode/DerivedData/MadobeMac-csvzfexpyjneqtcweeeiufkjmoyj/Build/Products/Debug/MadobeClientCore.framework (in target 'MadobeMac' from project 'MadobeMac')
    cd /Users/trevor/Documents/GitHub/madobe/.qd/worktrees/m0-mac-bootstrap-verify/apple
    builtin-copy -exclude .DS_Store -exclude CVS -exclude .svn -exclude .git -exclude .hg -exclude Headers -exclude PrivateHeaders -exclude Modules -exclude \*.tbd -resolve-src-symlinks -remove-static-executable /Users/trevor/Library/Developer/Xcode/DerivedData/MadobeMac-csvzfexpyjneqtcweeeiufkjmoyj/Build/Products/Debug/MadobeClientCore.framework /Users/trevor/Library/Developer/Xcode/DerivedData/MadobeMac-csvzfexpyjneqtcweeeiufkjmoyj/Build/Products/Debug/MadobeMac.app/Contents/Frameworks

CodeSign /Users/trevor/Library/Developer/Xcode/DerivedData/MadobeMac-csvzfexpyjneqtcweeeiufkjmoyj/Build/Products/Debug/MadobeMac.app/Contents/Frameworks/MadobeClientCore.framework/Versions/A (in target 'MadobeMac' from project 'MadobeMac')
    cd /Users/trevor/Documents/GitHub/madobe/.qd/worktrees/m0-mac-bootstrap-verify/apple
    
    Signing Identity:     "Sign to Run Locally"
    
    /usr/bin/codesign --force --sign - --timestamp\=none --preserve-metadata\=identifier,entitlements,flags --generate-entitlement-der /Users/trevor/Library/Developer/Xcode/DerivedData/MadobeMac-csvzfexpyjneqtcweeeiufkjmoyj/Build/Products/Debug/MadobeMac.app/Contents/Frameworks/MadobeClientCore.framework/Versions/A
/Users/trevor/Library/Developer/Xcode/DerivedData/MadobeMac-csvzfexpyjneqtcweeeiufkjmoyj/Build/Products/Debug/MadobeMac.app/Contents/Frameworks/MadobeClientCore.framework/Versions/A: replacing existing signature

ProcessInfoPlistFile /Users/trevor/Library/Developer/Xcode/DerivedData/MadobeMac-csvzfexpyjneqtcweeeiufkjmoyj/Build/Products/Debug/MadobeClientCoreTests.xctest/Contents/Info.plist /Users/trevor/Documents/GitHub/madobe/.qd/worktrees/m0-mac-bootstrap-verify/apple/Derived/InfoPlists/MadobeClientCoreTests-Info.plist (in target 'MadobeClientCoreTests' from project 'MadobeMac')
    cd /Users/trevor/Documents/GitHub/madobe/.qd/worktrees/m0-mac-bootstrap-verify/apple
    builtin-infoPlistUtility /Users/trevor/Documents/GitHub/madobe/.qd/worktrees/m0-mac-bootstrap-verify/apple/Derived/InfoPlists/MadobeClientCoreTests-Info.plist -producttype com.apple.product-type.bundle.unit-test -expandbuildsettings -platform macosx -o /Users/trevor/Library/Developer/Xcode/DerivedData/MadobeMac-csvzfexpyjneqtcweeeiufkjmoyj/Build/Products/Debug/MadobeClientCoreTests.xctest/Contents/Info.plist

CopySwiftLibs /Users/trevor/Library/Developer/Xcode/DerivedData/MadobeMac-csvzfexpyjneqtcweeeiufkjmoyj/Build/Products/Debug/MadobeClientCoreTests.xctest (in target 'MadobeClientCoreTests' from project 'MadobeMac')
    cd /Users/trevor/Documents/GitHub/madobe/.qd/worktrees/m0-mac-bootstrap-verify/apple
    builtin-swiftStdLibTool --copy --verbose --sign - --scan-executable /Users/trevor/Library/Developer/Xcode/DerivedData/MadobeMac-csvzfexpyjneqtcweeeiufkjmoyj/Build/Products/Debug/MadobeClientCoreTests.xctest/Contents/MacOS/MadobeClientCoreTests --scan-folder /Users/trevor/Library/Developer/Xcode/DerivedData/MadobeMac-csvzfexpyjneqtcweeeiufkjmoyj/Build/Products/Debug/MadobeClientCoreTests.xctest/Contents/Frameworks --scan-folder /Users/trevor/Library/Developer/Xcode/DerivedData/MadobeMac-csvzfexpyjneqtcweeeiufkjmoyj/Build/Products/Debug/MadobeClientCoreTests.xctest/Contents/PlugIns --scan-folder /Users/trevor/Library/Developer/Xcode/DerivedData/MadobeMac-csvzfexpyjneqtcweeeiufkjmoyj/Build/Products/Debug/MadobeClientCoreTests.xctest/Contents/Library/SystemExtensions --scan-folder /Users/trevor/Library/Developer/Xcode/DerivedData/MadobeMac-csvzfexpyjneqtcweeeiufkjmoyj/Build/Products/Debug/MadobeClientCoreTests.xctest/Contents/Extensions --scan-folder /Users/trevor/Library/Developer/Xcode/DerivedData/MadobeMac-csvzfexpyjneqtcweeeiufkjmoyj/Build/Products/Debug/MadobeClientCore.framework --platform macosx --toolchain /var/run/com.apple.security.cryptexd/mnt/com.apple.MobileAsset.MetalToolchain-v17.3.7003.10.Cjeo5U/Metal.xctoolchain --toolchain /Applications/Xcode.app/Contents/Developer/Toolchains/XcodeDefault.xctoolchain --destination /Users/trevor/Library/Developer/Xcode/DerivedData/MadobeMac-csvzfexpyjneqtcweeeiufkjmoyj/Build/Products/Debug/MadobeClientCoreTests.xctest/Contents/Frameworks --strip-bitcode --scan-executable /Applications/Xcode.app/Contents/Developer/Platforms/MacOSX.platform/Developer/usr/lib/libXCTestSwiftSupport.dylib --strip-bitcode-tool /Applications/Xcode.app/Contents/Developer/Toolchains/XcodeDefault.xctoolchain/usr/bin/bitcode_strip --emit-dependency-info /Users/trevor/Library/Developer/Xcode/DerivedData/MadobeMac-csvzfexpyjneqtcweeeiufkjmoyj/Build/Intermediates.noindex/MadobeMac.build/Debug/MadobeClientCoreTests.build/SwiftStdLibToolInputDependencies.dep --filter-for-swift-os --back-deploy-swift-span

CopySwiftLibs /Users/trevor/Library/Developer/Xcode/DerivedData/MadobeMac-csvzfexpyjneqtcweeeiufkjmoyj/Build/Products/Debug/MadobeMac.app (in target 'MadobeMac' from project 'MadobeMac')
    cd /Users/trevor/Documents/GitHub/madobe/.qd/worktrees/m0-mac-bootstrap-verify/apple
    builtin-swiftStdLibTool --copy --verbose --sign - --scan-executable /Users/trevor/Library/Developer/Xcode/DerivedData/MadobeMac-csvzfexpyjneqtcweeeiufkjmoyj/Build/Products/Debug/MadobeMac.app/Contents/MacOS/MadobeMac.debug.dylib --scan-folder /Users/trevor/Library/Developer/Xcode/DerivedData/MadobeMac-csvzfexpyjneqtcweeeiufkjmoyj/Build/Products/Debug/MadobeMac.app/Contents/Frameworks --scan-folder /Users/trevor/Library/Developer/Xcode/DerivedData/MadobeMac-csvzfexpyjneqtcweeeiufkjmoyj/Build/Products/Debug/MadobeMac.app/Contents/PlugIns --scan-folder /Users/trevor/Library/Developer/Xcode/DerivedData/MadobeMac-csvzfexpyjneqtcweeeiufkjmoyj/Build/Products/Debug/MadobeMac.app/Contents/Library/SystemExtensions --scan-folder /Users/trevor/Library/Developer/Xcode/DerivedData/MadobeMac-csvzfexpyjneqtcweeeiufkjmoyj/Build/Products/Debug/MadobeMac.app/Contents/Extensions --scan-folder /Users/trevor/Library/Developer/Xcode/DerivedData/MadobeMac-csvzfexpyjneqtcweeeiufkjmoyj/Build/Products/Debug/MadobeClientCore.framework --platform macosx --toolchain /var/run/com.apple.security.cryptexd/mnt/com.apple.MobileAsset.MetalToolchain-v17.3.7003.10.Cjeo5U/Metal.xctoolchain --toolchain /Applications/Xcode.app/Contents/Developer/Toolchains/XcodeDefault.xctoolchain --destination /Users/trevor/Library/Developer/Xcode/DerivedData/MadobeMac-csvzfexpyjneqtcweeeiufkjmoyj/Build/Products/Debug/MadobeMac.app/Contents/Frameworks --strip-bitcode --strip-bitcode-tool /Applications/Xcode.app/Contents/Developer/Toolchains/XcodeDefault.xctoolchain/usr/bin/bitcode_strip --emit-dependency-info /Users/trevor/Library/Developer/Xcode/DerivedData/MadobeMac-csvzfexpyjneqtcweeeiufkjmoyj/Build/Intermediates.noindex/MadobeMac.build/Debug/MadobeMac.build/SwiftStdLibToolInputDependencies.dep --filter-for-swift-os --back-deploy-swift-span

ProcessInfoPlistFile /Users/trevor/Library/Developer/Xcode/DerivedData/MadobeMac-csvzfexpyjneqtcweeeiufkjmoyj/Build/Products/Debug/MadobeMac.app/Contents/Info.plist /Users/trevor/Documents/GitHub/madobe/.qd/worktrees/m0-mac-bootstrap-verify/apple/Derived/InfoPlists/MadobeMac-Info.plist (in target 'MadobeMac' from project 'MadobeMac')
    cd /Users/trevor/Documents/GitHub/madobe/.qd/worktrees/m0-mac-bootstrap-verify/apple
    builtin-infoPlistUtility /Users/trevor/Documents/GitHub/madobe/.qd/worktrees/m0-mac-bootstrap-verify/apple/Derived/InfoPlists/MadobeMac-Info.plist -producttype com.apple.product-type.application -genpkginfo /Users/trevor/Library/Developer/Xcode/DerivedData/MadobeMac-csvzfexpyjneqtcweeeiufkjmoyj/Build/Products/Debug/MadobeMac.app/Contents/PkgInfo -expandbuildsettings -platform macosx -scanforprivacyfile /Users/trevor/Library/Developer/Xcode/DerivedData/MadobeMac-csvzfexpyjneqtcweeeiufkjmoyj/Build/Products/Debug/MadobeMac.app/Contents/Frameworks/MadobeClientCore.framework -o /Users/trevor/Library/Developer/Xcode/DerivedData/MadobeMac-csvzfexpyjneqtcweeeiufkjmoyj/Build/Products/Debug/MadobeMac.app/Contents/Info.plist

CodeSign /Users/trevor/Library/Developer/Xcode/DerivedData/MadobeMac-csvzfexpyjneqtcweeeiufkjmoyj/Build/Products/Debug/MadobeMac.app/Contents/MacOS/MadobeMac.debug.dylib (in target 'MadobeMac' from project 'MadobeMac')
    cd /Users/trevor/Documents/GitHub/madobe/.qd/worktrees/m0-mac-bootstrap-verify/apple
    
    Signing Identity:     "Sign to Run Locally"
    
    /usr/bin/codesign --force --sign - --timestamp\=none --generate-entitlement-der /Users/trevor/Library/Developer/Xcode/DerivedData/MadobeMac-csvzfexpyjneqtcweeeiufkjmoyj/Build/Products/Debug/MadobeMac.app/Contents/MacOS/MadobeMac.debug.dylib
/Users/trevor/Library/Developer/Xcode/DerivedData/MadobeMac-csvzfexpyjneqtcweeeiufkjmoyj/Build/Products/Debug/MadobeMac.app/Contents/MacOS/MadobeMac.debug.dylib: replacing existing signature

CodeSign /Users/trevor/Library/Developer/Xcode/DerivedData/MadobeMac-csvzfexpyjneqtcweeeiufkjmoyj/Build/Products/Debug/MadobeMac.app/Contents/MacOS/__preview.dylib (in target 'MadobeMac' from project 'MadobeMac')
    cd /Users/trevor/Documents/GitHub/madobe/.qd/worktrees/m0-mac-bootstrap-verify/apple
    
    Signing Identity:     "Sign to Run Locally"
    
    /usr/bin/codesign --force --sign - --timestamp\=none --generate-entitlement-der /Users/trevor/Library/Developer/Xcode/DerivedData/MadobeMac-csvzfexpyjneqtcweeeiufkjmoyj/Build/Products/Debug/MadobeMac.app/Contents/MacOS/__preview.dylib
/Users/trevor/Library/Developer/Xcode/DerivedData/MadobeMac-csvzfexpyjneqtcweeeiufkjmoyj/Build/Products/Debug/MadobeMac.app/Contents/MacOS/__preview.dylib: replacing existing signature

CodeSign /Users/trevor/Library/Developer/Xcode/DerivedData/MadobeMac-csvzfexpyjneqtcweeeiufkjmoyj/Build/Products/Debug/MadobeMac.app (in target 'MadobeMac' from project 'MadobeMac')
    cd /Users/trevor/Documents/GitHub/madobe/.qd/worktrees/m0-mac-bootstrap-verify/apple
    
    Signing Identity:     "Sign to Run Locally"
    
    /usr/bin/codesign --force --sign - --entitlements /Users/trevor/Library/Developer/Xcode/DerivedData/MadobeMac-csvzfexpyjneqtcweeeiufkjmoyj/Build/Intermediates.noindex/MadobeMac.build/Debug/MadobeMac.build/MadobeMac.app.xcent --timestamp\=none --generate-entitlement-der /Users/trevor/Library/Developer/Xcode/DerivedData/MadobeMac-csvzfexpyjneqtcweeeiufkjmoyj/Build/Products/Debug/MadobeMac.app
/Users/trevor/Library/Developer/Xcode/DerivedData/MadobeMac-csvzfexpyjneqtcweeeiufkjmoyj/Build/Products/Debug/MadobeMac.app: replacing existing signature

Validate /Users/trevor/Library/Developer/Xcode/DerivedData/MadobeMac-csvzfexpyjneqtcweeeiufkjmoyj/Build/Products/Debug/MadobeMac.app (in target 'MadobeMac' from project 'MadobeMac')
    cd /Users/trevor/Documents/GitHub/madobe/.qd/worktrees/m0-mac-bootstrap-verify/apple
    builtin-validationUtility /Users/trevor/Library/Developer/Xcode/DerivedData/MadobeMac-csvzfexpyjneqtcweeeiufkjmoyj/Build/Products/Debug/MadobeMac.app -no-validate-extension -infoplist-subpath Contents/Info.plist

RegisterWithLaunchServices /Users/trevor/Library/Developer/Xcode/DerivedData/MadobeMac-csvzfexpyjneqtcweeeiufkjmoyj/Build/Products/Debug/MadobeMac.app (in target 'MadobeMac' from project 'MadobeMac')
    cd /Users/trevor/Documents/GitHub/madobe/.qd/worktrees/m0-mac-bootstrap-verify/apple
    /System/Library/Frameworks/CoreServices.framework/Versions/Current/Frameworks/LaunchServices.framework/Versions/Current/Support/lsregister -f -R -trusted /Users/trevor/Library/Developer/Xcode/DerivedData/MadobeMac-csvzfexpyjneqtcweeeiufkjmoyj/Build/Products/Debug/MadobeMac.app

Test Suite 'All tests' started at 2026-07-03 10:27:24.603.
Test Suite 'MadobeClientCoreTests.xctest' started at 2026-07-03 10:27:24.603.
Test Suite 'MadobeClientCoreTests' started at 2026-07-03 10:27:24.603.
Test Case '-[MadobeClientCoreTests.MadobeClientCoreTests testIdentityMatchesRustBootstrapProof]' started.
Test Case '-[MadobeClientCoreTests.MadobeClientCoreTests testIdentityMatchesRustBootstrapProof]' passed (0.001 seconds).
Test Suite 'MadobeClientCoreTests' passed at 2026-07-03 10:27:24.604.
	 Executed 1 test, with 0 failures (0 unexpected) in 0.001 (0.001) seconds
Test Suite 'MadobeClientCoreTests.xctest' passed at 2026-07-03 10:27:24.604.
	 Executed 1 test, with 0 failures (0 unexpected) in 0.001 (0.001) seconds
Test Suite 'All tests' passed at 2026-07-03 10:27:24.604.
	 Executed 1 test, with 0 failures (0 unexpected) in 0.001 (0.001) seconds
2026-07-03 10:27:24.880 xcodebuild[83007:447182368] [MT] IDETestOperationsObserverDebug: 0.579 elapsed -- Testing started completed.
2026-07-03 10:27:24.880 xcodebuild[83007:447182368] [MT] IDETestOperationsObserverDebug: 0.000 sec, +0.000 sec -- start
2026-07-03 10:27:24.880 xcodebuild[83007:447182368] [MT] IDETestOperationsObserverDebug: 0.579 sec, +0.579 sec -- end

Test session results, code coverage, and logs:
	/Users/trevor/Library/Developer/Xcode/DerivedData/MadobeMac-csvzfexpyjneqtcweeeiufkjmoyj/Logs/Test/Test-MadobeMac-2026.07.03_10-27-23--0500.xcresult

** TEST SUCCEEDED **

Testing started
